#
# There is insufficient memory for the Java Runtime Environment to continue.
# Native memory allocation (malloc) failed to allocate 776976 bytes for Chunk::new
# Possible reasons:
#   The system is out of physical RAM or swap space
#   In 32 bit mode, the process size limit was hit
# Possible solutions:
#   Reduce memory load on the system
#   Increase physical memory or swap space
#   Check if swap backing store is full
#   Use 64 bit Java on a 64 bit OS
#   Decrease Java heap size (-Xmx/-Xms)
#   Decrease number of Java threads
#   Decrease Java thread stack sizes (-Xss)
#   Set larger code cache with -XX:ReservedCodeCacheSize=
# This output file may be truncated or incomplete.
#
#  Out of Memory Error (allocation.cpp:390), pid=3368, tid=0x0000000000001b18
#
# JRE version: OpenJDK Runtime Environment (8.0_76-b03) (build 1.8.0_76-release-b03)
# Java VM: OpenJDK 64-Bit Server VM (25.76-b03 mixed mode windows-amd64 compressed oops)
# Failed to write core dump. Minidumps are not enabled by default on client versions of Windows
#

---------------  T H R E A D  ---------------

Current thread (0x0000000015709800):  JavaThread "C2 CompilerThread0" daemon [_thread_in_native, id=6936, stack(0x0000000016c20000,0x0000000016d20000)]

Stack: [0x0000000016c20000,0x0000000016d20000]
[error occurred during error reporting (printing stack bounds), id 0xc0000005]

Native frames: (J=compiled Java code, j=interpreted, Vv=VM code, C=native code)


Current CompileTask:
C2:   3817 1544       4       java.net.URLClassLoader$1::run (5 bytes)


---------------  P R O C E S S  ---------------

Java Threads: ( => current thread )
  0x0000000017fc4800 JavaThread "Stdin handler" [_thread_blocked, id=6200, stack(0x0000000019bb0000,0x0000000019cb0000)]
  0x0000000017fbc800 JavaThread "Asynchronous log dispatcher for org.gradle.launcher.daemon.server.DefaultDaemonConnection@49f4c3f3" [_thread_blocked, id=1460, stack(0x0000000019ab0000,0x0000000019bb0000)]
  0x0000000017fba000 JavaThread "Daemon worker" [_thread_in_vm, id=3436, stack(0x00000000197b0000,0x00000000198b0000)]
  0x0000000017fb5000 JavaThread "Cancel handler" [_thread_blocked, id=6452, stack(0x00000000196b0000,0x00000000197b0000)]
  0x00000000185f2800 JavaThread "Handler for socket connection from /127.0.0.1:61091 to /127.0.0.1:61092" [_thread_in_native, id=5712, stack(0x00000000195b0000,0x00000000196b0000)]
  0x0000000018604800 JavaThread "Daemon" [_thread_blocked, id=6732, stack(0x00000000194b0000,0x00000000195b0000)]
  0x000000001862f800 JavaThread "pool-1-thread-1" [_thread_blocked, id=4012, stack(0x00000000193b0000,0x00000000194b0000)]
  0x0000000018693000 JavaThread "Incoming local TCP Connector on port 61091" [_thread_in_native, id=5824, stack(0x0000000018dd0000,0x0000000018ed0000)]
  0x0000000016da1800 JavaThread "Service Thread" daemon [_thread_blocked, id=3716, stack(0x0000000017320000,0x0000000017420000)]
  0x0000000016d2c800 JavaThread "C1 CompilerThread2" daemon [_thread_blocked, id=5820, stack(0x0000000017220000,0x0000000017320000)]
  0x000000001570b800 JavaThread "C2 CompilerThread1" daemon [_thread_blocked, id=4140, stack(0x0000000017120000,0x0000000017220000)]
=>0x0000000015709800 JavaThread "C2 CompilerThread0" daemon [_thread_in_native, id=6936, stack(0x0000000016c20000,0x0000000016d20000)]
  0x0000000015708800 JavaThread "Attach Listener" daemon [_thread_blocked, id=6584, stack(0x0000000016b20000,0x0000000016c20000)]
  0x00000000156bc800 JavaThread "Signal Dispatcher" daemon [_thread_blocked, id=5908, stack(0x0000000016a20000,0x0000000016b20000)]
  0x0000000015698800 JavaThread "Finalizer" daemon [_thread_blocked, id=5168, stack(0x0000000016920000,0x0000000016a20000)]
  0x0000000002fd3000 JavaThread "Reference Handler" daemon [_thread_blocked, id=6196, stack(0x0000000016820000,0x0000000016920000)]
  0x0000000002ede000 JavaThread "main" [_thread_blocked, id=1344, stack(0x0000000002d10000,0x0000000002e10000)]

Other Threads:
  0x0000000015676000 VMThread [stack: 0x0000000016720000,0x0000000016820000] [id=6756]
  0x0000000016da2800 WatcherThread [stack: 0x0000000017420000,0x0000000017520000] [id=6276]

VM state:not at safepoint (normal execution)

VM Mutex/Monitor currently owned by a thread: None

Heap:
 PSYoungGen      total 35328K, used 22785K [0x00000000eab00000, 0x00000000ef000000, 0x0000000100000000)
  eden space 32768K, 61% used [0x00000000eab00000,0x00000000ebec2598,0x00000000ecb00000)
  from space 2560K, 99% used [0x00000000ecb00000,0x00000000ecd7e050,0x00000000ecd80000)
  to   space 2560K, 0% used [0x00000000eed80000,0x00000000eed80000,0x00000000ef000000)
 ParOldGen       total 44032K, used 4704K [0x00000000c0000000, 0x00000000c2b00000, 0x00000000eab00000)
  object space 44032K, 10% used [0x00000000c0000000,0x00000000c0498000,0x00000000c2b00000)
 Metaspace       used 17239K, capacity 17550K, committed 17792K, reserved 1064960K
  class space    used 2252K, capacity 2367K, committed 2432K, reserved 1048576K

Card table byte_map: [0x00000000123a0000,0x00000000125b0000] byte_map_base: 0x0000000011da0000

Marking Bits: (ParMarkBitMap*) 0x0000000069e99d00
 Begin Bits: [0x0000000012b10000, 0x0000000013b10000)
 End Bits:   [0x0000000013b10000, 0x0000000014b10000)

Polling page: 0x00000000029d0000

CodeCache: size=245760Kb used=5220Kb max_used=5232Kb free=240539Kb
 bounds [0x0000000002fe0000, 0x0000000003500000, 0x0000000011fe0000]
 total_blobs=1927 nmethods=1550 adapters=290
 compilation: enabled

Compilation events (10 events):
Event: 3.776 Thread 0x0000000016d2c800 1547       3       org.gradle.internal.service.DefaultServiceRegistry$SingletonService::isFactory (128 bytes)
Event: 3.777 Thread 0x0000000016d2c800 nmethod 1547 0x00000000034f2410 code [0x00000000034f26a0, 0x00000000034f3a18]
Event: 3.777 Thread 0x0000000016d2c800 1548       3       org.gradle.internal.service.DefaultServiceRegistry$SingletonService::getFactory (20 bytes)
Event: 3.778 Thread 0x0000000016d2c800 nmethod 1548 0x00000000034f1e10 code [0x00000000034f1fa0, 0x00000000034f22f8]
Event: 3.790 Thread 0x0000000016d2c800 1549       3       org.gradle.internal.service.DefaultServiceRegistry$OwnServices::getService (274 bytes)
Event: 3.793 Thread 0x0000000016d2c800 nmethod 1549 0x00000000034f9050 code [0x00000000034f94a0, 0x00000000034fbcb8]
Event: 3.793 Thread 0x0000000016d2c800 1550       3       org.gradle.internal.service.DefaultServiceRegistry$ClassSpec::hashCode (8 bytes)
Event: 3.794 Thread 0x0000000016d2c800 nmethod 1550 0x00000000034ef710 code [0x00000000034ef880, 0x00000000034efa88]
Event: 3.801 Thread 0x000000001570b800 1551       4       java.util.regex.Pattern$Node::match (27 bytes)
Event: 3.801 Thread 0x000000001570b800 nmethod 1551 0x00000000034f1b50 code [0x00000000034f1c80, 0x00000000034f1d38]

GC Heap History (6 events):
Event: 0.793 GC heap before
{Heap before GC invocations=1 (full 0):
 PSYoungGen      total 18944K, used 16384K [0x00000000eab00000, 0x00000000ec000000, 0x0000000100000000)
  eden space 16384K, 100% used [0x00000000eab00000,0x00000000ebb00000,0x00000000ebb00000)
  from space 2560K, 0% used [0x00000000ebd80000,0x00000000ebd80000,0x00000000ec000000)
  to   space 2560K, 0% used [0x00000000ebb00000,0x00000000ebb00000,0x00000000ebd80000)
 ParOldGen       total 44032K, used 0K [0x00000000c0000000, 0x00000000c2b00000, 0x00000000eab00000)
  object space 44032K, 0% used [0x00000000c0000000,0x00000000c0000000,0x00000000c2b00000)
 Metaspace       used 5989K, capacity 6274K, committed 6528K, reserved 1056768K
  class space    used 746K, capacity 794K, committed 896K, reserved 1048576K
Event: 0.801 GC heap after
Heap after GC invocations=1 (full 0):
 PSYoungGen      total 18944K, used 2548K [0x00000000eab00000, 0x00000000ed000000, 0x0000000100000000)
  eden space 16384K, 0% used [0x00000000eab00000,0x00000000eab00000,0x00000000ebb00000)
  from space 2560K, 99% used [0x00000000ebb00000,0x00000000ebd7d060,0x00000000ebd80000)
  to   space 2560K, 0% used [0x00000000ecd80000,0x00000000ecd80000,0x00000000ed000000)
 ParOldGen       total 44032K, used 863K [0x00000000c0000000, 0x00000000c2b00000, 0x00000000eab00000)
  object space 44032K, 1% used [0x00000000c0000000,0x00000000c00d7f90,0x00000000c2b00000)
 Metaspace       used 5989K, capacity 6274K, committed 6528K, reserved 1056768K
  class space    used 746K, capacity 794K, committed 896K, reserved 1048576K
}
Event: 1.739 GC heap before
{Heap before GC invocations=2 (full 0):
 PSYoungGen      total 18944K, used 18932K [0x00000000eab00000, 0x00000000ed000000, 0x0000000100000000)
  eden space 16384K, 100% used [0x00000000eab00000,0x00000000ebb00000,0x00000000ebb00000)
  from space 2560K, 99% used [0x00000000ebb00000,0x00000000ebd7d060,0x00000000ebd80000)
  to   space 2560K, 0% used [0x00000000ecd80000,0x00000000ecd80000,0x00000000ed000000)
 ParOldGen       total 44032K, used 863K [0x00000000c0000000, 0x00000000c2b00000, 0x00000000eab00000)
  object space 44032K, 1% used [0x00000000c0000000,0x00000000c00d7f90,0x00000000c2b00000)
 Metaspace       used 6271K, capacity 6466K, committed 6528K, reserved 1056768K
  class space    used 788K, capacity 834K, committed 896K, reserved 1048576K
Event: 1.751 GC heap after
Heap after GC invocations=2 (full 0):
 PSYoungGen      total 35328K, used 2372K [0x00000000eab00000, 0x00000000ed000000, 0x0000000100000000)
  eden space 32768K, 0% used [0x00000000eab00000,0x00000000eab00000,0x00000000ecb00000)
  from space 2560K, 92% used [0x00000000ecd80000,0x00000000ecfd12d0,0x00000000ed000000)
  to   space 2560K, 0% used [0x00000000ecb00000,0x00000000ecb00000,0x00000000ecd80000)
 ParOldGen       total 44032K, used 871K [0x00000000c0000000, 0x00000000c2b00000, 0x00000000eab00000)
  object space 44032K, 1% used [0x00000000c0000000,0x00000000c00d9f90,0x00000000c2b00000)
 Metaspace       used 6271K, capacity 6466K, committed 6528K, reserved 1056768K
  class space    used 788K, capacity 834K, committed 896K, reserved 1048576K
}
Event: 3.422 GC heap before
{Heap before GC invocations=3 (full 0):
 PSYoungGen      total 35328K, used 35140K [0x00000000eab00000, 0x00000000ed000000, 0x0000000100000000)
  eden space 32768K, 100% used [0x00000000eab00000,0x00000000ecb00000,0x00000000ecb00000)
  from space 2560K, 92% used [0x00000000ecd80000,0x00000000ecfd12d0,0x00000000ed000000)
  to   space 2560K, 0% used [0x00000000ecb00000,0x00000000ecb00000,0x00000000ecd80000)
 ParOldGen       total 44032K, used 871K [0x00000000c0000000, 0x00000000c2b00000, 0x00000000eab00000)
  object space 44032K, 1% used [0x00000000c0000000,0x00000000c00d9f90,0x00000000c2b00000)
 Metaspace       used 12774K, capacity 13166K, committed 13440K, reserved 1060864K
  class space    used 1688K, capacity 1823K, committed 1920K, reserved 1048576K
Event: 3.437 GC heap after
Heap after GC invocations=3 (full 0):
 PSYoungGen      total 35328K, used 2552K [0x00000000eab00000, 0x00000000ef000000, 0x0000000100000000)
  eden space 32768K, 0% used [0x00000000eab00000,0x00000000eab00000,0x00000000ecb00000)
  from space 2560K, 99% used [0x00000000ecb00000,0x00000000ecd7e050,0x00000000ecd80000)
  to   space 2560K, 0% used [0x00000000eed80000,0x00000000eed80000,0x00000000ef000000)
 ParOldGen       total 44032K, used 4704K [0x00000000c0000000, 0x00000000c2b00000, 0x00000000eab00000)
  object space 44032K, 10% used [0x00000000c0000000,0x00000000c0498000,0x00000000c2b00000)
 Metaspace       used 12774K, capacity 13166K, committed 13440K, reserved 1060864K
  class space    used 1688K, capacity 1823K, committed 1920K, reserved 1048576K
}

Deoptimization events (10 events):
Event: 1.838 Thread 0x0000000002ede000 Uncommon trap: reason=class_check action=maybe_recompile pc=0x000000000323471c method=java.util.regex.Matcher.match(II)Z @ 86
Event: 1.925 Thread 0x0000000002ede000 Uncommon trap: reason=unstable_if action=reinterpret pc=0x0000000003289788 method=java.util.HashMap.getNode(ILjava/lang/Object;)Ljava/util/HashMap$Node; @ 129
Event: 1.925 Thread 0x0000000002ede000 Uncommon trap: reason=bimorphic action=maybe_recompile pc=0x00000000032d3adc method=java.util.HashMap.putVal(ILjava/lang/Object;Ljava/lang/Object;ZZ)Ljava/lang/Object; @ 203
Event: 2.181 Thread 0x0000000002ede000 Uncommon trap: reason=unstable_if action=reinterpret pc=0x00000000032c2dbc method=java.io.WinNTFileSystem.normalize(Ljava/lang/String;II)Ljava/lang/String; @ 90
Event: 2.918 Thread 0x0000000002ede000 Uncommon trap: reason=unstable_if action=reinterpret pc=0x00000000032e8890 method=java.lang.String.substring(I)Ljava/lang/String; @ 35
Event: 3.217 Thread 0x0000000017fba000 Uncommon trap: reason=bimorphic action=maybe_recompile pc=0x00000000032d3aac method=java.util.HashMap.putVal(ILjava/lang/Object;Ljava/lang/Object;ZZ)Ljava/lang/Object; @ 253
Event: 3.217 Thread 0x0000000017fba000 Uncommon trap: reason=bimorphic action=maybe_recompile pc=0x00000000032d3aac method=java.util.HashMap.putVal(ILjava/lang/Object;Ljava/lang/Object;ZZ)Ljava/lang/Object; @ 253
Event: 3.218 Thread 0x0000000017fba000 Uncommon trap: reason=bimorphic action=maybe_recompile pc=0x00000000032588f0 method=java.util.HashMap.putVal(ILjava/lang/Object;Ljava/lang/Object;ZZ)Ljava/lang/Object; @ 91
Event: 3.801 Thread 0x0000000017fba000 Uncommon trap: reason=class_check action=maybe_recompile pc=0x000000000323471c method=java.util.regex.Matcher.match(II)Z @ 86
Event: 3.801 Thread 0x0000000017fba000 Uncommon trap: reason=class_check action=maybe_recompile pc=0x000000000323471c method=java.util.regex.Matcher.match(II)Z @ 86

Internal exceptions (10 events):
Event: 3.664 Thread 0x0000000017fba000 Exception <a 'java/lang/ClassNotFoundException': groovy/lang/ExpandoMetaClassBeanInfo> (0x00000000eb6c4ad0) thrown at [C:\src\android\AOSP-openjdk\external\jetbrains\jdk\hotspot\src\share\vm\classfile\systemDictionary.cpp, line 210]
Event: 3.665 Thread 0x0000000017fba000 Exception <a 'java/lang/ClassNotFoundException': groovy/lang/MetaClassImplBeanInfo> (0x00000000eb6cf7b8) thrown at [C:\src\android\AOSP-openjdk\external\jetbrains\jdk\hotspot\src\share\vm\classfile\systemDictionary.cpp, line 210]
Event: 3.665 Thread 0x0000000017fba000 Exception <a 'java/lang/ClassNotFoundException': java/lang/ObjectBeanInfo> (0x00000000eb6d4740) thrown at [C:\src\android\AOSP-openjdk\external\jetbrains\jdk\hotspot\src\share\vm\classfile\systemDictionary.cpp, line 210]
Event: 3.665 Thread 0x0000000017fba000 Exception <a 'java/lang/ClassNotFoundException': java/lang/ObjectCustomizer> (0x00000000eb6d9810) thrown at [C:\src\android\AOSP-openjdk\external\jetbrains\jdk\hotspot\src\share\vm\classfile\systemDictionary.cpp, line 210]
Event: 3.670 Thread 0x0000000017fba000 Exception <a 'java/lang/ClassNotFoundException': groovy/lang/MetaClassImplCustomizer> (0x00000000eb6ec1f0) thrown at [C:\src\android\AOSP-openjdk\external\jetbrains\jdk\hotspot\src\share\vm\classfile\systemDictionary.cpp, line 210]
Event: 3.672 Thread 0x0000000017fba000 Exception <a 'java/lang/ClassNotFoundException': groovy/lang/ExpandoMetaClassCustomizer> (0x00000000eb7201a0) thrown at [C:\src\android\AOSP-openjdk\external\jetbrains\jdk\hotspot\src\share\vm\classfile\systemDictionary.cpp, line 210]
Event: 3.683 Thread 0x0000000017fba000 Exception <a 'java/lang/ClassNotFoundException': org/gradle/api/internal/plugins/DefaultExtraPropertiesExtensionBeanInfo> (0x00000000eb79fb28) thrown at [C:\src\android\AOSP-openjdk\external\jetbrains\jdk\hotspot\src\share\vm\classfile\systemDictionary.cppé°ΩWw@
Event: 3.683 Thread 0x0000000017fba000 Exception <a 'java/lang/ClassNotFoundException': groovy/lang/GroovyObjectSupportBeanInfo> (0x00000000eb7ab980) thrown at [C:\src\android\AOSP-openjdk\external\jetbrains\jdk\hotspot\src\share\vm\classfile\systemDictionary.cpp, line 210]
Event: 3.683 Thread 0x0000000017fba000 Exception <a 'java/lang/ClassNotFoundException': groovy/lang/GroovyObjectSupportCustomizer> (0x00000000eb7b7b40) thrown at [C:\src\android\AOSP-openjdk\external\jetbrains\jdk\hotspot\src\share\vm\classfile\systemDictionary.cpp, line 210]
Event: 3.684 Thread 0x0000000017fba000 Exception <a 'java/lang/ClassNotFoundException': org/gradle/api/internal/plugins/DefaultExtraPropertiesExtensionCustomizer> (0x00000000eb7cdf70) thrown at [C:\src\android\AOSP-openjdk\external\jetbrains\jdk\hotspot\src\share\vm\classfile\systemDictionary.cÕZ4πO@

Events (10 events):
Event: 3.801 Thread 0x0000000017fba000 DEOPT PACKING pc=0x000000000323471c sp=0x00000000198ab190
Event: 3.801 Thread 0x0000000017fba000 DEOPT UNPACKING pc=0x000000000302556a sp=0x00000000198ab160 mode 2
Event: 3.801 loading class org/gradle/cache/internal/DefaultCacheRepository$PersistentCacheBuilder
Event: 3.801 loading class org/gradle/cache/internal/DefaultCacheRepository$PersistentCacheBuilder done
Event: 3.801 loading class org/gradle/cache/internal/DefaultCacheRepository$AbstractCacheBuilder
Event: 3.801 loading class org/gradle/cache/internal/DefaultCacheRepository$AbstractCacheBuilder done
Event: 3.802 loading class org/gradle/cache/CacheBuilder$VersionStrategy
Event: 3.802 loading class org/gradle/cache/CacheBuilder$VersionStrategy done
Event: 3.803 loading class org/gradle/cache/internal/DefaultCacheScopeMapping$1
Event: 3.803 loading class org/gradle/cache/internal/DefaultCacheScopeMapping$1 done


Dynamic libraries:
0x00007ff7211f0000 - 0x00007ff721221000 	C:\Program Files\Android\Android Studio\jre\bin\java.exe
0x00007ff81a820000 - 0x00007ff81a9c9000 	C:\Windows\SYSTEM32\ntdll.dll
0x00007ff81a630000 - 0x00007ff81a769000 	C:\Windows\system32\KERNEL32.DLL
0x00007ff817d70000 - 0x00007ff817e7e000 	C:\Windows\system32\KERNELBASE.dll
0x00007ff81a770000 - 0x00007ff81a815000 	C:\Windows\system32\ADVAPI32.dll
0x00007ff818440000 - 0x00007ff8185b1000 	C:\Windows\system32\USER32.dll
0x00007ff815db0000 - 0x00007ff81600a000 	C:\Windows\WinSxS\amd64_microsoft.windows.common-controls_6595b64144ccf1df_6.0.9600.16384_none_62475f7becb72503\COMCTL32.dll
0x00007ff818390000 - 0x00007ff818437000 	C:\Windows\system32\msvcrt.dll
0x00007ff818eb0000 - 0x00007ff818f07000 	C:\Windows\SYSTEM32\sechost.dll
0x00007ff8180b0000 - 0x00007ff8181e6000 	C:\Windows\system32\RPCRT4.dll
0x00007ff818920000 - 0x00007ff818a65000 	C:\Windows\system32\GDI32.dll
0x00007ff818880000 - 0x00007ff8188b4000 	C:\Windows\system32\IMM32.DLL
0x00007ff818f20000 - 0x00007ff819059000 	C:\Windows\system32\MSCTF.dll
0x0000000069600000 - 0x00000000696d2000 	C:\Program Files\Android\Android Studio\jre\jre\bin\msvcr100.dll
0x00000000696e0000 - 0x0000000069f14000 	C:\Program Files\Android\Android Studio\jre\jre\bin\server\jvm.dll
0x00007ff811c00000 - 0x00007ff811c09000 	C:\Windows\SYSTEM32\WSOCK32.dll
0x00007ff814990000 - 0x00007ff8149af000 	C:\Windows\SYSTEM32\WINMM.dll
0x00007ff8149b0000 - 0x00007ff8149ba000 	C:\Windows\SYSTEM32\VERSION.dll
0x00007ff818d20000 - 0x00007ff818d27000 	C:\Windows\system32\PSAPI.DLL
0x00007ff819160000 - 0x00007ff8191b8000 	C:\Windows\system32\WS2_32.dll
0x00007ff814950000 - 0x00007ff81497a000 	C:\Windows\SYSTEM32\WINMMBASE.dll
0x00007ff818d10000 - 0x00007ff818d19000 	C:\Windows\system32\NSI.dll
0x00007ff817e80000 - 0x00007ff817eca000 	C:\Windows\SYSTEM32\cfgmgr32.dll
0x00007ff816a20000 - 0x00007ff816a46000 	C:\Windows\SYSTEM32\DEVOBJ.dll
0x00007ff815870000 - 0x00007ff81587f000 	C:\Program Files\Android\Android Studio\jre\jre\bin\verify.dll
0x00007ff80c570000 - 0x00007ff80c599000 	C:\Program Files\Android\Android Studio\jre\jre\bin\java.dll
0x00007ff80c400000 - 0x00007ff80c416000 	C:\Program Files\Android\Android Studio\jre\jre\bin\zip.dll
0x00007ff8191c0000 - 0x00007ff81a5cd000 	C:\Windows\system32\SHELL32.dll
0x00007ff8186a0000 - 0x00007ff818877000 	C:\Windows\SYSTEM32\combase.dll
0x00007ff81a5d0000 - 0x00007ff81a621000 	C:\Windows\system32\SHLWAPI.dll
0x00007ff8161f0000 - 0x00007ff816291000 	C:\Windows\SYSTEM32\SHCORE.dll
0x00007ff817ba0000 - 0x00007ff817bb4000 	C:\Windows\SYSTEM32\profapi.dll
0x00007ff807860000 - 0x00007ff80787a000 	C:\Program Files\Android\Android Studio\jre\jre\bin\net.dll
0x00007ff8174f0000 - 0x00007ff817548000 	C:\Windows\system32\mswsock.dll
0x00007ff807640000 - 0x00007ff807651000 	C:\Program Files\Android\Android Studio\jre\jre\bin\nio.dll
0x00007ff8074d0000 - 0x00007ff8074e2000 	C:\Users\Administrator\.gradle\native\19\windows-amd64\native-platform.dll
0x00007ff817570000 - 0x00007ff81758e000 	C:\Windows\SYSTEM32\CRYPTSP.dll
0x00007ff817070000 - 0x00007ff8170a5000 	C:\Windows\system32\rsaenh.dll
0x00007ff8176f0000 - 0x00007ff817716000 	C:\Windows\SYSTEM32\bcrypt.dll
0x00007ff817180000 - 0x00007ff81719f000 	C:\Windows\SYSTEM32\USERENV.dll
0x00007ff817a10000 - 0x00007ff817a6e000 	C:\Windows\system32\bcryptprimitives.dll
0x00007ff817a70000 - 0x00007ff817a7a000 	C:\Windows\SYSTEM32\CRYPTBASE.dll
0x00007ff812680000 - 0x00007ff8126a9000 	C:\Windows\SYSTEM32\IPHLPAPI.DLL
0x00007ff812200000 - 0x00007ff81220a000 	C:\Windows\SYSTEM32\WINNSI.DLL
0x00007ff811940000 - 0x00007ff811954000 	C:\Windows\SYSTEM32\dhcpcsvc6.DLL
0x00007ff811920000 - 0x00007ff811939000 	C:\Windows\SYSTEM32\dhcpcsvc.DLL
0x00007ff80c3f0000 - 0x00007ff80c3fd000 	C:\Program Files\Android\Android Studio\jre\jre\bin\management.dll

VM Arguments:
jvm_args: -XX:MaxPermSize=256m -XX:+HeapDumpOnOutOfMemoryError -Xmx1024m -Dfile.encoding=GBK -Duser.country=CN -Duser.language=zh -Duser.variant 
java_command: org.gradle.launcher.daemon.bootstrap.GradleDaemon 2.14.1
java_class_path (initial): C:\Program Files\Android\Android Studio\gradle\gradle-2.14.1\lib\gradle-launcher-2.14.1.jar
Launcher Type: SUN_STANDARD

Environment Variables:
JAVA_HOME=D:\java jdk
PATH=C:\ProgramData\Oracle\Java\javapath;C:\Windows\system32;C:\Windows;C:\Windows\System32\Wbem;C:\Windows\System32\WindowsPowerShell\v1.0\;D:\java jdk\bin
USERNAME=Administrator
OS=Windows_NT
PROCESSOR_IDENTIFIER=Intel64 Family 6 Model 69 Stepping 1, GenuineIntel



---------------  S Y S T E M  ---------------

OS: Windows 8.1 , 64 bit Build 9600 (6.3.9600.16656)

CPU:total 4 (2 cores per cpu, 2 threads per core) family 6 model 69 stepping 1, cmov, cx8, fxsr, mmx, sse, sse2, sse3, ssse3, sse4.1, sse4.2, popcnt, avx, avx2, aes, clmul, erms, lzcnt, ht, tsc, tscinvbit, bmi1, bmi2

Memory: 4k page, physical 4095976k(589432k free), swap 4095976k(5360k free)

vm_info: OpenJDK 64-Bit Server VM (25.76-b03) for windows-amd64 JRE (1.8.0_76-release-b03), built on Jun 29 2016 19:09:20 by "ralucas" with MS VC++ 10.0 (VS2010)

time: Sat Oct 15 12:18:21 2016
elapsed time: 3 seconds (0d 0h 0m 3s)

