#
# There is insufficient memory for the Java Runtime Environment to continue.
# Native memory allocation (malloc) failed to allocate 1959696 bytes for Chunk::new
# Possible reasons:
#   The system is out of physical RAM or swap space
#   In 32 bit mode, the process size limit was hit
# Possible solutions:
#   Reduce memory load on the system
#   Increase physical memory or swap space
#   Check if swap backing store is full
#   Use 64 bit Java on a 64 bit OS
#   Decrease Java heap size (-Xmx/-Xms)
#   Decrease number of Java threads
#   Decrease Java thread stack sizes (-Xss)
#   Set larger code cache with -XX:ReservedCodeCacheSize=
# This output file may be truncated or incomplete.
#
#  Out of Memory Error (allocation.cpp:390), pid=5192, tid=0x00000000000004e4
#
# JRE version: OpenJDK Runtime Environment (8.0_76-b03) (build 1.8.0_76-release-b03)
# Java VM: OpenJDK 64-Bit Server VM (25.76-b03 mixed mode windows-amd64 compressed oops)
# Failed to write core dump. Minidumps are not enabled by default on client versions of Windows
#

---------------  T H R E A D  ---------------

Current thread (0x00000000156b9000):  JavaThread "C2 CompilerThread0" daemon [_thread_in_native, id=1252, stack(0x0000000016bb0000,0x0000000016cb0000)]

Stack: [0x0000000016bb0000,0x0000000016cb0000]
[error occurred during error reporting (printing stack bounds), id 0xc0000005]

Native frames: (J=compiled Java code, j=interpreted, Vv=VM code, C=native code)


Current CompileTask:
C2:  25234 4126   !   4       com.sun.beans.TypeResolver::resolve (274 bytes)


---------------  P R O C E S S  ---------------

Java Threads: ( => current thread )
  0x000000001a43a000 JavaThread "File lock request listener" [_thread_in_native, id=3996, stack(0x000000001afa0000,0x000000001b0a0000)]
  0x00000000182f2800 JavaThread "Stdin handler" [_thread_blocked, id=1492, stack(0x0000000019ad0000,0x0000000019bd0000)]
  0x00000000182f1000 JavaThread "Asynchronous log dispatcher for org.gradle.launcher.daemon.server.DefaultDaemonConnection@3e21ffae" [_thread_blocked, id=6868, stack(0x00000000199d0000,0x0000000019ad0000)]
  0x0000000018487000 JavaThread "Daemon worker" [_thread_in_native, id=3236, stack(0x00000000196d0000,0x00000000197d0000)]
  0x00000000182f3000 JavaThread "Cancel handler" [_thread_blocked, id=5936, stack(0x00000000195d0000,0x00000000196d0000)]
  0x000000001833a800 JavaThread "Handler for socket connection from /127.0.0.1:59334 to /127.0.0.1:59335" [_thread_in_native, id=5980, stack(0x00000000194d0000,0x00000000195d0000)]
  0x0000000018337800 JavaThread "Daemon" [_thread_blocked, id=2692, stack(0x00000000193d0000,0x00000000194d0000)]
  0x0000000017dff000 JavaThread "pool-1-thread-1" [_thread_blocked, id=4516, stack(0x00000000192d0000,0x00000000193d0000)]
  0x0000000017efe800 JavaThread "Incoming local TCP Connector on port 59334" [_thread_in_native, id=4512, stack(0x0000000018cf0000,0x0000000018df0000)]
  0x0000000016d2f000 JavaThread "Service Thread" daemon [_thread_blocked, id=6928, stack(0x00000000172b0000,0x00000000173b0000)]
  0x00000000156be000 JavaThread "C1 CompilerThread2" daemon [_thread_blocked, id=6784, stack(0x00000000171b0000,0x00000000172b0000)]
  0x0000000016cfb800 JavaThread "C2 CompilerThread1" daemon [_thread_blocked, id=1820, stack(0x00000000170b0000,0x00000000171b0000)]
=>0x00000000156b9000 JavaThread "C2 CompilerThread0" daemon [_thread_in_native, id=1252, stack(0x0000000016bb0000,0x0000000016cb0000)]
  0x00000000156b7800 JavaThread "Attach Listener" daemon [_thread_blocked, id=5188, stack(0x0000000016ab0000,0x0000000016bb0000)]
  0x000000001566b800 JavaThread "Signal Dispatcher" daemon [_thread_blocked, id=6128, stack(0x00000000169b0000,0x0000000016ab0000)]
  0x0000000015648800 JavaThread "Finalizer" daemon [_thread_blocked, id=6712, stack(0x00000000168b0000,0x00000000169b0000)]
  0x0000000002f82000 JavaThread "Reference Handler" daemon [_thread_blocked, id=2900, stack(0x00000000167b0000,0x00000000168b0000)]
  0x000000000136e000 JavaThread "main" [_thread_blocked, id=6200, stack(0x0000000002d90000,0x0000000002e90000)]

Other Threads:
  0x0000000015626000 VMThread [stack: 0x00000000166b0000,0x00000000167b0000] [id=7104]
  0x0000000016d30000 WatcherThread [stack: 0x00000000173b0000,0x00000000174b0000] [id=6428]

VM state:not at safepoint (normal execution)

VM Mutex/Monitor currently owned by a thread: None

Heap:
 PSYoungGen      total 111104K, used 41199K [0x00000000eab00000, 0x00000000f2800000, 0x0000000100000000)
  eden space 102912K, 40% used [0x00000000eab00000,0x00000000ed33bf20,0x00000000f0f80000)
  from space 8192K, 0% used [0x00000000f1800000,0x00000000f1800000,0x00000000f2000000)
  to   space 8704K, 0% used [0x00000000f0f80000,0x00000000f0f80000,0x00000000f1800000)
 ParOldGen       total 34816K, used 15065K [0x00000000c0000000, 0x00000000c2200000, 0x00000000eab00000)
  object space 34816K, 43% used [0x00000000c0000000,0x00000000c0eb6770,0x00000000c2200000)
 Metaspace       used 38612K, capacity 39506K, committed 39856K, reserved 1083392K
  class space    used 5245K, capacity 5504K, committed 5552K, reserved 1048576K

Card table byte_map: [0x0000000012350000,0x0000000012560000] byte_map_base: 0x0000000011d50000

Marking Bits: (ParMarkBitMap*) 0x0000000069e99d00
 Begin Bits: [0x0000000012ac0000, 0x0000000013ac0000)
 End Bits:   [0x0000000013ac0000, 0x0000000014ac0000)

Polling page: 0x00000000012a0000

CodeCache: size=245760Kb used=14920Kb max_used=14932Kb free=230839Kb
 bounds [0x0000000002f90000, 0x0000000003e40000, 0x0000000011f90000]
 total_blobs=4665 nmethods=3990 adapters=587
 compilation: enabled

Compilation events (10 events):
Event: 25.193 Thread 0x00000000156be000 nmethod 4271 0x0000000003e1cf50 code [0x0000000003e1d0c0, 0x0000000003e1d248]
Event: 25.193 Thread 0x00000000156be000 4274       1       java.util.logging.Level::intValue (5 bytes)
Event: 25.193 Thread 0x00000000156be000 nmethod 4274 0x0000000003e1b090 code [0x0000000003e1b1e0, 0x0000000003e1b2f0]
Event: 25.193 Thread 0x00000000156be000 4273       1       org.slf4j.impl.StaticLoggerBinder::getLoggerFactory (5 bytes)
Event: 25.193 Thread 0x00000000156be000 nmethod 4273 0x0000000003e1add0 code [0x0000000003e1af20, 0x0000000003e1b030]
Event: 25.195 Thread 0x0000000016cfb800 4275   !   4       java.util.zip.ZipFile$ZipFileInputStream::read (131 bytes)
Event: 25.199 Thread 0x00000000156be000 4277       3       java.util.logging.LogManager$LoggerContext::requiresDefaultLoggers (29 bytes)
Event: 25.199 Thread 0x00000000156be000 nmethod 4277 0x0000000003e1a750 code [0x0000000003e1a8c0, 0x0000000003e1ace8]
Event: 25.201 Thread 0x0000000016cfb800 nmethod 4275 0x0000000003e2f390 code [0x0000000003e2f500, 0x0000000003e2faf8]
Event: 25.201 Thread 0x0000000016cfb800 4276  s    4       java.io.ByteArrayOutputStream::write (66 bytes)

GC Heap History (10 events):
Event: 17.382 GC heap before
{Heap before GC invocations=10 (full 1):
 PSYoungGen      total 59392K, used 58903K [0x00000000eab00000, 0x00000000ef700000, 0x0000000100000000)
  eden space 54272K, 100% used [0x00000000eab00000,0x00000000ee000000,0x00000000ee000000)
  from space 5120K, 90% used [0x00000000ef200000,0x00000000ef685e10,0x00000000ef700000)
  to   space 7168K, 0% used [0x00000000ee900000,0x00000000ee900000,0x00000000ef000000)
 ParOldGen       total 34816K, used 8850K [0x00000000c0000000, 0x00000000c2200000, 0x00000000eab00000)
  object space 34816K, 25% used [0x00000000c0000000,0x00000000c08a49f0,0x00000000c2200000)
 Metaspace       used 27922K, capacity 28522K, committed 28720K, reserved 1073152K
  class space    used 3856K, capacity 4037K, committed 4144K, reserved 1048576K
Event: 17.403 GC heap after
Heap after GC invocations=10 (full 1):
 PSYoungGen      total 70656K, used 6962K [0x00000000eab00000, 0x00000000f0480000, 0x0000000100000000)
  eden space 63488K, 0% used [0x00000000eab00000,0x00000000eab00000,0x00000000ee900000)
  from space 7168K, 97% used [0x00000000ee900000,0x00000000eefcc958,0x00000000ef000000)
  to   space 7680K, 0% used [0x00000000efd00000,0x00000000efd00000,0x00000000f0480000)
 ParOldGen       total 34816K, used 8930K [0x00000000c0000000, 0x00000000c2200000, 0x00000000eab00000)
  object space 34816K, 25% used [0x00000000c0000000,0x00000000c08b8a18,0x00000000c2200000)
 Metaspace       used 27922K, capacity 28522K, committed 28720K, reserved 1073152K
  class space    used 3856K, capacity 4037K, committed 4144K, reserved 1048576K
}
Event: 20.174 GC heap before
{Heap before GC invocations=11 (full 1):
 PSYoungGen      total 70656K, used 70450K [0x00000000eab00000, 0x00000000f0480000, 0x0000000100000000)
  eden space 63488K, 100% used [0x00000000eab00000,0x00000000ee900000,0x00000000ee900000)
  from space 7168K, 97% used [0x00000000ee900000,0x00000000eefcc958,0x00000000ef000000)
  to   space 7680K, 0% used [0x00000000efd00000,0x00000000efd00000,0x00000000f0480000)
 ParOldGen       total 34816K, used 8930K [0x00000000c0000000, 0x00000000c2200000, 0x00000000eab00000)
  object space 34816K, 25% used [0x00000000c0000000,0x00000000c08b8a18,0x00000000c2200000)
 Metaspace       used 28528K, capacity 29186K, committed 29488K, reserved 1075200K
  class space    used 3870K, capacity 4041K, committed 4144K, reserved 1048576K
Event: 20.182 GC heap after
Heap after GC invocations=11 (full 1):
 PSYoungGen      total 83968K, used 2848K [0x00000000eab00000, 0x00000000f0f00000, 0x0000000100000000)
  eden space 76288K, 0% used [0x00000000eab00000,0x00000000eab00000,0x00000000ef580000)
  from space 7680K, 37% used [0x00000000efd00000,0x00000000effc8000,0x00000000f0480000)
  to   space 7680K, 0% used [0x00000000ef580000,0x00000000ef580000,0x00000000efd00000)
 ParOldGen       total 34816K, used 10830K [0x00000000c0000000, 0x00000000c2200000, 0x00000000eab00000)
  object space 34816K, 31% used [0x00000000c0000000,0x00000000c0a93a38,0x00000000c2200000)
 Metaspace       used 28528K, capacity 29186K, committed 29488K, reserved 1075200K
  class space    used 3870K, capacity 4041K, committed 4144K, reserved 1048576K
}
Event: 23.451 GC heap before
{Heap before GC invocations=12 (full 1):
 PSYoungGen      total 83968K, used 79136K [0x00000000eab00000, 0x00000000f0f00000, 0x0000000100000000)
  eden space 76288K, 100% used [0x00000000eab00000,0x00000000ef580000,0x00000000ef580000)
  from space 7680K, 37% used [0x00000000efd00000,0x00000000effc8000,0x00000000f0480000)
  to   space 7680K, 0% used [0x00000000ef580000,0x00000000ef580000,0x00000000efd00000)
 ParOldGen       total 34816K, used 10830K [0x00000000c0000000, 0x00000000c2200000, 0x00000000eab00000)
  object space 34816K, 31% used [0x00000000c0000000,0x00000000c0a93a38,0x00000000c2200000)
 Metaspace       used 33873K, capacity 34574K, committed 34736K, reserved 1079296K
  class space    used 4561K, capacity 4757K, committed 4784K, reserved 1048576K
Event: 23.473 GC heap after
Heap after GC invocations=12 (full 1):
 PSYoungGen      total 83968K, used 6928K [0x00000000eab00000, 0x00000000f2000000, 0x0000000100000000)
  eden space 76288K, 0% used [0x00000000eab00000,0x00000000eab00000,0x00000000ef580000)
  from space 7680K, 90% used [0x00000000ef580000,0x00000000efc441a0,0x00000000efd00000)
  to   space 8192K, 0% used [0x00000000f1800000,0x00000000f1800000,0x00000000f2000000)
 ParOldGen       total 34816K, used 12330K [0x00000000c0000000, 0x00000000c2200000, 0x00000000eab00000)
  object space 34816K, 35% used [0x00000000c0000000,0x00000000c0c0aa48,0x00000000c2200000)
 Metaspace       used 33873K, capacity 34574K, committed 34736K, reserved 1079296K
  class space    used 4561K, capacity 4757K, committed 4784K, reserved 1048576K
}
Event: 23.671 GC heap before
{Heap before GC invocations=13 (full 1):
 PSYoungGen      total 83968K, used 15889K [0x00000000eab00000, 0x00000000f2000000, 0x0000000100000000)
  eden space 76288K, 11% used [0x00000000eab00000,0x00000000eb3c0608,0x00000000ef580000)
  from space 7680K, 90% used [0x00000000ef580000,0x00000000efc441a0,0x00000000efd00000)
  to   space 8192K, 0% used [0x00000000f1800000,0x00000000f1800000,0x00000000f2000000)
 ParOldGen       total 34816K, used 12330K [0x00000000c0000000, 0x00000000c2200000, 0x00000000eab00000)
  object space 34816K, 35% used [0x00000000c0000000,0x00000000c0c0aa48,0x00000000c2200000)
 Metaspace       used 34689K, capacity 35346K, committed 35496K, reserved 1079296K
  class space    used 4660K, capacity 4859K, committed 4912K, reserved 1048576K
Event: 23.683 GC heap after
Heap after GC invocations=13 (full 1):
 PSYoungGen      total 111104K, used 1154K [0x00000000eab00000, 0x00000000f2800000, 0x0000000100000000)
  eden space 102912K, 0% used [0x00000000eab00000,0x00000000eab00000,0x00000000f0f80000)
  from space 8192K, 14% used [0x00000000f1800000,0x00000000f1920b10,0x00000000f2000000)
  to   space 8704K, 0% used [0x00000000f0f80000,0x00000000f0f80000,0x00000000f1800000)
 ParOldGen       total 34816K, used 14972K [0x00000000c0000000, 0x00000000c2200000, 0x00000000eab00000)
  object space 34816K, 43% used [0x00000000c0000000,0x00000000c0e9f278,0x00000000c2200000)
 Metaspace       used 34689K, capacity 35346K, committed 35496K, reserved 1079296K
  class space    used 4660K, capacity 4859K, committed 4912K, reserved 1048576K
}
Event: 23.683 GC heap before
{Heap before GC invocations=14 (full 2):
 PSYoungGen      total 111104K, used 1154K [0x00000000eab00000, 0x00000000f2800000, 0x0000000100000000)
  eden space 102912K, 0% used [0x00000000eab00000,0x00000000eab00000,0x00000000f0f80000)
  from space 8192K, 14% used [0x00000000f1800000,0x00000000f1920b10,0x00000000f2000000)
  to   space 8704K, 0% used [0x00000000f0f80000,0x00000000f0f80000,0x00000000f1800000)
 ParOldGen       total 34816K, used 14972K [0x00000000c0000000, 0x00000000c2200000, 0x00000000eab00000)
  object space 34816K, 43% used [0x00000000c0000000,0x00000000c0e9f278,0x00000000c2200000)
 Metaspace       used 34689K, capacity 35346K, committed 35496K, reserved 1079296K
  class space    used 4660K, capacity 4859K, committed 4912K, reserved 1048576K
Event: 23.898 GC heap after
Heap after GC invocations=14 (full 2):
 PSYoungGen      total 111104K, used 0K [0x00000000eab00000, 0x00000000f2800000, 0x0000000100000000)
  eden space 102912K, 0% used [0x00000000eab00000,0x00000000eab00000,0x00000000f0f80000)
  from space 8192K, 0% used [0x00000000f1800000,0x00000000f1800000,0x00000000f2000000)
  to   space 8704K, 0% used [0x00000000f0f80000,0x00000000f0f80000,0x00000000f1800000)
 ParOldGen       total 34816K, used 15065K [0x00000000c0000000, 0x00000000c2200000, 0x00000000eab00000)
  object space 34816K, 43% used [0x00000000c0000000,0x00000000c0eb6770,0x00000000c2200000)
 Metaspace       used 34689K, capacity 35346K, committed 35496K, reserved 1079296K
  class space    used 4660K, capacity 4859K, committed 4912K, reserved 1048576K
}

Deoptimization events (10 events):
Event: 24.000 Thread 0x0000000018487000 Uncommon trap: reason=class_check action=maybe_recompile pc=0x00000000039ca5c0 method=java.util.Hashtable.put(Ljava/lang/Object;Ljava/lang/Object;)Ljava/lang/Object; @ 18
Event: 24.001 Thread 0x0000000018487000 Uncommon trap: reason=class_check action=maybe_recompile pc=0x00000000039c0718 method=java.util.Hashtable.addEntry(ILjava/lang/Object;Ljava/lang/Object;I)V @ 38
Event: 24.001 Thread 0x0000000018487000 Uncommon trap: reason=unstable_if action=reinterpret pc=0x00000000034ea93c method=java.lang.CharacterDataLatin1.isWhitespace(I)Z @ 14
Event: 24.042 Thread 0x0000000018487000 Uncommon trap: reason=unstable_if action=reinterpret pc=0x00000000037534e8 method=java.util.jar.JarFile.getInputStream(Ljava/util/zip/ZipEntry;)Ljava/io/InputStream; @ 37
Event: 24.045 Thread 0x0000000018487000 Uncommon trap: reason=unstable_if action=reinterpret pc=0x00000000030affac method=java.security.CodeSource.getCertificates()[Ljava/security/cert/Certificate; @ 22
Event: 24.069 Thread 0x0000000018487000 Uncommon trap: reason=unstable_if action=reinterpret pc=0x0000000003b1197c method=java.util.LinkedHashMap.get(Ljava/lang/Object;)Ljava/lang/Object; @ 20
Event: 25.070 Thread 0x0000000018487000 Uncommon trap: reason=class_check action=maybe_recompile pc=0x0000000003b6b394 method=java.util.AbstractList$Itr.hasNext()Z @ 8
Event: 25.071 Thread 0x0000000018487000 Uncommon trap: reason=class_check action=maybe_recompile pc=0x0000000003b6b394 method=java.util.AbstractList$Itr.hasNext()Z @ 8
Event: 25.078 Thread 0x0000000018487000 Uncommon trap: reason=class_check action=maybe_recompile pc=0x0000000003b6b394 method=java.util.AbstractList$Itr.hasNext()Z @ 8
Event: 25.078 Thread 0x0000000018487000 Uncommon trap: reason=class_check action=maybe_recompile pc=0x0000000003b6b394 method=java.util.AbstractList$Itr.hasNext()Z @ 8

Internal exceptions (10 events):
Event: 24.971 Thread 0x0000000018487000 Exception <a 'sun/nio/fs/WindowsException'> (0x00000000ece31128) thrown at [C:\src\android\AOSP-openjdk\external\jetbrains\jdk\hotspot\src\share\vm\prims\jni.cpp, line 709]
Event: 24.971 Thread 0x0000000018487000 Exception <a 'sun/nio/fs/WindowsException'> (0x00000000ece31bf0) thrown at [C:\src\android\AOSP-openjdk\external\jetbrains\jdk\hotspot\src\share\vm\prims\jni.cpp, line 709]
Event: 24.971 Thread 0x0000000018487000 Exception <a 'sun/nio/fs/WindowsException'> (0x00000000ece33318) thrown at [C:\src\android\AOSP-openjdk\external\jetbrains\jdk\hotspot\src\share\vm\prims\jni.cpp, line 709]
Event: 24.972 Thread 0x0000000018487000 Exception <a 'sun/nio/fs/WindowsException'> (0x00000000ece33e20) thrown at [C:\src\android\AOSP-openjdk\external\jetbrains\jdk\hotspot\src\share\vm\prims\jni.cpp, line 709]
Event: 24.986 Thread 0x0000000018487000 Exception <a 'sun/nio/fs/WindowsException'> (0x00000000ece372a8) thrown at [C:\src\android\AOSP-openjdk\external\jetbrains\jdk\hotspot\src\share\vm\prims\jni.cpp, line 709]
Event: 24.986 Thread 0x0000000018487000 Exception <a 'sun/nio/fs/WindowsException'> (0x00000000ece37c30) thrown at [C:\src\android\AOSP-openjdk\external\jetbrains\jdk\hotspot\src\share\vm\prims\jni.cpp, line 709]
Event: 24.986 Thread 0x0000000018487000 Exception <a 'sun/nio/fs/WindowsException'> (0x00000000ece39218) thrown at [C:\src\android\AOSP-openjdk\external\jetbrains\jdk\hotspot\src\share\vm\prims\jni.cpp, line 709]
Event: 24.986 Thread 0x0000000018487000 Exception <a 'sun/nio/fs/WindowsException'> (0x00000000ece39be0) thrown at [C:\src\android\AOSP-openjdk\external\jetbrains\jdk\hotspot\src\share\vm\prims\jni.cpp, line 709]
Event: 25.012 Thread 0x0000000018487000 Exception <a 'java/lang/ClassNotFoundException': com/sun/org/glassfish/hk2/osgiresourcelocator/ServiceLoader> (0x00000000ece8be60) thrown at [C:\src\android\AOSP-openjdk\external\jetbrains\jdk\hotspot\src\share\vm\classfile\systemDictionary.cpp, line 210]
Event: 25.024 Thread 0x0000000018487000 Exception <a 'java/lang/NullPointerException'> (0x00000000ecec0558) thrown at [C:\src\android\AOSP-openjdk\external\jetbrains\jdk\hotspot\src\share\vm\interpreter\linkResolver.cpp, line 1280]

Events (10 events):
Event: 25.200 loading class com/sun/xml/internal/bind/v2/runtime/property/Utils$1 done
Event: 25.200 loading class com/sun/xml/internal/bind/v2/runtime/reflect/Lister
Event: 25.201 loading class com/sun/xml/internal/bind/v2/runtime/reflect/Lister done
Event: 25.201 loading class com/sun/xml/internal/bind/v2/runtime/reflect/PrimitiveArrayListerBoolean
Event: 25.201 loading class com/sun/xml/internal/bind/v2/runtime/reflect/PrimitiveArrayListerBoolean done
Event: 25.201 loading class com/sun/xml/internal/bind/v2/runtime/reflect/PrimitiveArrayListerByte
Event: 25.201 loading class com/sun/xml/internal/bind/v2/runtime/reflect/PrimitiveArrayListerByte done
Event: 25.201 loading class com/sun/xml/internal/bind/v2/runtime/reflect/PrimitiveArrayListerCharacter
Event: 25.202 loading class com/sun/xml/internal/bind/v2/runtime/reflect/PrimitiveArrayListerCharacter done
Event: 25.205 loading class com/sun/xml/internal/bind/v2/runtime/reflect/PrimitiveArrayListerDouble


Dynamic libraries:
0x00007ff7211f0000 - 0x00007ff721221000 	C:\Program Files\Android\Android Studio\jre\bin\java.exe
0x00007ff81a820000 - 0x00007ff81a9c9000 	C:\Windows\SYSTEM32\ntdll.dll
0x00007ff81a630000 - 0x00007ff81a769000 	C:\Windows\system32\KERNEL32.DLL
0x00007ff817d70000 - 0x00007ff817e7e000 	C:\Windows\system32\KERNELBASE.dll
0x00007ff81a770000 - 0x00007ff81a815000 	C:\Windows\system32\ADVAPI32.dll
0x00007ff818440000 - 0x00007ff8185b1000 	C:\Windows\system32\USER32.dll
0x00007ff815db0000 - 0x00007ff81600a000 	C:\Windows\WinSxS\amd64_microsoft.windows.common-controls_6595b64144ccf1df_6.0.9600.16384_none_62475f7becb72503\COMCTL32.dll
0x00007ff818390000 - 0x00007ff818437000 	C:\Windows\system32\msvcrt.dll
0x00007ff818eb0000 - 0x00007ff818f07000 	C:\Windows\SYSTEM32\sechost.dll
0x00007ff8180b0000 - 0x00007ff8181e6000 	C:\Windows\system32\RPCRT4.dll
0x00007ff818920000 - 0x00007ff818a65000 	C:\Windows\system32\GDI32.dll
0x00007ff818880000 - 0x00007ff8188b4000 	C:\Windows\system32\IMM32.DLL
0x00007ff818f20000 - 0x00007ff819059000 	C:\Windows\system32\MSCTF.dll
0x0000000069600000 - 0x00000000696d2000 	C:\Program Files\Android\Android Studio\jre\jre\bin\msvcr100.dll
0x00000000696e0000 - 0x0000000069f14000 	C:\Program Files\Android\Android Studio\jre\jre\bin\server\jvm.dll
0x00007ff811c00000 - 0x00007ff811c09000 	C:\Windows\SYSTEM32\WSOCK32.dll
0x00007ff814990000 - 0x00007ff8149af000 	C:\Windows\SYSTEM32\WINMM.dll
0x00007ff8149b0000 - 0x00007ff8149ba000 	C:\Windows\SYSTEM32\VERSION.dll
0x00007ff818d20000 - 0x00007ff818d27000 	C:\Windows\system32\PSAPI.DLL
0x00007ff819160000 - 0x00007ff8191b8000 	C:\Windows\system32\WS2_32.dll
0x00007ff814950000 - 0x00007ff81497a000 	C:\Windows\SYSTEM32\WINMMBASE.dll
0x00007ff818d10000 - 0x00007ff818d19000 	C:\Windows\system32\NSI.dll
0x00007ff817e80000 - 0x00007ff817eca000 	C:\Windows\SYSTEM32\cfgmgr32.dll
0x00007ff816a20000 - 0x00007ff816a46000 	C:\Windows\SYSTEM32\DEVOBJ.dll
0x00007ff815870000 - 0x00007ff81587f000 	C:\Program Files\Android\Android Studio\jre\jre\bin\verify.dll
0x00007ff80c570000 - 0x00007ff80c599000 	C:\Program Files\Android\Android Studio\jre\jre\bin\java.dll
0x00007ff80c400000 - 0x00007ff80c416000 	C:\Program Files\Android\Android Studio\jre\jre\bin\zip.dll
0x00007ff8191c0000 - 0x00007ff81a5cd000 	C:\Windows\system32\SHELL32.dll
0x00007ff8186a0000 - 0x00007ff818877000 	C:\Windows\SYSTEM32\combase.dll
0x00007ff81a5d0000 - 0x00007ff81a621000 	C:\Windows\system32\SHLWAPI.dll
0x00007ff8161f0000 - 0x00007ff816291000 	C:\Windows\SYSTEM32\SHCORE.dll
0x00007ff817ba0000 - 0x00007ff817bb4000 	C:\Windows\SYSTEM32\profapi.dll
0x00007ff807860000 - 0x00007ff80787a000 	C:\Program Files\Android\Android Studio\jre\jre\bin\net.dll
0x00007ff8174f0000 - 0x00007ff817548000 	C:\Windows\system32\mswsock.dll
0x00007ff807640000 - 0x00007ff807651000 	C:\Program Files\Android\Android Studio\jre\jre\bin\nio.dll
0x00007ff8074d0000 - 0x00007ff8074e2000 	C:\Users\Administrator\.gradle\native\19\windows-amd64\native-platform.dll
0x00007ff817570000 - 0x00007ff81758e000 	C:\Windows\SYSTEM32\CRYPTSP.dll
0x00007ff817070000 - 0x00007ff8170a5000 	C:\Windows\system32\rsaenh.dll
0x00007ff8176f0000 - 0x00007ff817716000 	C:\Windows\SYSTEM32\bcrypt.dll
0x00007ff817180000 - 0x00007ff81719f000 	C:\Windows\SYSTEM32\USERENV.dll
0x00007ff817a10000 - 0x00007ff817a6e000 	C:\Windows\system32\bcryptprimitives.dll
0x00007ff817a70000 - 0x00007ff817a7a000 	C:\Windows\SYSTEM32\CRYPTBASE.dll
0x00007ff812680000 - 0x00007ff8126a9000 	C:\Windows\SYSTEM32\IPHLPAPI.DLL
0x00007ff812200000 - 0x00007ff81220a000 	C:\Windows\SYSTEM32\WINNSI.DLL
0x00007ff811940000 - 0x00007ff811954000 	C:\Windows\SYSTEM32\dhcpcsvc6.DLL
0x00007ff811920000 - 0x00007ff811939000 	C:\Windows\SYSTEM32\dhcpcsvc.DLL
0x00007ff80c3f0000 - 0x00007ff80c3fd000 	C:\Program Files\Android\Android Studio\jre\jre\bin\management.dll

VM Arguments:
jvm_args: -XX:MaxPermSize=256m -XX:+HeapDumpOnOutOfMemoryError -Xmx1024m -Dfile.encoding=GBK -Duser.country=CN -Duser.language=zh -Duser.variant 
java_command: org.gradle.launcher.daemon.bootstrap.GradleDaemon 2.14.1
java_class_path (initial): C:\Program Files\Android\Android Studio\gradle\gradle-2.14.1\lib\gradle-launcher-2.14.1.jar
Launcher Type: SUN_STANDARD

Environment Variables:
JAVA_HOME=D:\java jdk
PATH=C:\ProgramData\Oracle\Java\javapath;C:\Windows\system32;C:\Windows;C:\Windows\System32\Wbem;C:\Windows\System32\WindowsPowerShell\v1.0\;D:\java jdk\bin
USERNAME=Administrator
OS=Windows_NT
PROCESSOR_IDENTIFIER=Intel64 Family 6 Model 69 Stepping 1, GenuineIntel



---------------  S Y S T E M  ---------------

OS: Windows 8.1 , 64 bit Build 9600 (6.3.9600.16656)

CPU:total 4 (2 cores per cpu, 2 threads per core) family 6 model 69 stepping 1, cmov, cx8, fxsr, mmx, sse, sse2, sse3, ssse3, sse4.1, sse4.2, popcnt, avx, avx2, aes, clmul, erms, lzcnt, ht, tsc, tscinvbit, bmi1, bmi2

Memory: 4k page, physical 4095976k(511108k free), swap 4095976k(5108k free)

vm_info: OpenJDK 64-Bit Server VM (25.76-b03) for windows-amd64 JRE (1.8.0_76-release-b03), built on Jun 29 2016 19:09:20 by "ralucas" with MS VC++ 10.0 (VS2010)

time: Sat Oct 15 12:08:48 2016
elapsed time: 25 seconds (0d 0h 0m 25s)

