#
# There is insufficient memory for the Java Runtime Environment to continue.
# Native memory allocation (malloc) failed to allocate 1352080 bytes for Chunk::new
# Possible reasons:
#   The system is out of physical RAM or swap space
#   In 32 bit mode, the process size limit was hit
# Possible solutions:
#   Reduce memory load on the system
#   Increase physical memory or swap space
#   Check if swap backing store is full
#   Use 64 bit Java on a 64 bit OS
#   Decrease Java heap size (-Xmx/-Xms)
#   Decrease number of Java threads
#   Decrease Java thread stack sizes (-Xss)
#   Set larger code cache with -XX:ReservedCodeCacheSize=
# This output file may be truncated or incomplete.
#
#  Out of Memory Error (allocation.cpp:390), pid=8944, tid=0x0000000000000288
#
# JRE version: OpenJDK Runtime Environment (8.0_76-b03) (build 1.8.0_76-release-b03)
# Java VM: OpenJDK 64-Bit Server VM (25.76-b03 mixed mode windows-amd64 compressed oops)
# Failed to write core dump. Minidumps are not enabled by default on client versions of Windows
#

---------------  T H R E A D  ---------------

Current thread (0x0000000016a02800):  JavaThread "C2 CompilerThread1" daemon [_thread_in_native, id=648, stack(0x0000000016db0000,0x0000000016eb0000)]

Stack: [0x0000000016db0000,0x0000000016eb0000]
[error occurred during error reporting (printing stack bounds), id 0xc0000005]

Native frames: (J=compiled Java code, j=interpreted, Vv=VM code, C=native code)


Current CompileTask:
C2:   9506 1630   !   4       com.android.dx.cf.code.Ropper::processBlock (1101 bytes)


---------------  P R O C E S S  ---------------

Java Threads: ( => current thread )
  0x0000000016c3d800 JavaThread "pool-1-thread-4" [_thread_in_Java, id=1640, stack(0x00000000175b0000,0x00000000176b0000)]
  0x0000000016c3c800 JavaThread "pool-1-thread-3" [_thread_blocked, id=1404, stack(0x00000000174b0000,0x00000000175b0000)]
  0x0000000016c33800 JavaThread "pool-1-thread-2" [_thread_blocked, id=8444, stack(0x00000000173b0000,0x00000000174b0000)]
  0x0000000016c28800 JavaThread "pool-2-thread-1" [_thread_blocked, id=7760, stack(0x00000000172b0000,0x00000000173b0000)]
  0x0000000016c26000 JavaThread "pool-1-thread-1" [_thread_in_Java, id=8452, stack(0x00000000171b0000,0x00000000172b0000)]
  0x0000000016a0f000 JavaThread "Service Thread" daemon [_thread_blocked, id=8208, stack(0x0000000016fb0000,0x00000000170b0000)]
  0x0000000016a05000 JavaThread "C1 CompilerThread2" daemon [_thread_blocked, id=6660, stack(0x0000000016eb0000,0x0000000016fb0000)]
=>0x0000000016a02800 JavaThread "C2 CompilerThread1" daemon [_thread_in_native, id=648, stack(0x0000000016db0000,0x0000000016eb0000)]
  0x000000001536b800 JavaThread "C2 CompilerThread0" daemon [_thread_in_native, id=8880, stack(0x00000000168b0000,0x00000000169b0000)]
  0x000000001536a000 JavaThread "Attach Listener" daemon [_thread_blocked, id=7772, stack(0x00000000167b0000,0x00000000168b0000)]
  0x00000000153b7800 JavaThread "Signal Dispatcher" daemon [_thread_blocked, id=8928, stack(0x00000000166b0000,0x00000000167b0000)]
  0x0000000015348800 JavaThread "Finalizer" daemon [_thread_blocked, id=8572, stack(0x00000000165b0000,0x00000000166b0000)]
  0x0000000002c81000 JavaThread "Reference Handler" daemon [_thread_blocked, id=6092, stack(0x00000000164b0000,0x00000000165b0000)]
  0x0000000002b90800 JavaThread "main" [_thread_blocked, id=5124, stack(0x0000000002a90000,0x0000000002b90000)]

Other Threads:
  0x0000000015325000 VMThread [stack: 0x00000000163b0000,0x00000000164b0000] [id=7400]
  0x0000000016a11000 WatcherThread [stack: 0x00000000170b0000,0x00000000171b0000] [id=4560]

VM state:not at safepoint (normal execution)

VM Mutex/Monitor currently owned by a thread: None

Heap:
 PSYoungGen      total 68096K, used 26263K [0x00000000eab00000, 0x00000000ef000000, 0x0000000100000000)
  eden space 65536K, 36% used [0x00000000eab00000,0x00000000ec227be8,0x00000000eeb00000)
  from space 2560K, 99% used [0x00000000eed80000,0x00000000eeffe030,0x00000000ef000000)
  to   space 2560K, 0% used [0x00000000eeb00000,0x00000000eeb00000,0x00000000eed80000)
 ParOldGen       total 44032K, used 15403K [0x00000000c0000000, 0x00000000c2b00000, 0x00000000eab00000)
  object space 44032K, 34% used [0x00000000c0000000,0x00000000c0f0ae88,0x00000000c2b00000)
 Metaspace       used 6346K, capacity 7096K, committed 7296K, reserved 1056768K
  class space    used 597K, capacity 624K, committed 640K, reserved 1048576K

Card table byte_map: [0x0000000012050000,0x0000000012260000] byte_map_base: 0x0000000011a50000

Marking Bits: (ParMarkBitMap*) 0x0000000069e99d00
 Begin Bits: [0x00000000127c0000, 0x00000000137c0000)
 End Bits:   [0x00000000137c0000, 0x00000000147c0000)

Polling page: 0x0000000002610000

CodeCache: size=245760Kb used=7471Kb max_used=7471Kb free=238288Kb
 bounds [0x0000000002c90000, 0x00000000033f0000, 0x0000000011c90000]
 total_blobs=1976 nmethods=1704 adapters=186
 compilation: enabled

Compilation events (10 events):
Event: 9.378 Thread 0x0000000016a05000 1746       1       com.android.dx.cf.direct.MethodListParser::getAttributeContext (2 bytes)
Event: 9.378 Thread 0x0000000016a05000 nmethod 1746 0x00000000033e0a90 code [0x00000000033e0be0, 0x00000000033e0cf0]
Event: 9.378 Thread 0x0000000016a05000 1747       2       com.android.dx.cf.direct.MemberListParser::getEndOffset (9 bytes)
Event: 9.379 Thread 0x0000000016a05000 nmethod 1747 0x00000000033e0d50 code [0x00000000033e0ec0, 0x00000000033e1048]
Event: 9.379 Thread 0x0000000016a05000 1748       2       com.android.dx.cf.direct.DirectClassFile::getMagic0 (9 bytes)
Event: 9.379 Thread 0x0000000016a05000 nmethod 1748 0x00000000033e1110 code [0x00000000033e1280, 0x00000000033e1408]
Event: 9.379 Thread 0x0000000016a05000 1749       2       java.util.concurrent.AbstractExecutorService::submit (25 bytes)
Event: 9.379 Thread 0x0000000016a05000 nmethod 1749 0x00000000033e14d0 code [0x00000000033e1660, 0x00000000033e19c8]
Event: 9.379 Thread 0x0000000016a05000 1750       2       java.util.concurrent.ThreadPoolExecutor::execute (132 bytes)
Event: 9.380 Thread 0x0000000016a05000 nmethod 1750 0x00000000033e1b90 code [0x00000000033e1d60, 0x00000000033e2188]

GC Heap History (8 events):
Event: 1.541 GC heap before
{Heap before GC invocations=1 (full 0):
 PSYoungGen      total 18944K, used 16384K [0x00000000eab00000, 0x00000000ec000000, 0x0000000100000000)
  eden space 16384K, 100% used [0x00000000eab00000,0x00000000ebb00000,0x00000000ebb00000)
  from space 2560K, 0% used [0x00000000ebd80000,0x00000000ebd80000,0x00000000ec000000)
  to   space 2560K, 0% used [0x00000000ebb00000,0x00000000ebb00000,0x00000000ebd80000)
 ParOldGen       total 44032K, used 0K [0x00000000c0000000, 0x00000000c2b00000, 0x00000000eab00000)
  object space 44032K, 0% used [0x00000000c0000000,0x00000000c0000000,0x00000000c2b00000)
 Metaspace       used 5610K, capacity 6544K, committed 6784K, reserved 1056768K
  class space    used 569K, capacity 584K, committed 640K, reserved 1048576K
Event: 1.565 GC heap after
Heap after GC invocations=1 (full 0):
 PSYoungGen      total 18944K, used 2541K [0x00000000eab00000, 0x00000000ed000000, 0x0000000100000000)
  eden space 16384K, 0% used [0x00000000eab00000,0x00000000eab00000,0x00000000ebb00000)
  from space 2560K, 99% used [0x00000000ebb00000,0x00000000ebd7b568,0x00000000ebd80000)
  to   space 2560K, 0% used [0x00000000ecd80000,0x00000000ecd80000,0x00000000ed000000)
 ParOldGen       total 44032K, used 3571K [0x00000000c0000000, 0x00000000c2b00000, 0x00000000eab00000)
  object space 44032K, 8% used [0x00000000c0000000,0x00000000c037cee0,0x00000000c2b00000)
 Metaspace       used 5610K, capacity 6544K, committed 6784K, reserved 1056768K
  class space    used 569K, capacity 584K, committed 640K, reserved 1048576K
}
Event: 2.727 GC heap before
{Heap before GC invocations=2 (full 0):
 PSYoungGen      total 18944K, used 18925K [0x00000000eab00000, 0x00000000ed000000, 0x0000000100000000)
  eden space 16384K, 100% used [0x00000000eab00000,0x00000000ebb00000,0x00000000ebb00000)
  from space 2560K, 99% used [0x00000000ebb00000,0x00000000ebd7b568,0x00000000ebd80000)
  to   space 2560K, 0% used [0x00000000ecd80000,0x00000000ecd80000,0x00000000ed000000)
 ParOldGen       total 44032K, used 3571K [0x00000000c0000000, 0x00000000c2b00000, 0x00000000eab00000)
  object space 44032K, 8% used [0x00000000c0000000,0x00000000c037cee0,0x00000000c2b00000)
 Metaspace       used 5934K, capacity 6832K, committed 7040K, reserved 1056768K
  class space    used 572K, capacity 616K, committed 640K, reserved 1048576K
Event: 2.782 GC heap after
Heap after GC invocations=2 (full 0):
 PSYoungGen      total 35328K, used 2556K [0x00000000eab00000, 0x00000000ed000000, 0x0000000100000000)
  eden space 32768K, 0% used [0x00000000eab00000,0x00000000eab00000,0x00000000ecb00000)
  from space 2560K, 99% used [0x00000000ecd80000,0x00000000ecfff158,0x00000000ed000000)
  to   space 2560K, 0% used [0x00000000ecb00000,0x00000000ecb00000,0x00000000ecd80000)
 ParOldGen       total 44032K, used 6054K [0x00000000c0000000, 0x00000000c2b00000, 0x00000000eab00000)
  object space 44032K, 13% used [0x00000000c0000000,0x00000000c05e9a18,0x00000000c2b00000)
 Metaspace       used 5934K, capacity 6832K, committed 7040K, reserved 1056768K
  class space    used 572K, capacity 616K, committed 640K, reserved 1048576K
}
Event: 5.672 GC heap before
{Heap before GC invocations=3 (full 0):
 PSYoungGen      total 35328K, used 35324K [0x00000000eab00000, 0x00000000ed000000, 0x0000000100000000)
  eden space 32768K, 100% used [0x00000000eab00000,0x00000000ecb00000,0x00000000ecb00000)
  from space 2560K, 99% used [0x00000000ecd80000,0x00000000ecfff158,0x00000000ed000000)
  to   space 2560K, 0% used [0x00000000ecb00000,0x00000000ecb00000,0x00000000ecd80000)
 ParOldGen       total 44032K, used 6054K [0x00000000c0000000, 0x00000000c2b00000, 0x00000000eab00000)
  object space 44032K, 13% used [0x00000000c0000000,0x00000000c05e9a18,0x00000000c2b00000)
 Metaspace       used 6120K, capacity 7024K, committed 7296K, reserved 1056768K
  class space    used 573K, capacity 616K, committed 640K, reserved 1048576K
Event: 6.447 GC heap after
Heap after GC invocations=3 (full 0):
 PSYoungGen      total 35328K, used 2556K [0x00000000eab00000, 0x00000000ef000000, 0x0000000100000000)
  eden space 32768K, 0% used [0x00000000eab00000,0x00000000eab00000,0x00000000ecb00000)
  from space 2560K, 99% used [0x00000000ecb00000,0x00000000ecd7f158,0x00000000ecd80000)
  to   space 2560K, 0% used [0x00000000eed80000,0x00000000eed80000,0x00000000ef000000)
 ParOldGen       total 44032K, used 10730K [0x00000000c0000000, 0x00000000c2b00000, 0x00000000eab00000)
  object space 44032K, 24% used [0x00000000c0000000,0x00000000c0a7a910,0x00000000c2b00000)
 Metaspace       used 6120K, capacity 7024K, committed 7296K, reserved 1056768K
  class space    used 573K, capacity 616K, committed 640K, reserved 1048576K
}
Event: 8.485 GC heap before
{Heap before GC invocations=4 (full 0):
 PSYoungGen      total 35328K, used 35324K [0x00000000eab00000, 0x00000000ef000000, 0x0000000100000000)
  eden space 32768K, 100% used [0x00000000eab00000,0x00000000ecb00000,0x00000000ecb00000)
  from space 2560K, 99% used [0x00000000ecb00000,0x00000000ecd7f158,0x00000000ecd80000)
  to   space 2560K, 0% used [0x00000000eed80000,0x00000000eed80000,0x00000000ef000000)
 ParOldGen       total 44032K, used 10730K [0x00000000c0000000, 0x00000000c2b00000, 0x00000000eab00000)
  object space 44032K, 24% used [0x00000000c0000000,0x00000000c0a7a910,0x00000000c2b00000)
 Metaspace       used 6282K, capacity 7032K, committed 7296K, reserved 1056768K
  class space    used 597K, capacity 624K, committed 640K, reserved 1048576K
Event: 8.623 GC heap after
Heap after GC invocations=4 (full 0):
 PSYoungGen      total 68096K, used 2552K [0x00000000eab00000, 0x00000000ef000000, 0x0000000100000000)
  eden space 65536K, 0% used [0x00000000eab00000,0x00000000eab00000,0x00000000eeb00000)
  from space 2560K, 99% used [0x00000000eed80000,0x00000000eeffe030,0x00000000ef000000)
  to   space 2560K, 0% used [0x00000000eeb00000,0x00000000eeb00000,0x00000000eed80000)
 ParOldGen       total 44032K, used 15403K [0x00000000c0000000, 0x00000000c2b00000, 0x00000000eab00000)
  object space 44032K, 34% used [0x00000000c0000000,0x00000000c0f0ae88,0x00000000c2b00000)
 Metaspace       used 6282K, capacity 7032K, committed 7296K, reserved 1056768K
  class space    used 597K, capacity 624K, committed 640K, reserved 1048576K
}

Deoptimization events (10 events):
Event: 5.051 Thread 0x0000000016c26000 Uncommon trap: reason=unstable_if action=reinterpret pc=0x000000000314c75c method=java.util.HashMap.putVal(ILjava/lang/Object;Ljava/lang/Object;ZZ)Ljava/lang/Object; @ 162
Event: 5.051 Thread 0x0000000016c26000 Uncommon trap: reason=unstable_if action=reinterpret pc=0x0000000002f1ca4c method=java.util.HashMap.getNode(ILjava/lang/Object;)Ljava/util/HashMap$Node; @ 84
Event: 5.052 Thread 0x0000000016c26000 Uncommon trap: reason=unstable_if action=reinterpret pc=0x0000000002f0f4c0 method=java.util.HashMap.getNode(ILjava/lang/Object;)Ljava/util/HashMap$Node; @ 84
Event: 5.261 Thread 0x0000000016c33800 Uncommon trap: reason=class_check action=maybe_recompile pc=0x00000000031e50d4 method=com.android.dx.ssa.SCCP.simulateBranch(Lcom/android/dx/ssa/SsaInsn;)V @ 145
Event: 6.831 Thread 0x0000000002b90800 Uncommon trap: reason=unstable_if action=reinterpret pc=0x0000000002de0694 method=java.util.regex.Pattern$BnM.optimize(Ljava/util/regex/Pattern$Node;)Ljava/util/regex/Pattern$Node; @ 22
Event: 6.832 Thread 0x0000000002b90800 Uncommon trap: reason=class_check action=maybe_recompile pc=0x0000000002de3dd0 method=java.util.regex.Matcher.search(I)Z @ 86
Event: 6.832 Thread 0x0000000002b90800 Uncommon trap: reason=unstable_if action=reinterpret pc=0x0000000002de3e14 method=java.util.regex.Matcher.search(I)Z @ 30
Event: 7.470 Thread 0x0000000002b90800 Uncommon trap: reason=uninitialized action=reinterpret pc=0x00000000032b9c5c method=com.android.dx.cf.code.BytecodeArray.parseInstruction(ILcom/android/dx/cf/code/BytecodeArray$Visitor;)I @ 999
Event: 7.471 Thread 0x0000000002b90800 Uncommon trap: reason=unstable_if action=reinterpret pc=0x0000000002f742f8 method=java.util.HashMap.putVal(ILjava/lang/Object;Ljava/lang/Object;ZZ)Ljava/lang/Object; @ 162
Event: 8.691 Thread 0x0000000002b90800 Uncommon trap: reason=unstable_if action=reinterpret pc=0x000000000311d0e8 method=com.android.dx.ssa.SCCP.simulateStmt(Lcom/android/dx/ssa/SsaInsn;)V @ 59

Internal exceptions (5 events):
Event: 0.114 Thread 0x0000000002b90800 Exception <a 'java/lang/NoSuchMethodError': Method sun.misc.Unsafe.defineClass(Ljava/lang/String;[BII)Ljava/lang/Class; name or signature does not match> (0x00000000eab07cc0) thrown at [C:\src\android\AOSP-openjdk\external\jetbrains\jdk\hotspot\src\share\v¡,:nGΩ?
Event: 0.114 Thread 0x0000000002b90800 Exception <a 'java/lang/NoSuchMethodError': Method sun.misc.Unsafe.prefetchRead(Ljava/lang/Object;J)V name or signature does not match> (0x00000000eab07fa8) thrown at [C:\src\android\AOSP-openjdk\external\jetbrains\jdk\hotspot\src\share\vm\prims\jni.cpp, l∏Ud¥„@
Event: 7.472 Thread 0x0000000002b90800 Exception <a 'java/lang/ArrayIndexOutOfBoundsException': 18> (0x00000000ec98ee58) thrown at [C:\src\android\AOSP-openjdk\external\jetbrains\jdk\hotspot\src\share\vm\interpreter\interpreterRuntime.cpp, line 366]
Event: 8.269 Thread 0x0000000002b90800 Exception <a 'java/lang/ArrayIndexOutOfBoundsException'> (0x00000000ec9909d8) thrown at [C:\src\android\AOSP-openjdk\external\jetbrains\jdk\hotspot\src\share\vm\runtime\sharedRuntime.cpp, line 605]
Event: 8.271 Thread 0x0000000002b90800 Exception <a 'java/lang/ArrayIndexOutOfBoundsException'> (0x00000000ec991cc0) thrown at [C:\src\android\AOSP-openjdk\external\jetbrains\jdk\hotspot\src\share\vm\runtime\sharedRuntime.cpp, line 605]

Events (10 events):
Event: 8.271 loading class java/lang/reflect/TypeVariable done
Event: 8.271 loading class sun/reflect/generics/reflectiveObjects/TypeVariableImpl
Event: 8.271 loading class sun/reflect/generics/reflectiveObjects/LazyReflectiveObjectGenerator
Event: 8.271 loading class sun/reflect/generics/reflectiveObjects/LazyReflectiveObjectGenerator done
Event: 8.271 loading class sun/reflect/generics/reflectiveObjects/TypeVariableImpl done
Event: 8.307 Executing VM operation: ParallelGCFailedAllocation
Event: 8.623 Executing VM operation: ParallelGCFailedAllocation done
Event: 8.691 Thread 0x0000000002b90800 Uncommon trap: trap_request=0xffffff65 fr.pc=0x000000000311d0e8
Event: 8.691 Thread 0x0000000002b90800 DEOPT PACKING pc=0x000000000311d0e8 sp=0x0000000002b8e130
Event: 8.691 Thread 0x0000000002b90800 DEOPT UNPACKING pc=0x0000000002cd556a sp=0x0000000002b8e118 mode 2


Dynamic libraries:
0x00007ff7211f0000 - 0x00007ff721221000 	C:\Program Files\Android\Android Studio\jre\bin\java.exe
0x00007ff81a820000 - 0x00007ff81a9c9000 	C:\Windows\SYSTEM32\ntdll.dll
0x00007ff81a630000 - 0x00007ff81a769000 	C:\Windows\system32\KERNEL32.DLL
0x00007ff817d70000 - 0x00007ff817e7e000 	C:\Windows\system32\KERNELBASE.dll
0x00007ff81a770000 - 0x00007ff81a815000 	C:\Windows\system32\ADVAPI32.dll
0x00007ff818440000 - 0x00007ff8185b1000 	C:\Windows\system32\USER32.dll
0x00007ff815db0000 - 0x00007ff81600a000 	C:\Windows\WinSxS\amd64_microsoft.windows.common-controls_6595b64144ccf1df_6.0.9600.16384_none_62475f7becb72503\COMCTL32.dll
0x00007ff818390000 - 0x00007ff818437000 	C:\Windows\system32\msvcrt.dll
0x00007ff818eb0000 - 0x00007ff818f07000 	C:\Windows\SYSTEM32\sechost.dll
0x00007ff8180b0000 - 0x00007ff8181e6000 	C:\Windows\system32\RPCRT4.dll
0x00007ff818920000 - 0x00007ff818a65000 	C:\Windows\system32\GDI32.dll
0x00007ff818880000 - 0x00007ff8188b4000 	C:\Windows\system32\IMM32.DLL
0x00007ff818f20000 - 0x00007ff819059000 	C:\Windows\system32\MSCTF.dll
0x0000000069600000 - 0x00000000696d2000 	C:\Program Files\Android\Android Studio\jre\jre\bin\msvcr100.dll
0x00000000696e0000 - 0x0000000069f14000 	C:\Program Files\Android\Android Studio\jre\jre\bin\server\jvm.dll
0x00007ff811c00000 - 0x00007ff811c09000 	C:\Windows\SYSTEM32\WSOCK32.dll
0x00007ff814990000 - 0x00007ff8149af000 	C:\Windows\SYSTEM32\WINMM.dll
0x00007ff8149b0000 - 0x00007ff8149ba000 	C:\Windows\SYSTEM32\VERSION.dll
0x00007ff818d20000 - 0x00007ff818d27000 	C:\Windows\system32\PSAPI.DLL
0x00007ff819160000 - 0x00007ff8191b8000 	C:\Windows\system32\WS2_32.dll
0x00007ff814950000 - 0x00007ff81497a000 	C:\Windows\SYSTEM32\WINMMBASE.dll
0x00007ff818d10000 - 0x00007ff818d19000 	C:\Windows\system32\NSI.dll
0x00007ff817e80000 - 0x00007ff817eca000 	C:\Windows\SYSTEM32\cfgmgr32.dll
0x00007ff816a20000 - 0x00007ff816a46000 	C:\Windows\SYSTEM32\DEVOBJ.dll
0x00007ff80d3a0000 - 0x00007ff80d3af000 	C:\Program Files\Android\Android Studio\jre\jre\bin\verify.dll
0x00007ff80d0c0000 - 0x00007ff80d0e9000 	C:\Program Files\Android\Android Studio\jre\jre\bin\java.dll
0x00007ff80d0a0000 - 0x00007ff80d0b6000 	C:\Program Files\Android\Android Studio\jre\jre\bin\zip.dll
0x00007ff8191c0000 - 0x00007ff81a5cd000 	C:\Windows\system32\SHELL32.dll
0x00007ff8186a0000 - 0x00007ff818877000 	C:\Windows\SYSTEM32\combase.dll
0x00007ff81a5d0000 - 0x00007ff81a621000 	C:\Windows\system32\SHLWAPI.dll
0x00007ff8161f0000 - 0x00007ff816291000 	C:\Windows\SYSTEM32\SHCORE.dll
0x00007ff817ba0000 - 0x00007ff817bb4000 	C:\Windows\SYSTEM32\profapi.dll

VM Arguments:
jvm_args: -Djava.awt.headless=true -Xmx1024M -Dfile.encoding=GBK -Duser.country=CN -Duser.language=zh -Duser.variant 
java_command: com.android.dx.command.Main --dex --verbose --force-jumbo --num-threads=4 --output D:\Use_maps\app\build\intermediates\pre-dexed\debug\baidumapapi_map_v3_7_3_ab71599e39f7a205a8148c71872ba0997e9596a7.jar D:\Use_maps\app\libs\baidumapapi_map_v3_7_3.jar
java_class_path (initial): C:\Users\Administrator\AppData\Local\Android\sdk1\build-tools\24.0.3\lib\dx.jar
Launcher Type: SUN_STANDARD

Environment Variables:
JAVA_HOME=D:\java jdk
PATH=C:\ProgramData\Oracle\Java\javapath;C:\Windows\system32;C:\Windows;C:\Windows\System32\Wbem;C:\Windows\System32\WindowsPowerShell\v1.0\;D:\java jdk\bin
USERNAME=Administrator
OS=Windows_NT
PROCESSOR_IDENTIFIER=Intel64 Family 6 Model 69 Stepping 1, GenuineIntel



---------------  S Y S T E M  ---------------

OS: Windows 8.1 , 64 bit Build 9600 (6.3.9600.16656)

CPU:total 4 (2 cores per cpu, 2 threads per core) family 6 model 69 stepping 1, cmov, cx8, fxsr, mmx, sse, sse2, sse3, ssse3, sse4.1, sse4.2, popcnt, avx, avx2, aes, clmul, erms, lzcnt, ht, tsc, tscinvbit, bmi1, bmi2

Memory: 4k page, physical 4095976k(811752k free), swap 4095976k(5872k free)

vm_info: OpenJDK 64-Bit Server VM (25.76-b03) for windows-amd64 JRE (1.8.0_76-release-b03), built on Jun 29 2016 19:09:20 by "ralucas" with MS VC++ 10.0 (VS2010)

time: Sat Oct 15 14:07:19 2016
elapsed time: 9 seconds (0d 0h 0m 9s)

