#
# There is insufficient memory for the Java Runtime Environment to continue.
# Native memory allocation (malloc) failed to allocate 169232 bytes for Chunk::new
# Possible reasons:
#   The system is out of physical RAM or swap space
#   In 32 bit mode, the process size limit was hit
# Possible solutions:
#   Reduce memory load on the system
#   Increase physical memory or swap space
#   Check if swap backing store is full
#   Use 64 bit Java on a 64 bit OS
#   Decrease Java heap size (-Xmx/-Xms)
#   Decrease number of Java threads
#   Decrease Java thread stack sizes (-Xss)
#   Set larger code cache with -XX:ReservedCodeCacheSize=
# This output file may be truncated or incomplete.
#
#  Out of Memory Error (allocation.cpp:390), pid=9072, tid=0x0000000000001e50
#
# JRE version: OpenJDK Runtime Environment (8.0_76-b03) (build 1.8.0_76-release-b03)
# Java VM: OpenJDK 64-Bit Server VM (25.76-b03 mixed mode windows-amd64 compressed oops)
# Failed to write core dump. Minidumps are not enabled by default on client versions of Windows
#

---------------  T H R E A D  ---------------

Current thread (0x0000000014a09800):  JavaThread "C2 CompilerThread0" daemon [_thread_in_native, id=7760, stack(0x0000000015fc0000,0x00000000160c0000)]

Stack: [0x0000000015fc0000,0x00000000160c0000]
[error occurred during error reporting (printing stack bounds), id 0xc0000005]

Native frames: (J=compiled Java code, j=interpreted, Vv=VM code, C=native code)


Current CompileTask:
C2:   2550 1075       4       com.android.dx.ssa.DeadCodeRemover::isCircularNoSideEffect (140 bytes)


---------------  P R O C E S S  ---------------

Java Threads: ( => current thread )
  0x0000000016461800 JavaThread "pool-1-thread-4" [_thread_in_Java, id=1684, stack(0x0000000016cc0000,0x0000000016dc0000)]
  0x0000000016434800 JavaThread "pool-1-thread-3" [_thread_in_vm, id=8596, stack(0x0000000016bc0000,0x0000000016cc0000)]
  0x0000000016434000 JavaThread "pool-1-thread-2" [_thread_in_Java, id=7996, stack(0x0000000016ac0000,0x0000000016bc0000)]
  0x000000001642f000 JavaThread "pool-2-thread-1" [_thread_blocked, id=3840, stack(0x00000000169c0000,0x0000000016ac0000)]
  0x000000001642e800 JavaThread "pool-1-thread-1" [_thread_in_vm, id=6628, stack(0x00000000168c0000,0x00000000169c0000)]
  0x0000000016230800 JavaThread "Service Thread" daemon [_thread_blocked, id=5116, stack(0x00000000166c0000,0x00000000167c0000)]
  0x00000000161f9000 JavaThread "C1 CompilerThread2" daemon [_thread_in_native, id=5712, stack(0x00000000165c0000,0x00000000166c0000)]
  0x0000000014a59800 JavaThread "C2 CompilerThread1" daemon [_thread_in_native, id=8588, stack(0x00000000160c0000,0x00000000161c0000)]
=>0x0000000014a09800 JavaThread "C2 CompilerThread0" daemon [_thread_in_native, id=7760, stack(0x0000000015fc0000,0x00000000160c0000)]
  0x0000000014a08000 JavaThread "Attach Listener" daemon [_thread_blocked, id=8964, stack(0x0000000015ec0000,0x0000000015fc0000)]
  0x0000000014a57800 JavaThread "Signal Dispatcher" daemon [_thread_blocked, id=3816, stack(0x0000000015dc0000,0x0000000015ec0000)]
  0x0000000002326800 JavaThread "Finalizer" daemon [_thread_blocked, id=1732, stack(0x0000000015c70000,0x0000000015d70000)]
  0x0000000002321000 JavaThread "Reference Handler" daemon [_thread_blocked, id=1408, stack(0x0000000015b70000,0x0000000015c70000)]
  0x0000000002230800 JavaThread "main" [_thread_in_Java, id=5416, stack(0x0000000002130000,0x0000000002230000)]

Other Threads:
  0x00000000149c5000 VMThread [stack: 0x0000000015a70000,0x0000000015b70000] [id=6028]
  0x0000000016232000 WatcherThread [stack: 0x00000000167c0000,0x00000000168c0000] [id=8068]

VM state:not at safepoint (normal execution)

VM Mutex/Monitor currently owned by a thread: None

Heap:
 PSYoungGen      total 18944K, used 14049K [0x00000000eab00000, 0x00000000ec000000, 0x0000000100000000)
  eden space 16384K, 70% used [0x00000000eab00000,0x00000000eb63bbf8,0x00000000ebb00000)
  from space 2560K, 99% used [0x00000000ebb00000,0x00000000ebd7cab0,0x00000000ebd80000)
  to   space 2560K, 0% used [0x00000000ebd80000,0x00000000ebd80000,0x00000000ec000000)
 ParOldGen       total 44032K, used 2028K [0x00000000c0000000, 0x00000000c2b00000, 0x00000000eab00000)
  object space 44032K, 4% used [0x00000000c0000000,0x00000000c01fb048,0x00000000c2b00000)
 Metaspace       used 5872K, capacity 6832K, committed 7040K, reserved 1056768K
  class space    used 570K, capacity 616K, committed 640K, reserved 1048576K

Card table byte_map: [0x00000000116f0000,0x0000000011900000] byte_map_base: 0x00000000110f0000

Marking Bits: (ParMarkBitMap*) 0x0000000069e99d00
 Begin Bits: [0x0000000011e60000, 0x0000000012e60000)
 End Bits:   [0x0000000012e60000, 0x0000000013e60000)

Polling page: 0x0000000000530000

CodeCache: size=245760Kb used=4317Kb max_used=4317Kb free=241442Kb
 bounds [0x0000000002330000, 0x0000000002770000, 0x0000000011330000]
 total_blobs=1356 nmethods=1087 adapters=183
 compilation: enabled

Compilation events (10 events):
Event: 2.532 Thread 0x00000000161f9000 nmethod 1092 0x00000000027558d0 code [0x0000000002755a40, 0x0000000002755c38]
Event: 2.532 Thread 0x00000000161f9000 1093       3       com.android.dx.rop.code.RopMethod::<init> (53 bytes)
Event: 2.533 Thread 0x00000000161f9000 nmethod 1093 0x0000000002755210 code [0x00000000027553a0, 0x0000000002755778]
Event: 2.533 Thread 0x00000000161f9000 1094       3       com.android.dx.cf.code.Ropper::getSpecialLabel (20 bytes)
Event: 2.533 Thread 0x00000000161f9000 nmethod 1094 0x0000000002760fd0 code [0x0000000002761140, 0x0000000002761510]
Event: 2.545 Thread 0x00000000161f9000 1095       1       com.android.dx.cf.code.BaseMachine::auxType (6 bytes)
Event: 2.545 Thread 0x00000000161f9000 nmethod 1095 0x0000000002760cd0 code [0x0000000002760e20, 0x0000000002760f50]
Event: 2.546 Thread 0x00000000161f9000 1096       3       com.android.dx.cf.code.BasicBlocker::visitNoArgs (298 bytes)
Event: 2.547 Thread 0x00000000161f9000 nmethod 1096 0x000000000276ac10 code [0x000000000276ae80, 0x000000000276bc38]
Event: 2.548 Thread 0x00000000161f9000 1097       3       com.android.dx.cf.code.Simulator$SimVisitor::visitNoArgs (2136 bytes)

GC Heap History (2 events):
Event: 1.960 GC heap before
{Heap before GC invocations=1 (full 0):
 PSYoungGen      total 18944K, used 16384K [0x00000000eab00000, 0x00000000ec000000, 0x0000000100000000)
  eden space 16384K, 100% used [0x00000000eab00000,0x00000000ebb00000,0x00000000ebb00000)
  from space 2560K, 0% used [0x00000000ebd80000,0x00000000ebd80000,0x00000000ec000000)
  to   space 2560K, 0% used [0x00000000ebb00000,0x00000000ebb00000,0x00000000ebd80000)
 ParOldGen       total 44032K, used 0K [0x00000000c0000000, 0x00000000c2b00000, 0x00000000eab00000)
  object space 44032K, 0% used [0x00000000c0000000,0x00000000c0000000,0x00000000c2b00000)
 Metaspace       used 5727K, capacity 6672K, committed 6784K, reserved 1056768K
  class space    used 567K, capacity 584K, committed 640K, reserved 1048576K
Event: 2.091 GC heap after
Heap after GC invocations=1 (full 0):
 PSYoungGen      total 18944K, used 2546K [0x00000000eab00000, 0x00000000ec000000, 0x0000000100000000)
  eden space 16384K, 0% used [0x00000000eab00000,0x00000000eab00000,0x00000000ebb00000)
  from space 2560K, 99% used [0x00000000ebb00000,0x00000000ebd7cab0,0x00000000ebd80000)
  to   space 2560K, 0% used [0x00000000ebd80000,0x00000000ebd80000,0x00000000ec000000)
 ParOldGen       total 44032K, used 2028K [0x00000000c0000000, 0x00000000c2b00000, 0x00000000eab00000)
  object space 44032K, 4% used [0x00000000c0000000,0x00000000c01fb048,0x00000000c2b00000)
 Metaspace       used 5727K, capacity 6672K, committed 6784K, reserved 1056768K
  class space    used 567K, capacity 584K, committed 640K, reserved 1048576K
}

Deoptimization events (5 events):
Event: 0.441 Thread 0x0000000002230800 Uncommon trap: reason=unstable_if action=reinterpret pc=0x0000000002479958 method=java.lang.String.indexOf(II)I @ 49
Event: 1.955 Thread 0x0000000016461800 Uncommon trap: reason=null_check action=make_not_entrant pc=0x00000000026aa428 method=com.android.dx.rop.type.Type.equals(Ljava/lang/Object;)Z @ 8
Event: 2.103 Thread 0x0000000016434000 Uncommon trap: reason=unstable_if action=reinterpret pc=0x00000000026d11b8 method=com.android.dx.cf.code.Ropper.labelToResultIndex(I)I @ 34
Event: 2.187 Thread 0x0000000016434000 Uncommon trap: reason=class_check action=maybe_recompile pc=0x000000000263b1e0 method=com.android.dx.ssa.NormalSsaInsn.accept(Lcom/android/dx/ssa/SsaInsn$Visitor;)V @ 9
Event: 2.187 Thread 0x0000000016434000 Uncommon trap: reason=class_check action=maybe_recompile pc=0x0000000002625cdc method=com.android.dx.ssa.NormalSsaInsn.accept(Lcom/android/dx/ssa/SsaInsn$Visitor;)V @ 9

Internal exceptions (3 events):
Event: 0.049 Thread 0x0000000002230800 Exception <a 'java/lang/NoSuchMethodError': Method sun.misc.Unsafe.defineClass(Ljava/lang/String;[BII)Ljava/lang/Class; name or signature does not match> (0x00000000eab07cc0) thrown at [C:\src\android\AOSP-openjdk\external\jetbrains\jdk\hotspot\src\share\vH›ﬁ]‰®?
Event: 0.049 Thread 0x0000000002230800 Exception <a 'java/lang/NoSuchMethodError': Method sun.misc.Unsafe.prefetchRead(Ljava/lang/Object;J)V name or signature does not match> (0x00000000eab07fa8) thrown at [C:\src\android\AOSP-openjdk\external\jetbrains\jdk\hotspot\src\share\vm\prims\jni.cpp, l˘ÿÅ—Fˇ?
Event: 1.955 Thread 0x0000000016461800 Implicit null exception at 0x00000000026aa322 to 0x00000000026aa41a

Events (10 events):
Event: 2.186 loading class java/util/TreeMap$EntrySet
Event: 2.186 loading class java/util/TreeMap$EntrySet done
Event: 2.186 loading class java/util/TreeMap$EntryIterator
Event: 2.186 loading class java/util/TreeMap$EntryIterator done
Event: 2.187 Thread 0x0000000016434000 Uncommon trap: trap_request=0xffffffde fr.pc=0x000000000263b1e0
Event: 2.187 Thread 0x0000000016434000 DEOPT PACKING pc=0x000000000263b1e0 sp=0x0000000016bbe8a0
Event: 2.187 Thread 0x0000000016434000 DEOPT UNPACKING pc=0x000000000237556a sp=0x0000000016bbe7f0 mode 2
Event: 2.187 Thread 0x0000000016434000 Uncommon trap: trap_request=0xffffffde fr.pc=0x0000000002625cdc
Event: 2.187 Thread 0x0000000016434000 DEOPT PACKING pc=0x0000000002625cdc sp=0x0000000016bbe810
Event: 2.187 Thread 0x0000000016434000 DEOPT UNPACKING pc=0x000000000237556a sp=0x0000000016bbe7e0 mode 2


Dynamic libraries:
0x00007ff7211f0000 - 0x00007ff721221000 	C:\Program Files\Android\Android Studio\jre\bin\java.exe
0x00007ff81a820000 - 0x00007ff81a9c9000 	C:\Windows\SYSTEM32\ntdll.dll
0x00007ff81a630000 - 0x00007ff81a769000 	C:\Windows\system32\KERNEL32.DLL
0x00007ff817d70000 - 0x00007ff817e7e000 	C:\Windows\system32\KERNELBASE.dll
0x00007ff81a770000 - 0x00007ff81a815000 	C:\Windows\system32\ADVAPI32.dll
0x00007ff818440000 - 0x00007ff8185b1000 	C:\Windows\system32\USER32.dll
0x00007ff815db0000 - 0x00007ff81600a000 	C:\Windows\WinSxS\amd64_microsoft.windows.common-controls_6595b64144ccf1df_6.0.9600.16384_none_62475f7becb72503\COMCTL32.dll
0x00007ff818390000 - 0x00007ff818437000 	C:\Windows\system32\msvcrt.dll
0x00007ff818eb0000 - 0x00007ff818f07000 	C:\Windows\SYSTEM32\sechost.dll
0x00007ff8180b0000 - 0x00007ff8181e6000 	C:\Windows\system32\RPCRT4.dll
0x00007ff818920000 - 0x00007ff818a65000 	C:\Windows\system32\GDI32.dll
0x00007ff818880000 - 0x00007ff8188b4000 	C:\Windows\system32\IMM32.DLL
0x00007ff818f20000 - 0x00007ff819059000 	C:\Windows\system32\MSCTF.dll
0x0000000069600000 - 0x00000000696d2000 	C:\Program Files\Android\Android Studio\jre\jre\bin\msvcr100.dll
0x00000000696e0000 - 0x0000000069f14000 	C:\Program Files\Android\Android Studio\jre\jre\bin\server\jvm.dll
0x00007ff811c00000 - 0x00007ff811c09000 	C:\Windows\SYSTEM32\WSOCK32.dll
0x00007ff814990000 - 0x00007ff8149af000 	C:\Windows\SYSTEM32\WINMM.dll
0x00007ff8149b0000 - 0x00007ff8149ba000 	C:\Windows\SYSTEM32\VERSION.dll
0x00007ff818d20000 - 0x00007ff818d27000 	C:\Windows\system32\PSAPI.DLL
0x00007ff819160000 - 0x00007ff8191b8000 	C:\Windows\system32\WS2_32.dll
0x00007ff814950000 - 0x00007ff81497a000 	C:\Windows\SYSTEM32\WINMMBASE.dll
0x00007ff818d10000 - 0x00007ff818d19000 	C:\Windows\system32\NSI.dll
0x00007ff817e80000 - 0x00007ff817eca000 	C:\Windows\SYSTEM32\cfgmgr32.dll
0x00007ff816a20000 - 0x00007ff816a46000 	C:\Windows\SYSTEM32\DEVOBJ.dll
0x00007ff815870000 - 0x00007ff81587f000 	C:\Program Files\Android\Android Studio\jre\jre\bin\verify.dll
0x00007ff80da40000 - 0x00007ff80da69000 	C:\Program Files\Android\Android Studio\jre\jre\bin\java.dll
0x00007ff80d920000 - 0x00007ff80d936000 	C:\Program Files\Android\Android Studio\jre\jre\bin\zip.dll
0x00007ff8191c0000 - 0x00007ff81a5cd000 	C:\Windows\system32\SHELL32.dll
0x00007ff8186a0000 - 0x00007ff818877000 	C:\Windows\SYSTEM32\combase.dll
0x00007ff81a5d0000 - 0x00007ff81a621000 	C:\Windows\system32\SHLWAPI.dll
0x00007ff8161f0000 - 0x00007ff816291000 	C:\Windows\SYSTEM32\SHCORE.dll
0x00007ff817ba0000 - 0x00007ff817bb4000 	C:\Windows\SYSTEM32\profapi.dll

VM Arguments:
jvm_args: -Djava.awt.headless=true -Xmx1024M -Dfile.encoding=GBK -Duser.country=CN -Duser.language=zh -Duser.variant 
java_command: com.android.dx.command.Main --dex --verbose --force-jumbo --num-threads=4 --output D:\Use_maps\app\build\intermediates\pre-dexed\debug\locSDK_6.23_ff585ea5dde446b0ac6efe5bba48c668dff55aea.jar D:\Use_maps\app\libs\locSDK_6.23.jar
java_class_path (initial): C:\Users\Administrator\AppData\Local\Android\sdk1\build-tools\24.0.3\lib\dx.jar
Launcher Type: SUN_STANDARD

Environment Variables:
JAVA_HOME=D:\java jdk
PATH=C:\ProgramData\Oracle\Java\javapath;C:\Windows\system32;C:\Windows;C:\Windows\System32\Wbem;C:\Windows\System32\WindowsPowerShell\v1.0\;D:\java jdk\bin
USERNAME=Administrator
OS=Windows_NT
PROCESSOR_IDENTIFIER=Intel64 Family 6 Model 69 Stepping 1, GenuineIntel



---------------  S Y S T E M  ---------------

OS: Windows 8.1 , 64 bit Build 9600 (6.3.9600.16656)

CPU:total 4 (2 cores per cpu, 2 threads per core) family 6 model 69 stepping 1, cmov, cx8, fxsr, mmx, sse, sse2, sse3, ssse3, sse4.1, sse4.2, popcnt, avx, avx2, aes, clmul, erms, lzcnt, ht, tsc, tscinvbit, bmi1, bmi2

Memory: 4k page, physical 4095976k(743980k free), swap 4095976k(5236k free)

vm_info: OpenJDK 64-Bit Server VM (25.76-b03) for windows-amd64 JRE (1.8.0_76-release-b03), built on Jun 29 2016 19:09:20 by "ralucas" with MS VC++ 10.0 (VS2010)

time: Sat Oct 15 14:03:26 2016
elapsed time: 2 seconds (0d 0h 0m 2s)

