#
# There is insufficient memory for the Java Runtime Environment to continue.
# Native memory allocation (malloc) failed to allocate 32744 bytes for ChunkPool::allocate
# Possible reasons:
#   The system is out of physical RAM or swap space
#   In 32 bit mode, the process size limit was hit
# Possible solutions:
#   Reduce memory load on the system
#   Increase physical memory or swap space
#   Check if swap backing store is full
#   Use 64 bit Java on a 64 bit OS
#   Decrease Java heap size (-Xmx/-Xms)
#   Decrease number of Java threads
#   Decrease Java thread stack sizes (-Xss)
#   Set larger code cache with -XX:ReservedCodeCacheSize=
# This output file may be truncated or incomplete.
#
#  Out of Memory Error (allocation.cpp:273), pid=6696, tid=0x0000000000001f20
#
# JRE version: OpenJDK Runtime Environment (8.0_76-b03) (build 1.8.0_76-release-b03)
# Java VM: OpenJDK 64-Bit Server VM (25.76-b03 mixed mode windows-amd64 compressed oops)
# Failed to write core dump. Minidumps are not enabled by default on client versions of Windows
#

---------------  T H R E A D  ---------------

Current thread (0x0000000015f0a000):  JavaThread "C2 CompilerThread1" daemon [_thread_in_native, id=7968, stack(0x00000000162c0000,0x00000000163c0000)]

Stack: [0x00000000162c0000,0x00000000163c0000]
[error occurred during error reporting (printing stack bounds), id 0xc0000005]

Native frames: (J=compiled Java code, j=interpreted, Vv=VM code, C=native code)


Current CompileTask:
C2:    730  429       4       java.util.HashMap::getNode (148 bytes)


---------------  P R O C E S S  ---------------

Java Threads: ( => current thread )
  0x0000000015f1f000 JavaThread "Service Thread" daemon [_thread_blocked, id=6092, stack(0x00000000164c0000,0x00000000165c0000)]
  0x0000000015f14800 JavaThread "C1 CompilerThread2" daemon [_thread_in_native, id=1252, stack(0x00000000163c0000,0x00000000164c0000)]
=>0x0000000015f0a000 JavaThread "C2 CompilerThread1" daemon [_thread_in_native, id=7968, stack(0x00000000162c0000,0x00000000163c0000)]
  0x00000000148b6800 JavaThread "C2 CompilerThread0" daemon [_thread_blocked, id=7956, stack(0x0000000015dc0000,0x0000000015ec0000)]
  0x000000001486b800 JavaThread "Attach Listener" daemon [_thread_blocked, id=7900, stack(0x0000000015cc0000,0x0000000015dc0000)]
  0x0000000014869800 JavaThread "Signal Dispatcher" daemon [_thread_blocked, id=3132, stack(0x0000000015bc0000,0x0000000015cc0000)]
  0x0000000014848000 JavaThread "Finalizer" daemon [_thread_blocked, id=7720, stack(0x0000000015ac0000,0x0000000015bc0000)]
  0x00000000020ff000 JavaThread "Reference Handler" daemon [_thread_blocked, id=8008, stack(0x00000000159c0000,0x0000000015ac0000)]
  0x0000000002010800 JavaThread "main" [_thread_in_Java, id=7836, stack(0x0000000001be0000,0x0000000001ce0000)]

Other Threads:
  0x0000000014825800 VMThread [stack: 0x00000000158c0000,0x00000000159c0000] [id=7412]
  0x0000000015f20000 WatcherThread [stack: 0x00000000165c0000,0x00000000166c0000] [id=6684]

VM state:not at safepoint (normal execution)

VM Mutex/Monitor currently owned by a thread: None

Heap:
 PSYoungGen      total 18944K, used 7476K [0x00000000eab00000, 0x00000000ec000000, 0x0000000100000000)
  eden space 16384K, 45% used [0x00000000eab00000,0x00000000eb24d130,0x00000000ebb00000)
  from space 2560K, 0% used [0x00000000ebd80000,0x00000000ebd80000,0x00000000ec000000)
  to   space 2560K, 0% used [0x00000000ebb00000,0x00000000ebb00000,0x00000000ebd80000)
 ParOldGen       total 44032K, used 0K [0x00000000c0000000, 0x00000000c2b00000, 0x00000000eab00000)
  object space 44032K, 0% used [0x00000000c0000000,0x00000000c0000000,0x00000000c2b00000)
 Metaspace       used 4715K, capacity 6160K, committed 6272K, reserved 1056768K
  class space    used 513K, capacity 584K, committed 640K, reserved 1048576K

Card table byte_map: [0x0000000011550000,0x0000000011760000] byte_map_base: 0x0000000010f50000

Marking Bits: (ParMarkBitMap*) 0x0000000077a99d00
 Begin Bits: [0x0000000011cc0000, 0x0000000012cc0000)
 End Bits:   [0x0000000012cc0000, 0x0000000013cc0000)

Polling page: 0x00000000003b0000

CodeCache: size=245760Kb used=1863Kb max_used=1863Kb free=243896Kb
 bounds [0x0000000002190000, 0x0000000002400000, 0x0000000011190000]
 total_blobs=684 nmethods=426 adapters=172
 compilation: enabled

Compilation events (10 events):
Event: 0.726 Thread 0x0000000015f14800 nmethod 426 0x0000000002361990 code [0x0000000002361ae0, 0x0000000002361bd0]
Event: 0.726 Thread 0x0000000015f14800  427       1       com.android.dx.ssa.Dominators::access$200 (5 bytes)
Event: 0.726 Thread 0x0000000015f14800 nmethod 427 0x0000000002361c50 code [0x0000000002361da0, 0x0000000002361e90]
Event: 0.726 Thread 0x0000000015f14800  425       3       com.android.dx.rop.code.PlainInsn::accept (8 bytes)
Event: 0.726 Thread 0x0000000015f14800 nmethod 425 0x0000000002361f10 code [0x0000000002362080, 0x00000000023622a8]
Event: 0.726 Thread 0x0000000015f14800  428       1       com.android.dx.ssa.SsaRenamer::access$1100 (5 bytes)
Event: 0.726 Thread 0x0000000015f14800 nmethod 428 0x0000000002362390 code [0x00000000023624e0, 0x00000000023625d0]
Event: 0.726 Thread 0x0000000015f14800  420       3       com.android.dx.rop.code.InsnList::<init> (6 bytes)
Event: 0.727 Thread 0x0000000015f14800 nmethod 420 0x0000000002362650 code [0x00000000023627c0, 0x0000000002362948]
Event: 0.727 Thread 0x0000000015f14800  422   !   3       com.android.dx.cf.code.BytecodeArray::parseInstruction (2764 bytes)

GC Heap History (0 events):
No events

Deoptimization events (0 events):
No events

Internal exceptions (2 events):
Event: 0.056 Thread 0x0000000002010800 Exception <a 'java/lang/NoSuchMethodError': Method sun.misc.Unsafe.defineClass(Ljava/lang/String;[BII)Ljava/lang/Class; name or signature does not match> (0x00000000eab07cc0) thrown at [C:\src\android\AOSP-openjdk\external\jetbrains\jdk\hotspot\src\share\v»)]s[º¬?
Event: 0.056 Thread 0x0000000002010800 Exception <a 'java/lang/NoSuchMethodError': Method sun.misc.Unsafe.prefetchRead(Ljava/lang/Object;J)V name or signature does not match> (0x00000000eab07fa8) thrown at [C:\src\android\AOSP-openjdk\external\jetbrains\jdk\hotspot\src\share\vm\prims\jni.cpp, l

Events (10 events):
Event: 0.710 loading class com/android/dx/rop/annotation/Annotation
Event: 0.710 loading class com/android/dx/rop/annotation/Annotation done
Event: 0.711 loading class com/android/dx/rop/annotation/AnnotationVisibility
Event: 0.711 loading class com/android/dx/rop/annotation/AnnotationVisibility done
Event: 0.713 loading class com/android/dx/rop/annotation/NameValuePair
Event: 0.713 loading class com/android/dx/rop/annotation/NameValuePair done
Event: 0.715 loading class com/android/dx/dex/file/AnnotationItem
Event: 0.715 loading class com/android/dx/dex/file/AnnotationItem done
Event: 0.717 loading class com/android/dx/dex/file/AnnotationItem$TypeIdSorter
Event: 0.717 loading class com/android/dx/dex/file/AnnotationItem$TypeIdSorter done


Dynamic libraries:
0x00007ff709180000 - 0x00007ff7091b1000 	D:\android studio\jre\bin\java.exe
0x00007ffcd61d0000 - 0x00007ffcd6379000 	C:\Windows\SYSTEM32\ntdll.dll
0x00007ffcd56e0000 - 0x00007ffcd5819000 	C:\Windows\system32\KERNEL32.DLL
0x00007ffcd3670000 - 0x00007ffcd377e000 	C:\Windows\system32\KERNELBASE.dll
0x00007ffcd6120000 - 0x00007ffcd61c5000 	C:\Windows\system32\ADVAPI32.dll
0x00007ffcd5d50000 - 0x00007ffcd5ec1000 	C:\Windows\system32\USER32.dll
0x00007ffcd1740000 - 0x00007ffcd199a000 	C:\Windows\WinSxS\amd64_microsoft.windows.common-controls_6595b64144ccf1df_6.0.9600.16384_none_62475f7becb72503\COMCTL32.dll
0x00007ffcd3a60000 - 0x00007ffcd3b07000 	C:\Windows\system32\msvcrt.dll
0x00007ffcd6090000 - 0x00007ffcd60e7000 	C:\Windows\SYSTEM32\sechost.dll
0x00007ffcd5c10000 - 0x00007ffcd5d46000 	C:\Windows\system32\RPCRT4.dll
0x00007ffcd5480000 - 0x00007ffcd55c5000 	C:\Windows\system32\GDI32.dll
0x00007ffcd55d0000 - 0x00007ffcd5604000 	C:\Windows\system32\IMM32.DLL
0x00007ffcd5ab0000 - 0x00007ffcd5be9000 	C:\Windows\system32\MSCTF.dll
0x0000000077200000 - 0x00000000772d2000 	D:\android studio\jre\jre\bin\msvcr100.dll
0x00000000772e0000 - 0x0000000077b14000 	D:\android studio\jre\jre\bin\server\jvm.dll
0x00007ffccbaf0000 - 0x00007ffccbaf9000 	C:\Windows\SYSTEM32\WSOCK32.dll
0x00007ffcd10f0000 - 0x00007ffcd110f000 	C:\Windows\SYSTEM32\WINMM.dll
0x00007ffcd1640000 - 0x00007ffcd164a000 	C:\Windows\SYSTEM32\VERSION.dll
0x00007ffcd56d0000 - 0x00007ffcd56d7000 	C:\Windows\system32\PSAPI.DLL
0x00007ffcd5610000 - 0x00007ffcd5668000 	C:\Windows\system32\WS2_32.dll
0x00007ffcd0f20000 - 0x00007ffcd0f4a000 	C:\Windows\SYSTEM32\WINMMBASE.dll
0x00007ffcd60f0000 - 0x00007ffcd60f9000 	C:\Windows\system32\NSI.dll
0x00007ffcd3780000 - 0x00007ffcd37ca000 	C:\Windows\SYSTEM32\cfgmgr32.dll
0x00007ffcd23d0000 - 0x00007ffcd23f6000 	C:\Windows\SYSTEM32\DEVOBJ.dll
0x00007ffccb370000 - 0x00007ffccb37f000 	D:\android studio\jre\jre\bin\verify.dll
0x00007ffccb340000 - 0x00007ffccb369000 	D:\android studio\jre\jre\bin\java.dll
0x00007ffccb320000 - 0x00007ffccb336000 	D:\android studio\jre\jre\bin\zip.dll
0x00007ffcd3b10000 - 0x00007ffcd4f1d000 	C:\Windows\system32\SHELL32.dll
0x00007ffcd50c0000 - 0x00007ffcd5297000 	C:\Windows\SYSTEM32\combase.dll
0x00007ffcd5ed0000 - 0x00007ffcd5f21000 	C:\Windows\system32\SHLWAPI.dll
0x00007ffcd2140000 - 0x00007ffcd21e1000 	C:\Windows\SYSTEM32\SHCORE.dll
0x00007ffcd3550000 - 0x00007ffcd3564000 	C:\Windows\SYSTEM32\profapi.dll

VM Arguments:
jvm_args: -Djava.awt.headless=true -Xmx1024M -Dfile.encoding=GBK -Duser.country=CN -Duser.language=zh -Duser.variant 
java_command: com.android.dx.command.Main --dex --force-jumbo --output D:\Use_maps\app\build\intermediates\pre-dexed\debug\main_f4de219a65d37f3b989681d4da5957fd682361ee.jar D:\Use_maps\app\build\intermediates\transforms\instantRun\debug\folders\1\5\main
java_class_path (initial): C:\Users\Administrator\AppData\Local\Android\Sdk\build-tools\20.0.0\lib\dx.jar
Launcher Type: SUN_STANDARD

Environment Variables:
JAVA_HOME=D:\java jdk
PATH=C:\ProgramData\Oracle\Java\javapath;D:\oracle_client\main\bin;E:\oracle_steup\product\11.2.0\dbhome_1\bin;C:\Windows\system32;C:\Windows;C:\Windows\System32\Wbem;C:\Windows\System32\WindowsPowerShell\v1.0\;D:\java jdk\bin
USERNAME=Administrator
OS=Windows_NT
PROCESSOR_IDENTIFIER=Intel64 Family 6 Model 69 Stepping 1, GenuineIntel



---------------  S Y S T E M  ---------------

OS: Windows 8.1 , 64 bit Build 9600 (6.3.9600.16656)

CPU:total 4 (2 cores per cpu, 2 threads per core) family 6 model 69 stepping 1, cmov, cx8, fxsr, mmx, sse, sse2, sse3, ssse3, sse4.1, sse4.2, popcnt, avx, avx2, aes, clmul, erms, lzcnt, ht, tsc, tscinvbit, bmi1, bmi2

Memory: 4k page, physical 4095976k(653376k free), swap 4095976k(5056k free)

vm_info: OpenJDK 64-Bit Server VM (25.76-b03) for windows-amd64 JRE (1.8.0_76-release-b03), built on Jun 29 2016 19:09:20 by "ralucas" with MS VC++ 10.0 (VS2010)

time: Thu Oct 13 18:11:11 2016
elapsed time: 0 seconds (0d 0h 0m 0s)

