#
# There is insufficient memory for the Java Runtime Environment to continue.
# Native memory allocation (malloc) failed to allocate 262160 bytes for Chunk::new
# Possible reasons:
#   The system is out of physical RAM or swap space
#   In 32 bit mode, the process size limit was hit
# Possible solutions:
#   Reduce memory load on the system
#   Increase physical memory or swap space
#   Check if swap backing store is full
#   Use 64 bit Java on a 64 bit OS
#   Decrease Java heap size (-Xmx/-Xms)
#   Decrease number of Java threads
#   Decrease Java thread stack sizes (-Xss)
#   Set larger code cache with -XX:ReservedCodeCacheSize=
# This output file may be truncated or incomplete.
#
#  Out of Memory Error (allocation.cpp:390), pid=8232, tid=0x0000000000001430
#
# JRE version: OpenJDK Runtime Environment (8.0_76-b03) (build 1.8.0_76-release-b03)
# Java VM: OpenJDK 64-Bit Server VM (25.76-b03 mixed mode windows-amd64 compressed oops)
# Failed to write core dump. Minidumps are not enabled by default on client versions of Windows
#

---------------  T H R E A D  ---------------

Current thread (0x0000000016622800):  JavaThread "C2 CompilerThread1" daemon [_thread_in_native, id=5168, stack(0x00000000169d0000,0x0000000016ad0000)]

Stack: [0x00000000169d0000,0x0000000016ad0000]
[error occurred during error reporting (printing stack bounds), id 0xc0000005]

Native frames: (J=compiled Java code, j=interpreted, Vv=VM code, C=native code)


Current CompileTask:
C2:   3157 1209   !   4       com.android.dx.cf.code.BytecodeArray::parseInstruction (2764 bytes)


---------------  P R O C E S S  ---------------

Java Threads: ( => current thread )
  0x000000001686b000 JavaThread "pool-1-thread-4" [_thread_in_Java, id=7368, stack(0x00000000171d0000,0x00000000172d0000)]
  0x0000000016867000 JavaThread "pool-1-thread-3" [_thread_blocked, id=6092, stack(0x00000000170d0000,0x00000000171d0000)]
  0x0000000016866000 JavaThread "pool-1-thread-2" [_thread_in_Java, id=8572, stack(0x0000000016fd0000,0x00000000170d0000)]
  0x0000000016861800 JavaThread "pool-2-thread-1" [_thread_blocked, id=6660, stack(0x0000000016ed0000,0x0000000016fd0000)]
  0x0000000016860000 JavaThread "pool-1-thread-1" [_thread_blocked, id=648, stack(0x0000000016dd0000,0x0000000016ed0000)]
  0x000000001662b800 JavaThread "Service Thread" daemon [_thread_blocked, id=9192, stack(0x0000000016bd0000,0x0000000016cd0000)]
  0x0000000016625000 JavaThread "C1 CompilerThread2" daemon [_thread_in_native, id=4496, stack(0x0000000016ad0000,0x0000000016bd0000)]
=>0x0000000016622800 JavaThread "C2 CompilerThread1" daemon [_thread_in_native, id=5168, stack(0x00000000169d0000,0x0000000016ad0000)]
  0x0000000014f8b800 JavaThread "C2 CompilerThread0" daemon [_thread_in_native, id=8900, stack(0x00000000164d0000,0x00000000165d0000)]
  0x0000000014f8a000 JavaThread "Attach Listener" daemon [_thread_blocked, id=6464, stack(0x00000000163d0000,0x00000000164d0000)]
  0x0000000014fd7800 JavaThread "Signal Dispatcher" daemon [_thread_blocked, id=9068, stack(0x00000000162d0000,0x00000000163d0000)]
  0x0000000014f68800 JavaThread "Finalizer" daemon [_thread_blocked, id=7180, stack(0x00000000161d0000,0x00000000162d0000)]
  0x00000000028a1000 JavaThread "Reference Handler" daemon [_thread_blocked, id=6508, stack(0x00000000160d0000,0x00000000161d0000)]
  0x00000000027b0800 JavaThread "main" [_thread_in_Java, id=8772, stack(0x0000000002630000,0x0000000002730000)]

Other Threads:
  0x0000000014f45000 VMThread [stack: 0x0000000015fd0000,0x00000000160d0000] [id=8524]
  0x000000001662e000 WatcherThread [stack: 0x0000000016cd0000,0x0000000016dd0000] [id=5372]

VM state:not at safepoint (normal execution)

VM Mutex/Monitor currently owned by a thread: None

Heap:
 PSYoungGen      total 18944K, used 15207K [0x00000000eab00000, 0x00000000ec000000, 0x0000000100000000)
  eden space 16384K, 77% used [0x00000000eab00000,0x00000000eb759ff8,0x00000000ebb00000)
  from space 2560K, 99% used [0x00000000ebb00000,0x00000000ebd7fc98,0x00000000ebd80000)
  to   space 2560K, 0% used [0x00000000ebd80000,0x00000000ebd80000,0x00000000ec000000)
 ParOldGen       total 44032K, used 1603K [0x00000000c0000000, 0x00000000c2b00000, 0x00000000eab00000)
  object space 44032K, 3% used [0x00000000c0000000,0x00000000c0190ea8,0x00000000c2b00000)
 Metaspace       used 5994K, capacity 6864K, committed 7040K, reserved 1056768K
  class space    used 570K, capacity 584K, committed 640K, reserved 1048576K

Card table byte_map: [0x0000000011c70000,0x0000000011e80000] byte_map_base: 0x0000000011670000

Marking Bits: (ParMarkBitMap*) 0x0000000069e99d00
 Begin Bits: [0x00000000123e0000, 0x00000000133e0000)
 End Bits:   [0x00000000133e0000, 0x00000000143e0000)

Polling page: 0x0000000002280000

CodeCache: size=245760Kb used=4820Kb max_used=4820Kb free=240939Kb
 bounds [0x00000000028b0000, 0x0000000002d70000, 0x00000000118b0000]
 total_blobs=1492 nmethods=1220 adapters=186
 compilation: enabled

Compilation events (10 events):
Event: 3.149 Thread 0x0000000016625000 nmethod 1226 0x0000000002d63310 code [0x0000000002d634e0, 0x0000000002d63ca8]
Event: 3.149 Thread 0x0000000016625000 1224       3       com.android.dx.ssa.SsaMethod::convertRopToSsaBlocks (103 bytes)
Event: 3.151 Thread 0x0000000016625000 nmethod 1224 0x0000000002d658d0 code [0x0000000002d65b40, 0x0000000002d66d08]
Event: 3.151 Thread 0x0000000016625000 1229       3       com.android.dx.rop.code.Insn::equalsHandleNulls (23 bytes)
Event: 3.151 Thread 0x0000000016625000 nmethod 1229 0x0000000002d5e350 code [0x0000000002d5e4c0, 0x0000000002d5e788]
Event: 3.151 Thread 0x0000000016625000 1228       3       com.android.dx.ssa.back.FirstFitLocalCombiningAllocator::tryMapReg (41 bytes)
Event: 3.152 Thread 0x0000000016625000 nmethod 1228 0x0000000002d67710 code [0x0000000002d67940, 0x0000000002d68708]
Event: 3.152 Thread 0x0000000016625000 1230       3       com.android.dx.cf.code.BasicBlocker::visitNoArgs (298 bytes)
Event: 3.153 Thread 0x0000000016625000 nmethod 1230 0x0000000002d68dd0 code [0x0000000002d69040, 0x0000000002d69df8]
Event: 3.153 Thread 0x0000000016625000 1232       3       com.android.dx.cf.code.Simulator$SimVisitor::visitNoArgs (2136 bytes)

GC Heap History (2 events):
Event: 2.770 GC heap before
{Heap before GC invocations=1 (full 0):
 PSYoungGen      total 18944K, used 16384K [0x00000000eab00000, 0x00000000ec000000, 0x0000000100000000)
  eden space 16384K, 100% used [0x00000000eab00000,0x00000000ebb00000,0x00000000ebb00000)
  from space 2560K, 0% used [0x00000000ebd80000,0x00000000ebd80000,0x00000000ec000000)
  to   space 2560K, 0% used [0x00000000ebb00000,0x00000000ebb00000,0x00000000ebd80000)
 ParOldGen       total 44032K, used 0K [0x00000000c0000000, 0x00000000c2b00000, 0x00000000eab00000)
  object space 44032K, 0% used [0x00000000c0000000,0x00000000c0000000,0x00000000c2b00000)
 Metaspace       used 5775K, capacity 6672K, committed 6784K, reserved 1056768K
  class space    used 570K, capacity 584K, committed 640K, reserved 1048576K
Event: 2.810 GC heap after
Heap after GC invocations=1 (full 0):
 PSYoungGen      total 18944K, used 2559K [0x00000000eab00000, 0x00000000ec000000, 0x0000000100000000)
  eden space 16384K, 0% used [0x00000000eab00000,0x00000000eab00000,0x00000000ebb00000)
  from space 2560K, 99% used [0x00000000ebb00000,0x00000000ebd7fc98,0x00000000ebd80000)
  to   space 2560K, 0% used [0x00000000ebd80000,0x00000000ebd80000,0x00000000ec000000)
 ParOldGen       total 44032K, used 1603K [0x00000000c0000000, 0x00000000c2b00000, 0x00000000eab00000)
  object space 44032K, 3% used [0x00000000c0000000,0x00000000c0190ea8,0x00000000c2b00000)
 Metaspace       used 5775K, capacity 6672K, committed 6784K, reserved 1056768K
  class space    used 570K, capacity 584K, committed 640K, reserved 1048576K
}

Deoptimization events (7 events):
Event: 2.256 Thread 0x000000001686b000 Uncommon trap: reason=unstable_if action=reinterpret pc=0x00000000029fe594 method=java.util.regex.Pattern$BnM.optimize(Ljava/util/regex/Pattern$Node;)Ljava/util/regex/Pattern$Node; @ 22
Event: 2.257 Thread 0x000000001686b000 Uncommon trap: reason=class_check action=maybe_recompile pc=0x00000000029fd904 method=java.util.regex.Matcher.search(I)Z @ 86
Event: 2.257 Thread 0x000000001686b000 Uncommon trap: reason=unstable_if action=reinterpret pc=0x00000000029fd948 method=java.util.regex.Matcher.search(I)Z @ 30
Event: 2.348 Thread 0x0000000016866000 Uncommon trap: reason=unstable_if action=reinterpret pc=0x0000000002ace4f0 method=java.util.BitSet.nextSetBit(I)I @ 87
Event: 2.939 Thread 0x0000000016860000 Uncommon trap: reason=unstable_if action=reinterpret pc=0x0000000002c8f53c method=com.android.dx.util.IntList.binarysearch(I)I @ 105
Event: 2.992 Thread 0x0000000016860000 Uncommon trap: reason=null_check action=make_not_entrant pc=0x0000000002bda4e8 method=com.android.dx.rop.type.Type.equals(Ljava/lang/Object;)Z @ 8
Event: 3.065 Thread 0x0000000016860000 Uncommon trap: reason=bimorphic action=maybe_recompile pc=0x0000000002adf9b0 method=java.util.HashMap.getNode(ILjava/lang/Object;)Ljava/util/HashMap$Node; @ 126

Internal exceptions (3 events):
Event: 0.100 Thread 0x00000000027b0800 Exception <a 'java/lang/NoSuchMethodError': Method sun.misc.Unsafe.defineClass(Ljava/lang/String;[BII)Ljava/lang/Class; name or signature does not match> (0x00000000eab07cc0) thrown at [C:\src\android\AOSP-openjdk\external\jetbrains\jdk\hotspot\src\share\vª‰2/Ê†¹?
Event: 0.100 Thread 0x00000000027b0800 Exception <a 'java/lang/NoSuchMethodError': Method sun.misc.Unsafe.prefetchRead(Ljava/lang/Object;J)V name or signature does not match> (0x00000000eab07fa8) thrown at [C:\src\android\AOSP-openjdk\external\jetbrains\jdk\hotspot\src\share\vm\prims\jni.cpp, lçÜÁðî@
Event: 2.992 Thread 0x0000000016860000 Implicit null exception at 0x0000000002bda3e2 to 0x0000000002bda4da

Events (10 events):
Event: 2.810 Executing VM operation: ParallelGCFailedAllocation done
Event: 2.939 Thread 0x0000000016860000 Uncommon trap: trap_request=0xffffff65 fr.pc=0x0000000002c8f53c
Event: 2.939 Thread 0x0000000016860000 DEOPT PACKING pc=0x0000000002c8f53c sp=0x0000000016ece7b0
Event: 2.939 Thread 0x0000000016860000 DEOPT UNPACKING pc=0x00000000028f556a sp=0x0000000016ece728 mode 2
Event: 2.992 Thread 0x0000000016860000 Uncommon trap: trap_request=0xfffffff4 fr.pc=0x0000000002bda4e8
Event: 2.992 Thread 0x0000000016860000 DEOPT PACKING pc=0x0000000002bda4e8 sp=0x0000000016ece4a0
Event: 2.992 Thread 0x0000000016860000 DEOPT UNPACKING pc=0x00000000028f556a sp=0x0000000016ece438 mode 2
Event: 3.065 Thread 0x0000000016860000 Uncommon trap: trap_request=0xffffffc6 fr.pc=0x0000000002adf9b0
Event: 3.065 Thread 0x0000000016860000 DEOPT PACKING pc=0x0000000002adf9b0 sp=0x0000000016ece850
Event: 3.065 Thread 0x0000000016860000 DEOPT UNPACKING pc=0x00000000028f556a sp=0x0000000016ece778 mode 2


Dynamic libraries:
0x00007ff7211f0000 - 0x00007ff721221000 	C:\Program Files\Android\Android Studio\jre\bin\java.exe
0x00007ff81a820000 - 0x00007ff81a9c9000 	C:\Windows\SYSTEM32\ntdll.dll
0x00007ff81a630000 - 0x00007ff81a769000 	C:\Windows\system32\KERNEL32.DLL
0x00007ff817d70000 - 0x00007ff817e7e000 	C:\Windows\system32\KERNELBASE.dll
0x00007ff81a770000 - 0x00007ff81a815000 	C:\Windows\system32\ADVAPI32.dll
0x00007ff818440000 - 0x00007ff8185b1000 	C:\Windows\system32\USER32.dll
0x00007ff815db0000 - 0x00007ff81600a000 	C:\Windows\WinSxS\amd64_microsoft.windows.common-controls_6595b64144ccf1df_6.0.9600.16384_none_62475f7becb72503\COMCTL32.dll
0x00007ff818390000 - 0x00007ff818437000 	C:\Windows\system32\msvcrt.dll
0x00007ff818eb0000 - 0x00007ff818f07000 	C:\Windows\SYSTEM32\sechost.dll
0x00007ff8180b0000 - 0x00007ff8181e6000 	C:\Windows\system32\RPCRT4.dll
0x00007ff818920000 - 0x00007ff818a65000 	C:\Windows\system32\GDI32.dll
0x00007ff818880000 - 0x00007ff8188b4000 	C:\Windows\system32\IMM32.DLL
0x00007ff818f20000 - 0x00007ff819059000 	C:\Windows\system32\MSCTF.dll
0x0000000069600000 - 0x00000000696d2000 	C:\Program Files\Android\Android Studio\jre\jre\bin\msvcr100.dll
0x00000000696e0000 - 0x0000000069f14000 	C:\Program Files\Android\Android Studio\jre\jre\bin\server\jvm.dll
0x00007ff811c00000 - 0x00007ff811c09000 	C:\Windows\SYSTEM32\WSOCK32.dll
0x00007ff814990000 - 0x00007ff8149af000 	C:\Windows\SYSTEM32\WINMM.dll
0x00007ff8149b0000 - 0x00007ff8149ba000 	C:\Windows\SYSTEM32\VERSION.dll
0x00007ff818d20000 - 0x00007ff818d27000 	C:\Windows\system32\PSAPI.DLL
0x00007ff819160000 - 0x00007ff8191b8000 	C:\Windows\system32\WS2_32.dll
0x00007ff814950000 - 0x00007ff81497a000 	C:\Windows\SYSTEM32\WINMMBASE.dll
0x00007ff818d10000 - 0x00007ff818d19000 	C:\Windows\system32\NSI.dll
0x00007ff817e80000 - 0x00007ff817eca000 	C:\Windows\SYSTEM32\cfgmgr32.dll
0x00007ff816a20000 - 0x00007ff816a46000 	C:\Windows\SYSTEM32\DEVOBJ.dll
0x00007ff80d3a0000 - 0x00007ff80d3af000 	C:\Program Files\Android\Android Studio\jre\jre\bin\verify.dll
0x00007ff80d0c0000 - 0x00007ff80d0e9000 	C:\Program Files\Android\Android Studio\jre\jre\bin\java.dll
0x00007ff80d0a0000 - 0x00007ff80d0b6000 	C:\Program Files\Android\Android Studio\jre\jre\bin\zip.dll
0x00007ff8191c0000 - 0x00007ff81a5cd000 	C:\Windows\system32\SHELL32.dll
0x00007ff8186a0000 - 0x00007ff818877000 	C:\Windows\SYSTEM32\combase.dll
0x00007ff81a5d0000 - 0x00007ff81a621000 	C:\Windows\system32\SHLWAPI.dll
0x00007ff8161f0000 - 0x00007ff816291000 	C:\Windows\SYSTEM32\SHCORE.dll
0x00007ff817ba0000 - 0x00007ff817bb4000 	C:\Windows\SYSTEM32\profapi.dll

VM Arguments:
jvm_args: -Djava.awt.headless=true -Xmx1024M -Dfile.encoding=GBK -Duser.country=CN -Duser.language=zh -Duser.variant 
java_command: com.android.dx.command.Main --dex --num-threads=4 --output D:\Use_maps\app\build\intermediates\pre-dexed\debug\baidumapapi_search_v3_7_3_5cad7253bc8520cbe7dbdfbbcd978420727455c8.jar D:\Use_maps\app\libs\baidumapapi_search_v3_7_3.jar
java_class_path (initial): C:\Users\Administrator\AppData\Local\Android\sdk1\build-tools\24.0.3\lib\dx.jar
Launcher Type: SUN_STANDARD

Environment Variables:
JAVA_HOME=D:\java jdk
PATH=C:\ProgramData\Oracle\Java\javapath;C:\Windows\system32;C:\Windows;C:\Windows\System32\Wbem;C:\Windows\System32\WindowsPowerShell\v1.0\;D:\java jdk\bin
USERNAME=Administrator
OS=Windows_NT
PROCESSOR_IDENTIFIER=Intel64 Family 6 Model 69 Stepping 1, GenuineIntel



---------------  S Y S T E M  ---------------

OS: Windows 8.1 , 64 bit Build 9600 (6.3.9600.16656)

CPU:total 4 (2 cores per cpu, 2 threads per core) family 6 model 69 stepping 1, cmov, cx8, fxsr, mmx, sse, sse2, sse3, ssse3, sse4.1, sse4.2, popcnt, avx, avx2, aes, clmul, erms, lzcnt, ht, tsc, tscinvbit, bmi1, bmi2

Memory: 4k page, physical 4095976k(824036k free), swap 4095976k(5096k free)

vm_info: OpenJDK 64-Bit Server VM (25.76-b03) for windows-amd64 JRE (1.8.0_76-release-b03), built on Jun 29 2016 19:09:20 by "ralucas" with MS VC++ 10.0 (VS2010)

time: Sat Oct 15 14:08:02 2016
elapsed time: 3 seconds (0d 0h 0m 3s)

