#
# There is insufficient memory for the Java Runtime Environment to continue.
# Native memory allocation (malloc) failed to allocate 485536 bytes for Chunk::new
# Possible reasons:
#   The system is out of physical RAM or swap space
#   In 32 bit mode, the process size limit was hit
# Possible solutions:
#   Reduce memory load on the system
#   Increase physical memory or swap space
#   Check if swap backing store is full
#   Use 64 bit Java on a 64 bit OS
#   Decrease Java heap size (-Xmx/-Xms)
#   Decrease number of Java threads
#   Decrease Java thread stack sizes (-Xss)
#   Set larger code cache with -XX:ReservedCodeCacheSize=
# This output file may be truncated or incomplete.
#
#  Out of Memory Error (allocation.cpp:390), pid=9172, tid=0x0000000000001b80
#
# JRE version: OpenJDK Runtime Environment (8.0_76-b03) (build 1.8.0_76-release-b03)
# Java VM: OpenJDK 64-Bit Server VM (25.76-b03 mixed mode windows-amd64 compressed oops)
# Failed to write core dump. Minidumps are not enabled by default on client versions of Windows
#

---------------  T H R E A D  ---------------

Current thread (0x0000000014bd9800):  JavaThread "C2 CompilerThread0" daemon [_thread_in_native, id=7040, stack(0x0000000016140000,0x0000000016240000)]

Stack: [0x0000000016140000,0x0000000016240000]
[error occurred during error reporting (printing stack bounds), id 0xc0000005]

Native frames: (J=compiled Java code, j=interpreted, Vv=VM code, C=native code)


Current CompileTask:
C2:   2657 1122       4       com.android.dx.ssa.SCCP::simulateStmt (481 bytes)


---------------  P R O C E S S  ---------------

Java Threads: ( => current thread )
  0x000000001629e800 JavaThread "Service Thread" daemon [_thread_blocked, id=5244, stack(0x0000000016840000,0x0000000016940000)]
  0x0000000016293800 JavaThread "C1 CompilerThread2" daemon [_thread_blocked, id=7576, stack(0x0000000016740000,0x0000000016840000)]
  0x0000000016291000 JavaThread "C2 CompilerThread1" daemon [_thread_in_native, id=6584, stack(0x0000000016640000,0x0000000016740000)]
=>0x0000000014bd9800 JavaThread "C2 CompilerThread0" daemon [_thread_in_native, id=7040, stack(0x0000000016140000,0x0000000016240000)]
  0x0000000014bd8000 JavaThread "Attach Listener" daemon [_thread_blocked, id=3908, stack(0x0000000016040000,0x0000000016140000)]
  0x0000000014c27800 JavaThread "Signal Dispatcher" daemon [_thread_blocked, id=9156, stack(0x0000000015f40000,0x0000000016040000)]
  0x0000000014bb8000 JavaThread "Finalizer" daemon [_thread_blocked, id=8920, stack(0x0000000015e40000,0x0000000015f40000)]
  0x00000000024ef000 JavaThread "Reference Handler" daemon [_thread_blocked, id=9104, stack(0x0000000015d40000,0x0000000015e40000)]
  0x0000000002400800 JavaThread "main" [_thread_in_Java, id=8668, stack(0x0000000002300000,0x0000000002400000)]

Other Threads:
  0x0000000014b94800 VMThread [stack: 0x0000000015c40000,0x0000000015d40000] [id=6752]
  0x000000001629f800 WatcherThread [stack: 0x0000000016940000,0x0000000016a40000] [id=8276]

VM state:not at safepoint (normal execution)

VM Mutex/Monitor currently owned by a thread: None

Heap:
 PSYoungGen      total 18944K, used 11887K [0x00000000eab00000, 0x00000000ec000000, 0x0000000100000000)
  eden space 16384K, 57% used [0x00000000eab00000,0x00000000eb41f7e0,0x00000000ebb00000)
  from space 2560K, 99% used [0x00000000ebb00000,0x00000000ebd7c458,0x00000000ebd80000)
  to   space 2560K, 0% used [0x00000000ebd80000,0x00000000ebd80000,0x00000000ec000000)
 ParOldGen       total 44032K, used 3431K [0x00000000c0000000, 0x00000000c2b00000, 0x00000000eab00000)
  object space 44032K, 7% used [0x00000000c0000000,0x00000000c0359de0,0x00000000c2b00000)
 Metaspace       used 5390K, capacity 6544K, committed 6784K, reserved 1056768K
  class space    used 534K, capacity 584K, committed 640K, reserved 1048576K

Card table byte_map: [0x00000000118c0000,0x0000000011ad0000] byte_map_base: 0x00000000112c0000

Marking Bits: (ParMarkBitMap*) 0x0000000077a99d00
 Begin Bits: [0x0000000012030000, 0x0000000013030000)
 End Bits:   [0x0000000013030000, 0x0000000014030000)

Polling page: 0x0000000000740000

CodeCache: size=245760Kb used=4515Kb max_used=4515Kb free=241244Kb
 bounds [0x0000000002500000, 0x0000000002970000, 0x0000000011500000]
 total_blobs=1385 nmethods=1121 adapters=178
 compilation: enabled

Compilation events (10 events):
Event: 2.583 Thread 0x0000000016293800 1129       3       java.lang.Float::isNaN (12 bytes)
Event: 2.583 Thread 0x0000000016293800 nmethod 1129 0x000000000295b010 code [0x000000000295b160, 0x000000000295b310]
Event: 2.583 Thread 0x0000000014bd9800 nmethod 1127 0x0000000002952110 code [0x0000000002952260, 0x0000000002952318]
Event: 2.583 Thread 0x0000000014bd9800 1122       4       com.android.dx.ssa.SCCP::simulateStmt (481 bytes)
Event: 2.584 Thread 0x0000000016293800 1130       3       com.android.dx.cf.code.BytecodeArray::processWorkSet (50 bytes)
Event: 2.584 Thread 0x0000000016293800 nmethod 1130 0x000000000295a650 code [0x000000000295a800, 0x000000000295ad78]
Event: 2.586 Thread 0x0000000016293800 1132       3       com.android.dx.ssa.DomFront::calcDomFronts (154 bytes)
Event: 2.588 Thread 0x0000000016293800 nmethod 1132 0x00000000029611d0 code [0x0000000002961440, 0x0000000002962168]
Event: 2.590 Thread 0x0000000016293800 1133       3       com.android.dx.ssa.SsaConverter::placePhiFunctions (394 bytes)
Event: 2.596 Thread 0x0000000016293800 nmethod 1133 0x0000000002967550 code [0x0000000002967ae0, 0x000000000296afc8]

GC Heap History (2 events):
Event: 1.783 GC heap before
{Heap before GC invocations=1 (full 0):
 PSYoungGen      total 18944K, used 16384K [0x00000000eab00000, 0x00000000ec000000, 0x0000000100000000)
  eden space 16384K, 100% used [0x00000000eab00000,0x00000000ebb00000,0x00000000ebb00000)
  from space 2560K, 0% used [0x00000000ebd80000,0x00000000ebd80000,0x00000000ec000000)
  to   space 2560K, 0% used [0x00000000ebb00000,0x00000000ebb00000,0x00000000ebd80000)
 ParOldGen       total 44032K, used 0K [0x00000000c0000000, 0x00000000c2b00000, 0x00000000eab00000)
  object space 44032K, 0% used [0x00000000c0000000,0x00000000c0000000,0x00000000c2b00000)
 Metaspace       used 5243K, capacity 6416K, committed 6528K, reserved 1056768K
  class space    used 528K, capacity 584K, committed 640K, reserved 1048576K
Event: 1.790 GC heap after
Heap after GC invocations=1 (full 0):
 PSYoungGen      total 18944K, used 2545K [0x00000000eab00000, 0x00000000ec000000, 0x0000000100000000)
  eden space 16384K, 0% used [0x00000000eab00000,0x00000000eab00000,0x00000000ebb00000)
  from space 2560K, 99% used [0x00000000ebb00000,0x00000000ebd7c458,0x00000000ebd80000)
  to   space 2560K, 0% used [0x00000000ebd80000,0x00000000ebd80000,0x00000000ec000000)
 ParOldGen       total 44032K, used 3431K [0x00000000c0000000, 0x00000000c2b00000, 0x00000000eab00000)
  object space 44032K, 7% used [0x00000000c0000000,0x00000000c0359de0,0x00000000c2b00000)
 Metaspace       used 5243K, capacity 6416K, committed 6528K, reserved 1056768K
  class space    used 528K, capacity 584K, committed 640K, reserved 1048576K
}

Deoptimization events (10 events):
Event: 1.795 Thread 0x0000000002400800 Uncommon trap: reason=class_check action=maybe_recompile pc=0x00000000028b3e54 method=java.util.Collections$UnmodifiableCollection$1.next()Ljava/lang/Object; @ 4
Event: 1.796 Thread 0x0000000002400800 Uncommon trap: reason=class_check action=maybe_recompile pc=0x0000000002835414 method=java.util.Collections$UnmodifiableCollection$1.hasNext()Z @ 4
Event: 1.796 Thread 0x0000000002400800 Uncommon trap: reason=class_check action=maybe_recompile pc=0x00000000028b3e54 method=java.util.Collections$UnmodifiableCollection$1.next()Ljava/lang/Object; @ 4
Event: 1.796 Thread 0x0000000002400800 Uncommon trap: reason=class_check action=maybe_recompile pc=0x0000000002835414 method=java.util.Collections$UnmodifiableCollection$1.hasNext()Z @ 4
Event: 1.805 Thread 0x0000000002400800 Uncommon trap: reason=class_check action=maybe_recompile pc=0x0000000002835414 method=java.util.Collections$UnmodifiableCollection$1.hasNext()Z @ 4
Event: 1.805 Thread 0x0000000002400800 Uncommon trap: reason=class_check action=maybe_recompile pc=0x00000000028b3e54 method=java.util.Collections$UnmodifiableCollection$1.next()Ljava/lang/Object; @ 4
Event: 1.805 Thread 0x0000000002400800 Uncommon trap: reason=class_check action=maybe_recompile pc=0x00000000028b3e54 method=java.util.Collections$UnmodifiableCollection$1.next()Ljava/lang/Object; @ 4
Event: 1.813 Thread 0x0000000002400800 Uncommon trap: reason=unstable_if action=reinterpret pc=0x00000000028d5f28 method=java.lang.String.<init>([CII)V @ 18
Event: 1.891 Thread 0x0000000002400800 Uncommon trap: reason=unstable_if action=reinterpret pc=0x0000000002895b74 method=com.android.dx.ssa.SsaMethod.onSourcesChanged(Lcom/android/dx/ssa/SsaInsn;Lcom/android/dx/rop/code/RegisterSpecList;)V @ 4
Event: 1.891 Thread 0x0000000002400800 Uncommon trap: reason=predicate action=maybe_recompile pc=0x00000000028c85a4 method=java.util.ArrayList.remove(Ljava/lang/Object;)Z @ 49

Internal exceptions (2 events):
Event: 0.064 Thread 0x0000000002400800 Exception <a 'java/lang/NoSuchMethodError': Method sun.misc.Unsafe.defineClass(Ljava/lang/String;[BII)Ljava/lang/Class; name or signature does not match> (0x00000000eab07cc0) thrown at [C:\src\android\AOSP-openjdk\external\jetbrains\jdk\hotspot\src\share\v|ù 7ı∞?
Event: 0.064 Thread 0x0000000002400800 Exception <a 'java/lang/NoSuchMethodError': Method sun.misc.Unsafe.prefetchRead(Ljava/lang/Object;J)V name or signature does not match> (0x00000000eab07fa8) thrown at [C:\src\android\AOSP-openjdk\external\jetbrains\jdk\hotspot\src\share\vm\prims\jni.cpp, l

Events (10 events):
Event: 1.891 Thread 0x0000000002400800 DEOPT UNPACKING pc=0x000000000254556a sp=0x00000000023fe9b0 mode 2
Event: 1.891 Thread 0x0000000002400800 Uncommon trap: trap_request=0xffffff86 fr.pc=0x00000000028c85a4
Event: 1.891 Thread 0x0000000002400800 DEOPT PACKING pc=0x00000000028c85a4 sp=0x00000000023fe8f0
Event: 1.891 Thread 0x0000000002400800 DEOPT UNPACKING pc=0x000000000254556a sp=0x00000000023fe8c8 mode 2
Event: 1.940 loading class com/android/dx/dex/file/MethodAnnotationStruct
Event: 1.940 loading class com/android/dx/dex/file/MethodAnnotationStruct done
Event: 2.027 loading class com/android/dx/cf/code/SwitchList
Event: 2.027 loading class com/android/dx/cf/code/SwitchList done
Event: 2.585 Thread 0x0000000002400800 DEOPT PACKING pc=0x000000000280b3fa sp=0x00000000023fe990
Event: 2.585 Thread 0x0000000002400800 DEOPT UNPACKING pc=0x00000000025475bf sp=0x00000000023fe6f8 mode 0


Dynamic libraries:
0x00007ff709180000 - 0x00007ff7091b1000 	D:\android studio\jre\bin\java.exe
0x00007ffcd61d0000 - 0x00007ffcd6379000 	C:\Windows\SYSTEM32\ntdll.dll
0x00007ffcd56e0000 - 0x00007ffcd5819000 	C:\Windows\system32\KERNEL32.DLL
0x00007ffcd3670000 - 0x00007ffcd377e000 	C:\Windows\system32\KERNELBASE.dll
0x00007ffcd6120000 - 0x00007ffcd61c5000 	C:\Windows\system32\ADVAPI32.dll
0x00007ffcd5d50000 - 0x00007ffcd5ec1000 	C:\Windows\system32\USER32.dll
0x00007ffcd1740000 - 0x00007ffcd199a000 	C:\Windows\WinSxS\amd64_microsoft.windows.common-controls_6595b64144ccf1df_6.0.9600.16384_none_62475f7becb72503\COMCTL32.dll
0x00007ffcd3a60000 - 0x00007ffcd3b07000 	C:\Windows\system32\msvcrt.dll
0x00007ffcd6090000 - 0x00007ffcd60e7000 	C:\Windows\SYSTEM32\sechost.dll
0x00007ffcd5c10000 - 0x00007ffcd5d46000 	C:\Windows\system32\RPCRT4.dll
0x00007ffcd5480000 - 0x00007ffcd55c5000 	C:\Windows\system32\GDI32.dll
0x00007ffcd55d0000 - 0x00007ffcd5604000 	C:\Windows\system32\IMM32.DLL
0x00007ffcd5ab0000 - 0x00007ffcd5be9000 	C:\Windows\system32\MSCTF.dll
0x0000000077200000 - 0x00000000772d2000 	D:\android studio\jre\jre\bin\msvcr100.dll
0x00000000772e0000 - 0x0000000077b14000 	D:\android studio\jre\jre\bin\server\jvm.dll
0x00007ffccbaf0000 - 0x00007ffccbaf9000 	C:\Windows\SYSTEM32\WSOCK32.dll
0x00007ffcd10f0000 - 0x00007ffcd110f000 	C:\Windows\SYSTEM32\WINMM.dll
0x00007ffcd1640000 - 0x00007ffcd164a000 	C:\Windows\SYSTEM32\VERSION.dll
0x00007ffcd56d0000 - 0x00007ffcd56d7000 	C:\Windows\system32\PSAPI.DLL
0x00007ffcd5610000 - 0x00007ffcd5668000 	C:\Windows\system32\WS2_32.dll
0x00007ffcd0f20000 - 0x00007ffcd0f4a000 	C:\Windows\SYSTEM32\WINMMBASE.dll
0x00007ffcd60f0000 - 0x00007ffcd60f9000 	C:\Windows\system32\NSI.dll
0x00007ffcd3780000 - 0x00007ffcd37ca000 	C:\Windows\SYSTEM32\cfgmgr32.dll
0x00007ffcd23d0000 - 0x00007ffcd23f6000 	C:\Windows\SYSTEM32\DEVOBJ.dll
0x00007ffccb310000 - 0x00007ffccb31f000 	D:\android studio\jre\jre\bin\verify.dll
0x00007ffccb190000 - 0x00007ffccb1b9000 	D:\android studio\jre\jre\bin\java.dll
0x00007ffccb2e0000 - 0x00007ffccb2f6000 	D:\android studio\jre\jre\bin\zip.dll
0x00007ffcd3b10000 - 0x00007ffcd4f1d000 	C:\Windows\system32\SHELL32.dll
0x00007ffcd50c0000 - 0x00007ffcd5297000 	C:\Windows\SYSTEM32\combase.dll
0x00007ffcd5ed0000 - 0x00007ffcd5f21000 	C:\Windows\system32\SHLWAPI.dll
0x00007ffcd2140000 - 0x00007ffcd21e1000 	C:\Windows\SYSTEM32\SHCORE.dll
0x00007ffcd3550000 - 0x00007ffcd3564000 	C:\Windows\SYSTEM32\profapi.dll

VM Arguments:
jvm_args: -Djava.awt.headless=true -Xmx1024M -Dfile.encoding=GBK -Duser.country=CN -Duser.language=zh -Duser.variant 
java_command: com.android.dx.command.Main --dex --force-jumbo --output D:\Use_maps\app\build\intermediates\pre-dexed\debug\baidumapapi_map_v3_7_3_ab71599e39f7a205a8148c71872ba0997e9596a7.jar D:\Use_maps\app\libs\baidumapapi_map_v3_7_3.jar
java_class_path (initial): C:\Users\Administrator\AppData\Local\Android\Sdk\build-tools\20.0.0\lib\dx.jar
Launcher Type: SUN_STANDARD

Environment Variables:
JAVA_HOME=D:\java jdk
PATH=C:\ProgramData\Oracle\Java\javapath;C:\Windows\system32;C:\Windows;C:\Windows\System32\Wbem;C:\Windows\System32\WindowsPowerShell\v1.0\;D:\java jdk\bin
USERNAME=Administrator
OS=Windows_NT
PROCESSOR_IDENTIFIER=Intel64 Family 6 Model 69 Stepping 1, GenuineIntel



---------------  S Y S T E M  ---------------

OS: Windows 8.1 , 64 bit Build 9600 (6.3.9600.16656)

CPU:total 4 (2 cores per cpu, 2 threads per core) family 6 model 69 stepping 1, cmov, cx8, fxsr, mmx, sse, sse2, sse3, ssse3, sse4.1, sse4.2, popcnt, avx, avx2, aes, clmul, erms, lzcnt, ht, tsc, tscinvbit, bmi1, bmi2

Memory: 4k page, physical 4095976k(754932k free), swap 4095976k(5636k free)

vm_info: OpenJDK 64-Bit Server VM (25.76-b03) for windows-amd64 JRE (1.8.0_76-release-b03), built on Jun 29 2016 19:09:20 by "ralucas" with MS VC++ 10.0 (VS2010)

time: Thu Oct 13 22:39:14 2016
elapsed time: 2 seconds (0d 0h 0m 2s)

