#
# There is insufficient memory for the Java Runtime Environment to continue.
# Native memory allocation (malloc) failed to allocate 208016 bytes for Chunk::new
# Possible reasons:
#   The system is out of physical RAM or swap space
#   In 32 bit mode, the process size limit was hit
# Possible solutions:
#   Reduce memory load on the system
#   Increase physical memory or swap space
#   Check if swap backing store is full
#   Use 64 bit Java on a 64 bit OS
#   Decrease Java heap size (-Xmx/-Xms)
#   Decrease number of Java threads
#   Decrease Java thread stack sizes (-Xss)
#   Set larger code cache with -XX:ReservedCodeCacheSize=
# This output file may be truncated or incomplete.
#
#  Out of Memory Error (allocation.cpp:390), pid=6832, tid=0x0000000000000a90
#
# JRE version: OpenJDK Runtime Environment (8.0_76-b03) (build 1.8.0_76-release-b03)
# Java VM: OpenJDK 64-Bit Server VM (25.76-b03 mixed mode windows-amd64 compressed oops)
# Failed to write core dump. Minidumps are not enabled by default on client versions of Windows
#

---------------  T H R E A D  ---------------

Current thread (0x000000001500a800):  JavaThread "C2 CompilerThread0" daemon [_thread_in_native, id=2704, stack(0x0000000016560000,0x0000000016660000)]

Stack: [0x0000000016560000,0x0000000016660000]
[error occurred during error reporting (printing stack bounds), id 0xc0000005]

Native frames: (J=compiled Java code, j=interpreted, Vv=VM code, C=native code)


Current CompileTask:
C2:   1295  638       4       com.android.dx.ssa.SsaBasicBlock::forEachInsn (37 bytes)


---------------  P R O C E S S  ---------------

Java Threads: ( => current thread )
  0x00000000168f0000 JavaThread "pool-1-thread-4" [_thread_blocked, id=648, stack(0x0000000017260000,0x0000000017360000)]
  0x00000000168dd000 JavaThread "pool-1-thread-3" [_thread_in_Java, id=2188, stack(0x0000000017160000,0x0000000017260000)]
  0x00000000168dc000 JavaThread "pool-1-thread-2" [_thread_blocked, id=9016, stack(0x0000000017060000,0x0000000017160000)]
  0x00000000168d7800 JavaThread "pool-2-thread-1" [_thread_blocked, id=8848, stack(0x0000000016f60000,0x0000000017060000)]
  0x00000000168d6800 JavaThread "pool-1-thread-1" [_thread_in_Java, id=6136, stack(0x0000000016e60000,0x0000000016f60000)]
  0x00000000166bd800 JavaThread "Service Thread" daemon [_thread_blocked, id=5936, stack(0x0000000016c60000,0x0000000016d60000)]
  0x00000000166b7800 JavaThread "C1 CompilerThread2" daemon [_thread_blocked, id=7020, stack(0x0000000016b60000,0x0000000016c60000)]
  0x00000000166b1000 JavaThread "C2 CompilerThread1" daemon [_thread_in_native, id=8772, stack(0x0000000016a60000,0x0000000016b60000)]
=>0x000000001500a800 JavaThread "C2 CompilerThread0" daemon [_thread_in_native, id=2704, stack(0x0000000016560000,0x0000000016660000)]
  0x0000000015009000 JavaThread "Attach Listener" daemon [_thread_blocked, id=5788, stack(0x0000000016460000,0x0000000016560000)]
  0x0000000015057800 JavaThread "Signal Dispatcher" daemon [_thread_blocked, id=9168, stack(0x0000000016360000,0x0000000016460000)]
  0x0000000014fe8800 JavaThread "Finalizer" daemon [_thread_blocked, id=3488, stack(0x0000000016260000,0x0000000016360000)]
  0x0000000002920800 JavaThread "Reference Handler" daemon [_thread_blocked, id=8652, stack(0x0000000016160000,0x0000000016260000)]
  0x0000000002830800 JavaThread "main" [_thread_in_vm, id=8544, stack(0x0000000002650000,0x0000000002750000)]

Other Threads:
  0x0000000014fc5000 VMThread [stack: 0x0000000016060000,0x0000000016160000] [id=8104]
  0x00000000166c0000 WatcherThread [stack: 0x0000000016d60000,0x0000000016e60000] [id=7808]

VM state:not at safepoint (normal execution)

VM Mutex/Monitor currently owned by a thread: None

Heap:
 PSYoungGen      total 18944K, used 15167K [0x00000000eab00000, 0x00000000ec000000, 0x0000000100000000)
  eden space 16384K, 92% used [0x00000000eab00000,0x00000000eb9cff40,0x00000000ebb00000)
  from space 2560K, 0% used [0x00000000ebd80000,0x00000000ebd80000,0x00000000ec000000)
  to   space 2560K, 0% used [0x00000000ebb00000,0x00000000ebb00000,0x00000000ebd80000)
 ParOldGen       total 44032K, used 0K [0x00000000c0000000, 0x00000000c2b00000, 0x00000000eab00000)
  object space 44032K, 0% used [0x00000000c0000000,0x00000000c0000000,0x00000000c2b00000)
 Metaspace       used 5594K, capacity 6544K, committed 6784K, reserved 1056768K
  class space    used 566K, capacity 584K, committed 640K, reserved 1048576K

Card table byte_map: [0x0000000011cf0000,0x0000000011f00000] byte_map_base: 0x00000000116f0000

Marking Bits: (ParMarkBitMap*) 0x0000000069e99d00
 Begin Bits: [0x0000000012460000, 0x0000000013460000)
 End Bits:   [0x0000000013460000, 0x0000000014460000)

Polling page: 0x0000000000b50000

CodeCache: size=245760Kb used=2453Kb max_used=2464Kb free=243306Kb
 bounds [0x0000000002930000, 0x0000000002ba0000, 0x0000000011930000]
 total_blobs=865 nmethods=596 adapters=183
 compilation: enabled

Compilation events (10 events):
Event: 1.279 Thread 0x00000000166b1000 nmethod 632 0x0000000002b8d450 code [0x0000000002b8d5a0, 0x0000000002b8d6a8]
Event: 1.279 Thread 0x00000000166b1000  634       4       com.android.dx.rop.code.InsnList::get (9 bytes)
Event: 1.280 Thread 0x000000001500a800 nmethod 633 0x0000000002b8d110 code [0x0000000002b8d260, 0x0000000002b8d398]
Event: 1.280 Thread 0x000000001500a800  635       4       java.util.BitSet::get (69 bytes)
Event: 1.280 Thread 0x00000000166b1000 nmethod 634 0x0000000002b8cd90 code [0x0000000002b8cee0, 0x0000000002b8cfd8]
Event: 1.281 Thread 0x000000001500a800 nmethod 635 0x0000000002b8de10 code [0x0000000002b8df40, 0x0000000002b8e018]
Event: 1.281 Thread 0x00000000166b1000  637       4       com.android.dx.ssa.NormalSsaInsn::isNormalMoveInsn (20 bytes)
Event: 1.282 Thread 0x000000001500a800  638       4       com.android.dx.ssa.SsaBasicBlock::forEachInsn (37 bytes)
Event: 1.282 Thread 0x00000000166b1000 nmethod 637 0x0000000002b896d0 code [0x0000000002b89800, 0x0000000002b89898]
Event: 1.282 Thread 0x00000000166b1000  639       4       com.android.dx.ssa.NormalSsaInsn::accept (25 bytes)

GC Heap History (0 events):
No events

Deoptimization events (0 events):
No events

Internal exceptions (2 events):
Event: 0.138 Thread 0x0000000002830800 Exception <a 'java/lang/NoSuchMethodError': Method sun.misc.Unsafe.defineClass(Ljava/lang/String;[BII)Ljava/lang/Class; name or signature does not match> (0x00000000eab07cc0) thrown at [C:\src\android\AOSP-openjdk\external\jetbrains\jdk\hotspot\src\share\vµ‰i,ã¢Á?
Event: 0.138 Thread 0x0000000002830800 Exception <a 'java/lang/NoSuchMethodError': Method sun.misc.Unsafe.prefetchRead(Ljava/lang/Object;J)V name or signature does not match> (0x00000000eab07fa8) thrown at [C:\src\android\AOSP-openjdk\external\jetbrains\jdk\hotspot\src\share\vm\prims\jni.cpp, l

Events (10 events):
Event: 1.124 loading class com/android/dx/cf/code/Ropper$ExceptionHandlerSetup
Event: 1.125 loading class com/android/dx/cf/code/Ropper$ExceptionHandlerSetup done
Event: 1.228 loading class java/util/HashMap$Values
Event: 1.228 loading class java/util/HashMap$Values done
Event: 1.228 loading class java/util/HashMap$ValueIterator
Event: 1.228 loading class java/util/HashMap$ValueIterator done
Event: 1.232 loading class com/android/dx/ssa/PhiInsn$Operand
Event: 1.232 loading class com/android/dx/ssa/PhiInsn$Operand done
Event: 1.248 loading class com/android/dx/ssa/back/FirstFitLocalCombiningAllocator$Multiset
Event: 1.248 loading class com/android/dx/ssa/back/FirstFitLocalCombiningAllocator$Multiset done


Dynamic libraries:
0x00007ff7211f0000 - 0x00007ff721221000 	C:\Program Files\Android\Android Studio\jre\bin\java.exe
0x00007ff81a820000 - 0x00007ff81a9c9000 	C:\Windows\SYSTEM32\ntdll.dll
0x00007ff81a630000 - 0x00007ff81a769000 	C:\Windows\system32\KERNEL32.DLL
0x00007ff817d70000 - 0x00007ff817e7e000 	C:\Windows\system32\KERNELBASE.dll
0x00007ff81a770000 - 0x00007ff81a815000 	C:\Windows\system32\ADVAPI32.dll
0x00007ff818440000 - 0x00007ff8185b1000 	C:\Windows\system32\USER32.dll
0x00007ff815db0000 - 0x00007ff81600a000 	C:\Windows\WinSxS\amd64_microsoft.windows.common-controls_6595b64144ccf1df_6.0.9600.16384_none_62475f7becb72503\COMCTL32.dll
0x00007ff818390000 - 0x00007ff818437000 	C:\Windows\system32\msvcrt.dll
0x00007ff818eb0000 - 0x00007ff818f07000 	C:\Windows\SYSTEM32\sechost.dll
0x00007ff8180b0000 - 0x00007ff8181e6000 	C:\Windows\system32\RPCRT4.dll
0x00007ff818920000 - 0x00007ff818a65000 	C:\Windows\system32\GDI32.dll
0x00007ff818880000 - 0x00007ff8188b4000 	C:\Windows\system32\IMM32.DLL
0x00007ff818f20000 - 0x00007ff819059000 	C:\Windows\system32\MSCTF.dll
0x0000000069600000 - 0x00000000696d2000 	C:\Program Files\Android\Android Studio\jre\jre\bin\msvcr100.dll
0x00000000696e0000 - 0x0000000069f14000 	C:\Program Files\Android\Android Studio\jre\jre\bin\server\jvm.dll
0x00007ff811c00000 - 0x00007ff811c09000 	C:\Windows\SYSTEM32\WSOCK32.dll
0x00007ff814990000 - 0x00007ff8149af000 	C:\Windows\SYSTEM32\WINMM.dll
0x00007ff8149b0000 - 0x00007ff8149ba000 	C:\Windows\SYSTEM32\VERSION.dll
0x00007ff818d20000 - 0x00007ff818d27000 	C:\Windows\system32\PSAPI.DLL
0x00007ff819160000 - 0x00007ff8191b8000 	C:\Windows\system32\WS2_32.dll
0x00007ff814950000 - 0x00007ff81497a000 	C:\Windows\SYSTEM32\WINMMBASE.dll
0x00007ff818d10000 - 0x00007ff818d19000 	C:\Windows\system32\NSI.dll
0x00007ff817e80000 - 0x00007ff817eca000 	C:\Windows\SYSTEM32\cfgmgr32.dll
0x00007ff816a20000 - 0x00007ff816a46000 	C:\Windows\SYSTEM32\DEVOBJ.dll
0x00007ff815870000 - 0x00007ff81587f000 	C:\Program Files\Android\Android Studio\jre\jre\bin\verify.dll
0x00007ff80da40000 - 0x00007ff80da69000 	C:\Program Files\Android\Android Studio\jre\jre\bin\java.dll
0x00007ff80d920000 - 0x00007ff80d936000 	C:\Program Files\Android\Android Studio\jre\jre\bin\zip.dll
0x00007ff8191c0000 - 0x00007ff81a5cd000 	C:\Windows\system32\SHELL32.dll
0x00007ff8186a0000 - 0x00007ff818877000 	C:\Windows\SYSTEM32\combase.dll
0x00007ff81a5d0000 - 0x00007ff81a621000 	C:\Windows\system32\SHLWAPI.dll
0x00007ff8161f0000 - 0x00007ff816291000 	C:\Windows\SYSTEM32\SHCORE.dll
0x00007ff817ba0000 - 0x00007ff817bb4000 	C:\Windows\SYSTEM32\profapi.dll

VM Arguments:
jvm_args: -Djava.awt.headless=true -Xmx1024M -Dfile.encoding=GBK -Duser.country=CN -Duser.language=zh -Duser.variant 
java_command: com.android.dx.command.Main --dex --num-threads=4 --output D:\Use_maps\app\build\intermediates\pre-dexed\release\locSDK_6.23_ff585ea5dde446b0ac6efe5bba48c668dff55aea.jar D:\Use_maps\app\libs\locSDK_6.23.jar
java_class_path (initial): C:\Users\Administrator\AppData\Local\Android\sdk1\build-tools\24.0.3\lib\dx.jar
Launcher Type: SUN_STANDARD

Environment Variables:
JAVA_HOME=D:\java jdk
PATH=C:\ProgramData\Oracle\Java\javapath;C:\Windows\system32;C:\Windows;C:\Windows\System32\Wbem;C:\Windows\System32\WindowsPowerShell\v1.0\;D:\java jdk\bin
USERNAME=Administrator
OS=Windows_NT
PROCESSOR_IDENTIFIER=Intel64 Family 6 Model 69 Stepping 1, GenuineIntel



---------------  S Y S T E M  ---------------

OS: Windows 8.1 , 64 bit Build 9600 (6.3.9600.16656)

CPU:total 4 (2 cores per cpu, 2 threads per core) family 6 model 69 stepping 1, cmov, cx8, fxsr, mmx, sse, sse2, sse3, ssse3, sse4.1, sse4.2, popcnt, avx, avx2, aes, clmul, erms, lzcnt, ht, tsc, tscinvbit, bmi1, bmi2

Memory: 4k page, physical 4095976k(774716k free), swap 4095976k(5308k free)

vm_info: OpenJDK 64-Bit Server VM (25.76-b03) for windows-amd64 JRE (1.8.0_76-release-b03), built on Jun 29 2016 19:09:20 by "ralucas" with MS VC++ 10.0 (VS2010)

time: Sat Oct 15 13:53:51 2016
elapsed time: 1 seconds (0d 0h 0m 1s)

