#
# There is insufficient memory for the Java Runtime Environment to continue.
# Native memory allocation (malloc) failed to allocate 856928 bytes for Chunk::new
# Possible reasons:
#   The system is out of physical RAM or swap space
#   In 32 bit mode, the process size limit was hit
# Possible solutions:
#   Reduce memory load on the system
#   Increase physical memory or swap space
#   Check if swap backing store is full
#   Use 64 bit Java on a 64 bit OS
#   Decrease Java heap size (-Xmx/-Xms)
#   Decrease number of Java threads
#   Decrease Java thread stack sizes (-Xss)
#   Set larger code cache with -XX:ReservedCodeCacheSize=
# This output file may be truncated or incomplete.
#
#  Out of Memory Error (allocation.cpp:390), pid=3744, tid=0x00000000000014f8
#
# JRE version: OpenJDK Runtime Environment (8.0_76-b03) (build 1.8.0_76-release-b03)
# Java VM: OpenJDK 64-Bit Server VM (25.76-b03 mixed mode windows-amd64 compressed oops)
# Failed to write core dump. Minidumps are not enabled by default on client versions of Windows
#

---------------  T H R E A D  ---------------

Current thread (0x000000001525a800):  JavaThread "C2 CompilerThread0" daemon [_thread_in_native, id=5368, stack(0x00000000167d0000,0x00000000168d0000)]

Stack: [0x00000000167d0000,0x00000000168d0000]
[error occurred during error reporting (printing stack bounds), id 0xc0000005]

Native frames: (J=compiled Java code, j=interpreted, Vv=VM code, C=native code)


Current CompileTask:
C2:   9754 1563   !   4       com.android.dx.cf.code.BytecodeArray::parseInstruction (2764 bytes)


---------------  P R O C E S S  ---------------

Java Threads: ( => current thread )
  0x0000000016b39000 JavaThread "pool-1-thread-4" [_thread_in_Java, id=6664, stack(0x00000000174d0000,0x00000000175d0000)]
  0x0000000016b33000 JavaThread "pool-1-thread-3" [_thread_in_vm, id=5884, stack(0x00000000173d0000,0x00000000174d0000)]
  0x0000000016b32000 JavaThread "pool-1-thread-2" [_thread_blocked, id=8972, stack(0x00000000172d0000,0x00000000173d0000)]
  0x0000000016b2d800 JavaThread "pool-2-thread-1" [_thread_blocked, id=8964, stack(0x00000000171d0000,0x00000000172d0000)]
  0x0000000016b2c800 JavaThread "pool-1-thread-1" [_thread_in_Java, id=5920, stack(0x00000000170d0000,0x00000000171d0000)]
  0x000000001692d800 JavaThread "Service Thread" daemon [_thread_blocked, id=7676, stack(0x0000000016ed0000,0x0000000016fd0000)]
  0x0000000016926800 JavaThread "C1 CompilerThread2" daemon [_thread_blocked, id=8948, stack(0x0000000016dd0000,0x0000000016ed0000)]
  0x0000000016921000 JavaThread "C2 CompilerThread1" daemon [_thread_in_native, id=4548, stack(0x0000000016cd0000,0x0000000016dd0000)]
=>0x000000001525a800 JavaThread "C2 CompilerThread0" daemon [_thread_in_native, id=5368, stack(0x00000000167d0000,0x00000000168d0000)]
  0x0000000015259000 JavaThread "Attach Listener" daemon [_thread_blocked, id=9020, stack(0x00000000166d0000,0x00000000167d0000)]
  0x00000000152a7800 JavaThread "Signal Dispatcher" daemon [_thread_blocked, id=6120, stack(0x00000000165d0000,0x00000000166d0000)]
  0x0000000015238800 JavaThread "Finalizer" daemon [_thread_blocked, id=8832, stack(0x00000000164d0000,0x00000000165d0000)]
  0x0000000002b71000 JavaThread "Reference Handler" daemon [_thread_blocked, id=3896, stack(0x00000000163d0000,0x00000000164d0000)]
  0x0000000002a80800 JavaThread "main" [_thread_in_vm, id=2620, stack(0x0000000002980000,0x0000000002a80000)]

Other Threads:
  0x0000000015215800 VMThread [stack: 0x00000000162d0000,0x00000000163d0000] [id=4752]
  0x0000000016931000 WatcherThread [stack: 0x0000000016fd0000,0x00000000170d0000] [id=8296]

VM state:not at safepoint (normal execution)

VM Mutex/Monitor currently owned by a thread: None

Heap:
 PSYoungGen      total 68096K, used 44812K [0x00000000eab00000, 0x00000000ef000000, 0x0000000100000000)
  eden space 65536K, 64% used [0x00000000eab00000,0x00000000ed444190,0x00000000eeb00000)
  from space 2560K, 99% used [0x00000000eed80000,0x00000000eefff078,0x00000000ef000000)
  to   space 2560K, 0% used [0x00000000eeb00000,0x00000000eeb00000,0x00000000eed80000)
 ParOldGen       total 44032K, used 15496K [0x00000000c0000000, 0x00000000c2b00000, 0x00000000eab00000)
  object space 44032K, 35% used [0x00000000c0000000,0x00000000c0f22040,0x00000000c2b00000)
 Metaspace       used 6158K, capacity 7024K, committed 7296K, reserved 1056768K
  class space    used 572K, capacity 616K, committed 640K, reserved 1048576K

Card table byte_map: [0x0000000011f40000,0x0000000012150000] byte_map_base: 0x0000000011940000

Marking Bits: (ParMarkBitMap*) 0x0000000069e99d00
 Begin Bits: [0x00000000126b0000, 0x00000000136b0000)
 End Bits:   [0x00000000136b0000, 0x00000000146b0000)

Polling page: 0x0000000000d80000

CodeCache: size=245760Kb used=6954Kb max_used=6954Kb free=238805Kb
 bounds [0x0000000002b80000, 0x0000000003260000, 0x0000000011b80000]
 total_blobs=1909 nmethods=1640 adapters=183
 compilation: enabled

Compilation events (10 events):
Event: 9.662 Thread 0x0000000016926800 1714   !   2       sun.nio.cs.ext.DoubleByte$Encoder::encodeArrayLoop (409 bytes)
Event: 9.668 Thread 0x0000000016926800 nmethod 1714 0x0000000003249790 code [0x0000000003249d60, 0x000000000324c0c8]
Event: 9.671 Thread 0x0000000016926800 1715  s    2       com.android.dx.dex.file.StringIdsSection::intern (53 bytes)
Event: 9.671 Thread 0x0000000016926800 nmethod 1715 0x0000000003243e10 code [0x0000000003243fc0, 0x0000000003244518]
Event: 9.671 Thread 0x0000000016926800 1716       2       java.util.Collections::unmodifiableCollection (9 bytes)
Event: 9.672 Thread 0x0000000016926800 nmethod 1716 0x0000000003243950 code [0x0000000003243ac0, 0x0000000003243d08]
Event: 9.681 Thread 0x0000000016926800 1717       2       com.android.dx.util.ByteArray::<init> (9 bytes)
Event: 9.682 Thread 0x0000000016926800 nmethod 1717 0x0000000003243590 code [0x0000000003243700, 0x0000000003243888]
Event: 9.682 Thread 0x0000000016926800 1718       2       com.android.dx.dex.file.DexFile::internIfAppropriate (128 bytes)
Event: 9.683 Thread 0x0000000016926800 nmethod 1718 0x0000000003242910 code [0x0000000003242b00, 0x00000000032431d8]

GC Heap History (8 events):
Event: 1.662 GC heap before
{Heap before GC invocations=1 (full 0):
 PSYoungGen      total 18944K, used 16384K [0x00000000eab00000, 0x00000000ec000000, 0x0000000100000000)
  eden space 16384K, 100% used [0x00000000eab00000,0x00000000ebb00000,0x00000000ebb00000)
  from space 2560K, 0% used [0x00000000ebd80000,0x00000000ebd80000,0x00000000ec000000)
  to   space 2560K, 0% used [0x00000000ebb00000,0x00000000ebb00000,0x00000000ebd80000)
 ParOldGen       total 44032K, used 0K [0x00000000c0000000, 0x00000000c2b00000, 0x00000000eab00000)
  object space 44032K, 0% used [0x00000000c0000000,0x00000000c0000000,0x00000000c2b00000)
 Metaspace       used 5693K, capacity 6704K, committed 6784K, reserved 1056768K
  class space    used 568K, capacity 616K, committed 640K, reserved 1048576K
Event: 1.889 GC heap after
Heap after GC invocations=1 (full 0):
 PSYoungGen      total 18944K, used 2546K [0x00000000eab00000, 0x00000000ed000000, 0x0000000100000000)
  eden space 16384K, 0% used [0x00000000eab00000,0x00000000eab00000,0x00000000ebb00000)
  from space 2560K, 99% used [0x00000000ebb00000,0x00000000ebd7caa8,0x00000000ebd80000)
  to   space 2560K, 0% used [0x00000000ecd80000,0x00000000ecd80000,0x00000000ed000000)
 ParOldGen       total 44032K, used 2013K [0x00000000c0000000, 0x00000000c2b00000, 0x00000000eab00000)
  object space 44032K, 4% used [0x00000000c0000000,0x00000000c01f7640,0x00000000c2b00000)
 Metaspace       used 5693K, capacity 6704K, committed 6784K, reserved 1056768K
  class space    used 568K, capacity 616K, committed 640K, reserved 1048576K
}
Event: 2.768 GC heap before
{Heap before GC invocations=2 (full 0):
 PSYoungGen      total 18944K, used 18930K [0x00000000eab00000, 0x00000000ed000000, 0x0000000100000000)
  eden space 16384K, 100% used [0x00000000eab00000,0x00000000ebb00000,0x00000000ebb00000)
  from space 2560K, 99% used [0x00000000ebb00000,0x00000000ebd7caa8,0x00000000ebd80000)
  to   space 2560K, 0% used [0x00000000ecd80000,0x00000000ecd80000,0x00000000ed000000)
 ParOldGen       total 44032K, used 2013K [0x00000000c0000000, 0x00000000c2b00000, 0x00000000eab00000)
  object space 44032K, 4% used [0x00000000c0000000,0x00000000c01f7640,0x00000000c2b00000)
 Metaspace       used 5928K, capacity 6896K, committed 7040K, reserved 1056768K
  class space    used 571K, capacity 616K, committed 640K, reserved 1048576K
Event: 3.403 GC heap after
Heap after GC invocations=2 (full 0):
 PSYoungGen      total 35328K, used 2530K [0x00000000eab00000, 0x00000000ed000000, 0x0000000100000000)
  eden space 32768K, 0% used [0x00000000eab00000,0x00000000eab00000,0x00000000ecb00000)
  from space 2560K, 98% used [0x00000000ecd80000,0x00000000ecff8ac8,0x00000000ed000000)
  to   space 2560K, 0% used [0x00000000ecb00000,0x00000000ecb00000,0x00000000ecd80000)
 ParOldGen       total 44032K, used 5063K [0x00000000c0000000, 0x00000000c2b00000, 0x00000000eab00000)
  object space 44032K, 11% used [0x00000000c0000000,0x00000000c04f1ff8,0x00000000c2b00000)
 Metaspace       used 5928K, capacity 6896K, committed 7040K, reserved 1056768K
  class space    used 571K, capacity 616K, committed 640K, reserved 1048576K
}
Event: 5.982 GC heap before
{Heap before GC invocations=3 (full 0):
 PSYoungGen      total 35328K, used 35298K [0x00000000eab00000, 0x00000000ed000000, 0x0000000100000000)
  eden space 32768K, 100% used [0x00000000eab00000,0x00000000ecb00000,0x00000000ecb00000)
  from space 2560K, 98% used [0x00000000ecd80000,0x00000000ecff8ac8,0x00000000ed000000)
  to   space 2560K, 0% used [0x00000000ecb00000,0x00000000ecb00000,0x00000000ecd80000)
 ParOldGen       total 44032K, used 5063K [0x00000000c0000000, 0x00000000c2b00000, 0x00000000eab00000)
  object space 44032K, 11% used [0x00000000c0000000,0x00000000c04f1ff8,0x00000000c2b00000)
 Metaspace       used 6099K, capacity 7024K, committed 7296K, reserved 1056768K
  class space    used 572K, capacity 616K, committed 640K, reserved 1048576K
Event: 7.486 GC heap after
Heap after GC invocations=3 (full 0):
 PSYoungGen      total 35328K, used 2528K [0x00000000eab00000, 0x00000000ef000000, 0x0000000100000000)
  eden space 32768K, 0% used [0x00000000eab00000,0x00000000eab00000,0x00000000ecb00000)
  from space 2560K, 98% used [0x00000000ecb00000,0x00000000ecd78028,0x00000000ecd80000)
  to   space 2560K, 0% used [0x00000000eed80000,0x00000000eed80000,0x00000000ef000000)
 ParOldGen       total 44032K, used 9883K [0x00000000c0000000, 0x00000000c2b00000, 0x00000000eab00000)
  object space 44032K, 22% used [0x00000000c0000000,0x00000000c09a6ec0,0x00000000c2b00000)
 Metaspace       used 6099K, capacity 7024K, committed 7296K, reserved 1056768K
  class space    used 572K, capacity 616K, committed 640K, reserved 1048576K
}
Event: 8.588 GC heap before
{Heap before GC invocations=4 (full 0):
 PSYoungGen      total 35328K, used 35296K [0x00000000eab00000, 0x00000000ef000000, 0x0000000100000000)
  eden space 32768K, 100% used [0x00000000eab00000,0x00000000ecb00000,0x00000000ecb00000)
  from space 2560K, 98% used [0x00000000ecb00000,0x00000000ecd78028,0x00000000ecd80000)
  to   space 2560K, 0% used [0x00000000eed80000,0x00000000eed80000,0x00000000ef000000)
 ParOldGen       total 44032K, used 9883K [0x00000000c0000000, 0x00000000c2b00000, 0x00000000eab00000)
  object space 44032K, 22% used [0x00000000c0000000,0x00000000c09a6ec0,0x00000000c2b00000)
 Metaspace       used 6138K, capacity 7024K, committed 7296K, reserved 1056768K
  class space    used 572K, capacity 616K, committed 640K, reserved 1048576K
Event: 8.848 GC heap after
Heap after GC invocations=4 (full 0):
 PSYoungGen      total 68096K, used 2556K [0x00000000eab00000, 0x00000000ef000000, 0x0000000100000000)
  eden space 65536K, 0% used [0x00000000eab00000,0x00000000eab00000,0x00000000eeb00000)
  from space 2560K, 99% used [0x00000000eed80000,0x00000000eefff078,0x00000000ef000000)
  to   space 2560K, 0% used [0x00000000eeb00000,0x00000000eeb00000,0x00000000eed80000)
 ParOldGen       total 44032K, used 15496K [0x00000000c0000000, 0x00000000c2b00000, 0x00000000eab00000)
  object space 44032K, 35% used [0x00000000c0000000,0x00000000c0f22040,0x00000000c2b00000)
 Metaspace       used 6138K, capacity 7024K, committed 7296K, reserved 1056768K
  class space    used 572K, capacity 616K, committed 640K, reserved 1048576K
}

Deoptimization events (10 events):
Event: 7.523 Thread 0x0000000002a80800 Uncommon trap: reason=unstable_if action=reinterpret pc=0x0000000002f5c7e4 method=java.util.HashMap.putVal(ILjava/lang/Object;Ljava/lang/Object;ZZ)Ljava/lang/Object; @ 94
Event: 7.634 Thread 0x0000000016b33000 Uncommon trap: reason=class_check action=maybe_recompile pc=0x00000000030f40bc method=com.android.dx.ssa.SCCP.simulateBranch(Lcom/android/dx/ssa/SsaInsn;)V @ 145
Event: 8.405 Thread 0x0000000016b32000 Uncommon trap: reason=bimorphic action=maybe_recompile pc=0x00000000031be9ac method=com.android.dx.cf.code.BytecodeArray.parseInstruction(ILcom/android/dx/cf/code/BytecodeArray$Visitor;)I @ 1501
Event: 8.405 Thread 0x0000000016b32000 Uncommon trap: reason=bimorphic action=maybe_recompile pc=0x00000000031be9ac method=com.android.dx.cf.code.BytecodeArray.parseInstruction(ILcom/android/dx/cf/code/BytecodeArray$Visitor;)I @ 1501
Event: 8.407 Thread 0x0000000016b32000 Uncommon trap: reason=unstable_if action=reinterpret pc=0x00000000031cdc98 method=com.android.dx.ssa.SCCP.simulateStmt(Lcom/android/dx/ssa/SsaInsn;)V @ 435
Event: 8.979 Thread 0x0000000002a80800 Uncommon trap: reason=bimorphic action=maybe_recompile pc=0x0000000003127178 method=com.android.dx.ssa.LiteralOpUpgrader.tryReplacingWithConstant(Lcom/android/dx/ssa/NormalSsaInsn;)Z @ 62
Event: 8.982 Thread 0x0000000002a80800 Uncommon trap: reason=bimorphic action=maybe_recompile pc=0x0000000003127178 method=com.android.dx.ssa.LiteralOpUpgrader.tryReplacingWithConstant(Lcom/android/dx/ssa/NormalSsaInsn;)Z @ 62
Event: 9.653 Thread 0x0000000016b33000 Uncommon trap: reason=speculate_class_check action=maybe_recompile pc=0x00000000032377c8 method=com.android.dx.rop.cst.TypedConstant.getBasicType()I @ 1
Event: 9.656 Thread 0x0000000016b33000 Uncommon trap: reason=speculate_class_check action=maybe_recompile pc=0x00000000032377c8 method=com.android.dx.rop.cst.TypedConstant.getBasicType()I @ 1
Event: 9.656 Thread 0x0000000016b33000 Uncommon trap: reason=speculate_class_check action=maybe_recompile pc=0x00000000032377c8 method=com.android.dx.rop.cst.TypedConstant.getBasicType()I @ 1

Internal exceptions (3 events):
Event: 0.056 Thread 0x0000000002a80800 Exception <a 'java/lang/NoSuchMethodError': Method sun.misc.Unsafe.defineClass(Ljava/lang/String;[BII)Ljava/lang/Class; name or signature does not match> (0x00000000eab07cc0) thrown at [C:\src\android\AOSP-openjdk\external\jetbrains\jdk\hotspot\src\share\vˆ…Ú¯çw¨?
Event: 0.056 Thread 0x0000000002a80800 Exception <a 'java/lang/NoSuchMethodError': Method sun.misc.Unsafe.prefetchRead(Ljava/lang/Object;J)V name or signature does not match> (0x00000000eab07fa8) thrown at [C:\src\android\AOSP-openjdk\external\jetbrains\jdk\hotspot\src\share\vm\prims\jni.cpp, lÌs	F˚\˛?
Event: 1.898 Thread 0x0000000016b39000 Implicit null exception at 0x0000000002e236e2 to 0x0000000002e237da

Events (10 events):
Event: 9.623 Thread 0x0000000016b32000 DEOPT UNPACKING pc=0x0000000002bc75bf sp=0x00000000173ce9d0 mode 0
Event: 9.653 Thread 0x0000000016b33000 Uncommon trap: trap_request=0xffffff76 fr.pc=0x00000000032377c8
Event: 9.653 Thread 0x0000000016b33000 DEOPT PACKING pc=0x00000000032377c8 sp=0x00000000174ce7f0
Event: 9.653 Thread 0x0000000016b33000 DEOPT UNPACKING pc=0x0000000002bc556a sp=0x00000000174ce790 mode 2
Event: 9.656 Thread 0x0000000016b33000 Uncommon trap: trap_request=0xffffff76 fr.pc=0x00000000032377c8
Event: 9.656 Thread 0x0000000016b33000 DEOPT PACKING pc=0x00000000032377c8 sp=0x00000000174ce7f0
Event: 9.656 Thread 0x0000000016b33000 DEOPT UNPACKING pc=0x0000000002bc556a sp=0x00000000174ce790 mode 2
Event: 9.656 Thread 0x0000000016b33000 Uncommon trap: trap_request=0xffffff76 fr.pc=0x00000000032377c8
Event: 9.656 Thread 0x0000000016b33000 DEOPT PACKING pc=0x00000000032377c8 sp=0x00000000174ce7f0
Event: 9.656 Thread 0x0000000016b33000 DEOPT UNPACKING pc=0x0000000002bc556a sp=0x00000000174ce790 mode 2


Dynamic libraries:
0x00007ff7211f0000 - 0x00007ff721221000 	C:\Program Files\Android\Android Studio\jre\bin\java.exe
0x00007ff81a820000 - 0x00007ff81a9c9000 	C:\Windows\SYSTEM32\ntdll.dll
0x00007ff81a630000 - 0x00007ff81a769000 	C:\Windows\system32\KERNEL32.DLL
0x00007ff817d70000 - 0x00007ff817e7e000 	C:\Windows\system32\KERNELBASE.dll
0x00007ff81a770000 - 0x00007ff81a815000 	C:\Windows\system32\ADVAPI32.dll
0x00007ff818440000 - 0x00007ff8185b1000 	C:\Windows\system32\USER32.dll
0x00007ff815db0000 - 0x00007ff81600a000 	C:\Windows\WinSxS\amd64_microsoft.windows.common-controls_6595b64144ccf1df_6.0.9600.16384_none_62475f7becb72503\COMCTL32.dll
0x00007ff818390000 - 0x00007ff818437000 	C:\Windows\system32\msvcrt.dll
0x00007ff818eb0000 - 0x00007ff818f07000 	C:\Windows\SYSTEM32\sechost.dll
0x00007ff8180b0000 - 0x00007ff8181e6000 	C:\Windows\system32\RPCRT4.dll
0x00007ff818920000 - 0x00007ff818a65000 	C:\Windows\system32\GDI32.dll
0x00007ff818880000 - 0x00007ff8188b4000 	C:\Windows\system32\IMM32.DLL
0x00007ff818f20000 - 0x00007ff819059000 	C:\Windows\system32\MSCTF.dll
0x0000000069600000 - 0x00000000696d2000 	C:\Program Files\Android\Android Studio\jre\jre\bin\msvcr100.dll
0x00000000696e0000 - 0x0000000069f14000 	C:\Program Files\Android\Android Studio\jre\jre\bin\server\jvm.dll
0x00007ff811c00000 - 0x00007ff811c09000 	C:\Windows\SYSTEM32\WSOCK32.dll
0x00007ff814990000 - 0x00007ff8149af000 	C:\Windows\SYSTEM32\WINMM.dll
0x00007ff8149b0000 - 0x00007ff8149ba000 	C:\Windows\SYSTEM32\VERSION.dll
0x00007ff818d20000 - 0x00007ff818d27000 	C:\Windows\system32\PSAPI.DLL
0x00007ff819160000 - 0x00007ff8191b8000 	C:\Windows\system32\WS2_32.dll
0x00007ff814950000 - 0x00007ff81497a000 	C:\Windows\SYSTEM32\WINMMBASE.dll
0x00007ff818d10000 - 0x00007ff818d19000 	C:\Windows\system32\NSI.dll
0x00007ff817e80000 - 0x00007ff817eca000 	C:\Windows\SYSTEM32\cfgmgr32.dll
0x00007ff816a20000 - 0x00007ff816a46000 	C:\Windows\SYSTEM32\DEVOBJ.dll
0x00007ff80d3a0000 - 0x00007ff80d3af000 	C:\Program Files\Android\Android Studio\jre\jre\bin\verify.dll
0x00007ff80d0c0000 - 0x00007ff80d0e9000 	C:\Program Files\Android\Android Studio\jre\jre\bin\java.dll
0x00007ff80d0a0000 - 0x00007ff80d0b6000 	C:\Program Files\Android\Android Studio\jre\jre\bin\zip.dll
0x00007ff8191c0000 - 0x00007ff81a5cd000 	C:\Windows\system32\SHELL32.dll
0x00007ff8186a0000 - 0x00007ff818877000 	C:\Windows\SYSTEM32\combase.dll
0x00007ff81a5d0000 - 0x00007ff81a621000 	C:\Windows\system32\SHLWAPI.dll
0x00007ff8161f0000 - 0x00007ff816291000 	C:\Windows\SYSTEM32\SHCORE.dll
0x00007ff817ba0000 - 0x00007ff817bb4000 	C:\Windows\SYSTEM32\profapi.dll

VM Arguments:
jvm_args: -Djava.awt.headless=true -Xmx1024M -Dfile.encoding=GBK -Duser.country=CN -Duser.language=zh -Duser.variant 
java_command: com.android.dx.command.Main --dex --verbose --force-jumbo --num-threads=4 --output D:\Use_maps\app\build\intermediates\pre-dexed\debug\locSDK_6.23_ff585ea5dde446b0ac6efe5bba48c668dff55aea.jar D:\Use_maps\app\libs\locSDK_6.23.jar
java_class_path (initial): C:\Users\Administrator\AppData\Local\Android\sdk1\build-tools\24.0.3\lib\dx.jar
Launcher Type: SUN_STANDARD

Environment Variables:
JAVA_HOME=D:\java jdk
PATH=C:\ProgramData\Oracle\Java\javapath;C:\Windows\system32;C:\Windows;C:\Windows\System32\Wbem;C:\Windows\System32\WindowsPowerShell\v1.0\;D:\java jdk\bin
USERNAME=Administrator
OS=Windows_NT
PROCESSOR_IDENTIFIER=Intel64 Family 6 Model 69 Stepping 1, GenuineIntel



---------------  S Y S T E M  ---------------

OS: Windows 8.1 , 64 bit Build 9600 (6.3.9600.16656)

CPU:total 4 (2 cores per cpu, 2 threads per core) family 6 model 69 stepping 1, cmov, cx8, fxsr, mmx, sse, sse2, sse3, ssse3, sse4.1, sse4.2, popcnt, avx, avx2, aes, clmul, erms, lzcnt, ht, tsc, tscinvbit, bmi1, bmi2

Memory: 4k page, physical 4095976k(803528k free), swap 4095976k(5232k free)

vm_info: OpenJDK 64-Bit Server VM (25.76-b03) for windows-amd64 JRE (1.8.0_76-release-b03), built on Jun 29 2016 19:09:20 by "ralucas" with MS VC++ 10.0 (VS2010)

time: Sat Oct 15 14:07:19 2016
elapsed time: 9 seconds (0d 0h 0m 9s)

