#
# There is insufficient memory for the Java Runtime Environment to continue.
# Native memory allocation (malloc) failed to allocate 598176 bytes for Chunk::new
# Possible reasons:
#   The system is out of physical RAM or swap space
#   In 32 bit mode, the process size limit was hit
# Possible solutions:
#   Reduce memory load on the system
#   Increase physical memory or swap space
#   Check if swap backing store is full
#   Use 64 bit Java on a 64 bit OS
#   Decrease Java heap size (-Xmx/-Xms)
#   Decrease number of Java threads
#   Decrease Java thread stack sizes (-Xss)
#   Set larger code cache with -XX:ReservedCodeCacheSize=
# This output file may be truncated or incomplete.
#
#  Out of Memory Error (allocation.cpp:390), pid=7108, tid=0x000000000000232c
#
# JRE version: OpenJDK Runtime Environment (8.0_76-b03) (build 1.8.0_76-release-b03)
# Java VM: OpenJDK 64-Bit Server VM (25.76-b03 mixed mode windows-amd64 compressed oops)
# Failed to write core dump. Minidumps are not enabled by default on client versions of Windows
#

---------------  T H R E A D  ---------------

Current thread (0x0000000014dda800):  JavaThread "C2 CompilerThread0" daemon [_thread_in_native, id=9004, stack(0x0000000016320000,0x0000000016420000)]

Stack: [0x0000000016320000,0x0000000016420000]
[error occurred during error reporting (printing stack bounds), id 0xc0000005]

Native frames: (J=compiled Java code, j=interpreted, Vv=VM code, C=native code)


Current CompileTask:
C2:   2834 1004   !   4       com.android.dx.cf.code.BytecodeArray::parseInstruction (2764 bytes)


---------------  P R O C E S S  ---------------

Java Threads: ( => current thread )
  0x00000000166a2000 JavaThread "pool-1-thread-4" [_thread_in_Java, id=1684, stack(0x0000000017020000,0x0000000017120000)]
  0x000000001669d800 JavaThread "pool-1-thread-3" [_thread_in_Java, id=5116, stack(0x0000000016f20000,0x0000000017020000)]
  0x000000001669c800 JavaThread "pool-1-thread-2" [_thread_in_Java, id=4548, stack(0x0000000016e20000,0x0000000016f20000)]
  0x0000000016697800 JavaThread "pool-2-thread-1" [_thread_blocked, id=9020, stack(0x0000000016d20000,0x0000000016e20000)]
  0x0000000016697000 JavaThread "pool-1-thread-1" [_thread_in_Java, id=5368, stack(0x0000000016c20000,0x0000000016d20000)]
  0x0000000016478800 JavaThread "Service Thread" daemon [_thread_blocked, id=2188, stack(0x0000000016a20000,0x0000000016b20000)]
  0x0000000016474000 JavaThread "C1 CompilerThread2" daemon [_thread_blocked, id=6560, stack(0x0000000016920000,0x0000000016a20000)]
  0x0000000016471000 JavaThread "C2 CompilerThread1" daemon [_thread_blocked, id=8276, stack(0x0000000016820000,0x0000000016920000)]
=>0x0000000014dda800 JavaThread "C2 CompilerThread0" daemon [_thread_in_native, id=9004, stack(0x0000000016320000,0x0000000016420000)]
  0x0000000014dd9000 JavaThread "Attach Listener" daemon [_thread_blocked, id=7176, stack(0x0000000016220000,0x0000000016320000)]
  0x0000000014e27800 JavaThread "Signal Dispatcher" daemon [_thread_blocked, id=8216, stack(0x0000000016120000,0x0000000016220000)]
  0x0000000014db8800 JavaThread "Finalizer" daemon [_thread_blocked, id=5232, stack(0x0000000016020000,0x0000000016120000)]
  0x00000000026f1000 JavaThread "Reference Handler" daemon [_thread_blocked, id=3012, stack(0x0000000015f20000,0x0000000016020000)]
  0x0000000002600800 JavaThread "main" [_thread_in_Java, id=8348, stack(0x0000000002480000,0x0000000002580000)]

Other Threads:
  0x0000000014d95000 VMThread [stack: 0x0000000015e20000,0x0000000015f20000] [id=8388]
  0x000000001647a800 WatcherThread [stack: 0x0000000016b20000,0x0000000016c20000] [id=8860]

VM state:not at safepoint (normal execution)

VM Mutex/Monitor currently owned by a thread: None

Heap:
 PSYoungGen      total 18944K, used 11151K [0x00000000eab00000, 0x00000000ed000000, 0x0000000100000000)
  eden space 16384K, 52% used [0x00000000eab00000,0x00000000eb369280,0x00000000ebb00000)
  from space 2560K, 99% used [0x00000000ebb00000,0x00000000ebd7aaa0,0x00000000ebd80000)
  to   space 2560K, 0% used [0x00000000ecd80000,0x00000000ecd80000,0x00000000ed000000)
 ParOldGen       total 44032K, used 2191K [0x00000000c0000000, 0x00000000c2b00000, 0x00000000eab00000)
  object space 44032K, 4% used [0x00000000c0000000,0x00000000c0223c50,0x00000000c2b00000)
 Metaspace       used 5824K, capacity 6768K, committed 7040K, reserved 1056768K
  class space    used 571K, capacity 616K, committed 640K, reserved 1048576K

Card table byte_map: [0x0000000011ac0000,0x0000000011cd0000] byte_map_base: 0x00000000114c0000

Marking Bits: (ParMarkBitMap*) 0x0000000069e99d00
 Begin Bits: [0x0000000012230000, 0x0000000013230000)
 End Bits:   [0x0000000013230000, 0x0000000014230000)

Polling page: 0x0000000000940000

CodeCache: size=245760Kb used=4016Kb max_used=4028Kb free=241743Kb
 bounds [0x0000000002700000, 0x0000000002b00000, 0x0000000011700000]
 total_blobs=1272 nmethods=1003 adapters=183
 compilation: enabled

Compilation events (10 events):
Event: 2.715 Thread 0x0000000016474000 1000       3       com.android.dx.dex.file.IdItem::<init> (24 bytes)
Event: 2.715 Thread 0x0000000016471000 1001       4       com.android.dx.rop.cst.Constant::compareTo (9 bytes)
Event: 2.715 Thread 0x0000000016474000 nmethod 1000 0x0000000002ae7290 code [0x0000000002ae7420, 0x0000000002ae77a8]
Event: 2.715 Thread 0x0000000016474000 1003       3       com.android.dx.dex.file.MemberIdItem::<init> (14 bytes)
Event: 2.715 Thread 0x0000000014dda800 nmethod 998 0x0000000002aef510 code [0x0000000002aef640, 0x0000000002aef738]
Event: 2.715 Thread 0x0000000014dda800 1004   !   4       com.android.dx.cf.code.BytecodeArray::parseInstruction (2764 bytes)
Event: 2.716 Thread 0x0000000016474000 nmethod 1003 0x0000000002aedb90 code [0x0000000002aedd20, 0x0000000002aee1c8]
Event: 2.716 Thread 0x0000000016474000 1002  s    3       com.android.dx.dex.file.FieldIdsSection::intern (55 bytes)
Event: 2.717 Thread 0x0000000016474000 nmethod 1002 0x0000000002aef810 code [0x0000000002aefa40, 0x0000000002af0768]
Event: 2.717 Thread 0x0000000016471000 nmethod 1001 0x0000000002aed5d0 code [0x0000000002aed740, 0x0000000002aed998]

GC Heap History (2 events):
Event: 2.275 GC heap before
{Heap before GC invocations=1 (full 0):
 PSYoungGen      total 18944K, used 16384K [0x00000000eab00000, 0x00000000ec000000, 0x0000000100000000)
  eden space 16384K, 100% used [0x00000000eab00000,0x00000000ebb00000,0x00000000ebb00000)
  from space 2560K, 0% used [0x00000000ebd80000,0x00000000ebd80000,0x00000000ec000000)
  to   space 2560K, 0% used [0x00000000ebb00000,0x00000000ebb00000,0x00000000ebd80000)
 ParOldGen       total 44032K, used 0K [0x00000000c0000000, 0x00000000c2b00000, 0x00000000eab00000)
  object space 44032K, 0% used [0x00000000c0000000,0x00000000c0000000,0x00000000c2b00000)
 Metaspace       used 5749K, capacity 6704K, committed 6784K, reserved 1056768K
  class space    used 569K, capacity 616K, committed 640K, reserved 1048576K
Event: 2.563 GC heap after
Heap after GC invocations=1 (full 0):
 PSYoungGen      total 18944K, used 2538K [0x00000000eab00000, 0x00000000ed000000, 0x0000000100000000)
  eden space 16384K, 0% used [0x00000000eab00000,0x00000000eab00000,0x00000000ebb00000)
  from space 2560K, 99% used [0x00000000ebb00000,0x00000000ebd7aaa0,0x00000000ebd80000)
  to   space 2560K, 0% used [0x00000000ecd80000,0x00000000ecd80000,0x00000000ed000000)
 ParOldGen       total 44032K, used 2191K [0x00000000c0000000, 0x00000000c2b00000, 0x00000000eab00000)
  object space 44032K, 4% used [0x00000000c0000000,0x00000000c0223c50,0x00000000c2b00000)
 Metaspace       used 5749K, capacity 6704K, committed 6784K, reserved 1056768K
  class space    used 569K, capacity 616K, committed 640K, reserved 1048576K
}

Deoptimization events (4 events):
Event: 1.279 Thread 0x0000000002600800 Uncommon trap: reason=unstable_if action=reinterpret pc=0x00000000028461d8 method=java.lang.String.indexOf(II)I @ 49
Event: 2.584 Thread 0x0000000016697000 Uncommon trap: reason=class_check action=maybe_recompile pc=0x00000000029a38bc method=com.android.dx.ssa.NormalSsaInsn.accept(Lcom/android/dx/ssa/SsaInsn$Visitor;)V @ 9
Event: 2.584 Thread 0x0000000016697000 Uncommon trap: reason=class_check action=maybe_recompile pc=0x00000000029a38bc method=com.android.dx.ssa.NormalSsaInsn.accept(Lcom/android/dx/ssa/SsaInsn$Visitor;)V @ 9
Event: 2.640 Thread 0x00000000166a2000 Uncommon trap: reason=null_check action=make_not_entrant pc=0x0000000002a601a8 method=com.android.dx.rop.type.Type.equals(Ljava/lang/Object;)Z @ 8

Internal exceptions (3 events):
Event: 0.107 Thread 0x0000000002600800 Exception <a 'java/lang/NoSuchMethodError': Method sun.misc.Unsafe.defineClass(Ljava/lang/String;[BII)Ljava/lang/Class; name or signature does not match> (0x00000000eab07cc0) thrown at [C:\src\android\AOSP-openjdk\external\jetbrains\jdk\hotspot\src\share\vˆM"Ãt»?
Event: 0.107 Thread 0x0000000002600800 Exception <a 'java/lang/NoSuchMethodError': Method sun.misc.Unsafe.prefetchRead(Ljava/lang/Object;J)V name or signature does not match> (0x00000000eab07fa8) thrown at [C:\src\android\AOSP-openjdk\external\jetbrains\jdk\hotspot\src\share\vm\prims\jni.cpp, lÎ²>Y@
Event: 2.640 Thread 0x00000000166a2000 Implicit null exception at 0x0000000002a600a2 to 0x0000000002a6019a

Events (10 events):
Event: 2.584 Thread 0x0000000016697000 Uncommon trap: trap_request=0xffffffde fr.pc=0x00000000029a38bc
Event: 2.584 Thread 0x0000000016697000 DEOPT PACKING pc=0x00000000029a38bc sp=0x0000000016d1e7b0
Event: 2.584 Thread 0x0000000016697000 DEOPT UNPACKING pc=0x000000000274556a sp=0x0000000016d1e770 mode 2
Event: 2.599 Thread 0x000000001669d800 DEOPT PACKING pc=0x0000000002950922 sp=0x000000001701e8e0
Event: 2.599 Thread 0x000000001669d800 DEOPT UNPACKING pc=0x00000000027475bf sp=0x000000001701e648 mode 0
Event: 2.640 Thread 0x00000000166a2000 Uncommon trap: trap_request=0xfffffff4 fr.pc=0x0000000002a601a8
Event: 2.640 Thread 0x00000000166a2000 DEOPT PACKING pc=0x0000000002a601a8 sp=0x000000001711e670
Event: 2.640 Thread 0x00000000166a2000 DEOPT UNPACKING pc=0x000000000274556a sp=0x000000001711e5f8 mode 2
Event: 2.662 loading class com/android/dx/cf/code/SwitchList
Event: 2.662 loading class com/android/dx/cf/code/SwitchList done


Dynamic libraries:
0x00007ff7211f0000 - 0x00007ff721221000 	C:\Program Files\Android\Android Studio\jre\bin\java.exe
0x00007ff81a820000 - 0x00007ff81a9c9000 	C:\Windows\SYSTEM32\ntdll.dll
0x00007ff81a630000 - 0x00007ff81a769000 	C:\Windows\system32\KERNEL32.DLL
0x00007ff817d70000 - 0x00007ff817e7e000 	C:\Windows\system32\KERNELBASE.dll
0x00007ff81a770000 - 0x00007ff81a815000 	C:\Windows\system32\ADVAPI32.dll
0x00007ff818440000 - 0x00007ff8185b1000 	C:\Windows\system32\USER32.dll
0x00007ff815db0000 - 0x00007ff81600a000 	C:\Windows\WinSxS\amd64_microsoft.windows.common-controls_6595b64144ccf1df_6.0.9600.16384_none_62475f7becb72503\COMCTL32.dll
0x00007ff818390000 - 0x00007ff818437000 	C:\Windows\system32\msvcrt.dll
0x00007ff818eb0000 - 0x00007ff818f07000 	C:\Windows\SYSTEM32\sechost.dll
0x00007ff8180b0000 - 0x00007ff8181e6000 	C:\Windows\system32\RPCRT4.dll
0x00007ff818920000 - 0x00007ff818a65000 	C:\Windows\system32\GDI32.dll
0x00007ff818880000 - 0x00007ff8188b4000 	C:\Windows\system32\IMM32.DLL
0x00007ff818f20000 - 0x00007ff819059000 	C:\Windows\system32\MSCTF.dll
0x0000000069600000 - 0x00000000696d2000 	C:\Program Files\Android\Android Studio\jre\jre\bin\msvcr100.dll
0x00000000696e0000 - 0x0000000069f14000 	C:\Program Files\Android\Android Studio\jre\jre\bin\server\jvm.dll
0x00007ff811c00000 - 0x00007ff811c09000 	C:\Windows\SYSTEM32\WSOCK32.dll
0x00007ff814990000 - 0x00007ff8149af000 	C:\Windows\SYSTEM32\WINMM.dll
0x00007ff8149b0000 - 0x00007ff8149ba000 	C:\Windows\SYSTEM32\VERSION.dll
0x00007ff818d20000 - 0x00007ff818d27000 	C:\Windows\system32\PSAPI.DLL
0x00007ff819160000 - 0x00007ff8191b8000 	C:\Windows\system32\WS2_32.dll
0x00007ff814950000 - 0x00007ff81497a000 	C:\Windows\SYSTEM32\WINMMBASE.dll
0x00007ff818d10000 - 0x00007ff818d19000 	C:\Windows\system32\NSI.dll
0x00007ff817e80000 - 0x00007ff817eca000 	C:\Windows\SYSTEM32\cfgmgr32.dll
0x00007ff816a20000 - 0x00007ff816a46000 	C:\Windows\SYSTEM32\DEVOBJ.dll
0x00007ff80d3a0000 - 0x00007ff80d3af000 	C:\Program Files\Android\Android Studio\jre\jre\bin\verify.dll
0x00007ff80d0c0000 - 0x00007ff80d0e9000 	C:\Program Files\Android\Android Studio\jre\jre\bin\java.dll
0x00007ff80d0a0000 - 0x00007ff80d0b6000 	C:\Program Files\Android\Android Studio\jre\jre\bin\zip.dll
0x00007ff8191c0000 - 0x00007ff81a5cd000 	C:\Windows\system32\SHELL32.dll
0x00007ff8186a0000 - 0x00007ff818877000 	C:\Windows\SYSTEM32\combase.dll
0x00007ff81a5d0000 - 0x00007ff81a621000 	C:\Windows\system32\SHLWAPI.dll
0x00007ff8161f0000 - 0x00007ff816291000 	C:\Windows\SYSTEM32\SHCORE.dll
0x00007ff817ba0000 - 0x00007ff817bb4000 	C:\Windows\SYSTEM32\profapi.dll

VM Arguments:
jvm_args: -Djava.awt.headless=true -Xmx1024M -Dfile.encoding=GBK -Duser.country=CN -Duser.language=zh -Duser.variant 
java_command: com.android.dx.command.Main --dex --num-threads=4 --output D:\Use_maps\app\build\intermediates\pre-dexed\debug\locSDK_6.23_ff585ea5dde446b0ac6efe5bba48c668dff55aea.jar D:\Use_maps\app\libs\locSDK_6.23.jar
java_class_path (initial): C:\Users\Administrator\AppData\Local\Android\sdk1\build-tools\24.0.3\lib\dx.jar
Launcher Type: SUN_STANDARD

Environment Variables:
JAVA_HOME=D:\java jdk
PATH=C:\ProgramData\Oracle\Java\javapath;C:\Windows\system32;C:\Windows;C:\Windows\System32\Wbem;C:\Windows\System32\WindowsPowerShell\v1.0\;D:\java jdk\bin
USERNAME=Administrator
OS=Windows_NT
PROCESSOR_IDENTIFIER=Intel64 Family 6 Model 69 Stepping 1, GenuineIntel



---------------  S Y S T E M  ---------------

OS: Windows 8.1 , 64 bit Build 9600 (6.3.9600.16656)

CPU:total 4 (2 cores per cpu, 2 threads per core) family 6 model 69 stepping 1, cmov, cx8, fxsr, mmx, sse, sse2, sse3, ssse3, sse4.1, sse4.2, popcnt, avx, avx2, aes, clmul, erms, lzcnt, ht, tsc, tscinvbit, bmi1, bmi2

Memory: 4k page, physical 4095976k(834648k free), swap 4095976k(5332k free)

vm_info: OpenJDK 64-Bit Server VM (25.76-b03) for windows-amd64 JRE (1.8.0_76-release-b03), built on Jun 29 2016 19:09:20 by "ralucas" with MS VC++ 10.0 (VS2010)

time: Sat Oct 15 14:08:01 2016
elapsed time: 2 seconds (0d 0h 0m 2s)

