#
# There is insufficient memory for the Java Runtime Environment to continue.
# Native memory allocation (malloc) failed to allocate 742176 bytes for Chunk::new
# Possible reasons:
#   The system is out of physical RAM or swap space
#   In 32 bit mode, the process size limit was hit
# Possible solutions:
#   Reduce memory load on the system
#   Increase physical memory or swap space
#   Check if swap backing store is full
#   Use 64 bit Java on a 64 bit OS
#   Decrease Java heap size (-Xmx/-Xms)
#   Decrease number of Java threads
#   Decrease Java thread stack sizes (-Xss)
#   Set larger code cache with -XX:ReservedCodeCacheSize=
# This output file may be truncated or incomplete.
#
#  Out of Memory Error (allocation.cpp:390), pid=5188, tid=0x00000000000016e4
#
# JRE version: OpenJDK Runtime Environment (8.0_76-b03) (build 1.8.0_76-release-b03)
# Java VM: OpenJDK 64-Bit Server VM (25.76-b03 mixed mode windows-amd64 compressed oops)
# Failed to write core dump. Minidumps are not enabled by default on client versions of Windows
#

---------------  T H R E A D  ---------------

Current thread (0x0000000014dc9800):  JavaThread "C2 CompilerThread0" daemon [_thread_in_native, id=5860, stack(0x0000000016310000,0x0000000016410000)]

Stack: [0x0000000016310000,0x0000000016410000]
[error occurred during error reporting (printing stack bounds), id 0xc0000005]

Native frames: (J=compiled Java code, j=interpreted, Vv=VM code, C=native code)


Current CompileTask:
C2:   2460 1192   !   4       com.android.dx.cf.code.BytecodeArray::parseInstruction (2764 bytes)


---------------  P R O C E S S  ---------------

Java Threads: ( => current thread )
  0x00000000166a1800 JavaThread "pool-1-thread-4" [_thread_blocked, id=8740, stack(0x0000000017010000,0x0000000017110000)]
  0x00000000166a1000 JavaThread "pool-1-thread-3" [_thread_in_Java, id=9148, stack(0x0000000016f10000,0x0000000017010000)]
  0x00000000166a0000 JavaThread "pool-1-thread-2" [_thread_blocked, id=6804, stack(0x0000000016e10000,0x0000000016f10000)]
  0x000000001669a000 JavaThread "pool-2-thread-1" [_thread_blocked, id=6668, stack(0x0000000016d10000,0x0000000016e10000)]
  0x0000000016699000 JavaThread "pool-1-thread-1" [_thread_blocked, id=8928, stack(0x0000000016c10000,0x0000000016d10000)]
  0x0000000016575800 JavaThread "Service Thread" daemon [_thread_blocked, id=8564, stack(0x0000000016a10000,0x0000000016b10000)]
  0x000000001656f000 JavaThread "C1 CompilerThread2" daemon [_thread_blocked, id=8864, stack(0x0000000016910000,0x0000000016a10000)]
  0x0000000014e19800 JavaThread "C2 CompilerThread1" daemon [_thread_in_native, id=6432, stack(0x0000000016410000,0x0000000016510000)]
=>0x0000000014dc9800 JavaThread "C2 CompilerThread0" daemon [_thread_in_native, id=5860, stack(0x0000000016310000,0x0000000016410000)]
  0x0000000014dc8000 JavaThread "Attach Listener" daemon [_thread_blocked, id=8188, stack(0x0000000016210000,0x0000000016310000)]
  0x0000000014e17800 JavaThread "Signal Dispatcher" daemon [_thread_blocked, id=368, stack(0x0000000016110000,0x0000000016210000)]
  0x0000000014da8800 JavaThread "Finalizer" daemon [_thread_blocked, id=3252, stack(0x0000000016010000,0x0000000016110000)]
  0x0000000002650800 JavaThread "Reference Handler" daemon [_thread_blocked, id=8340, stack(0x0000000015f10000,0x0000000016010000)]
  0x0000000002560800 JavaThread "main" [_thread_blocked, id=9012, stack(0x0000000002150000,0x0000000002250000)]

Other Threads:
  0x0000000014d85000 VMThread [stack: 0x0000000015e10000,0x0000000015f10000] [id=4560]
  0x0000000016577800 WatcherThread [stack: 0x0000000016b10000,0x0000000016c10000] [id=5384]

VM state:not at safepoint (normal execution)

VM Mutex/Monitor currently owned by a thread: None

Heap:
 PSYoungGen      total 35328K, used 7821K [0x00000000eab00000, 0x00000000ed000000, 0x0000000100000000)
  eden space 32768K, 16% used [0x00000000eab00000,0x00000000eb026c38,0x00000000ecb00000)
  from space 2560K, 99% used [0x00000000ecd80000,0x00000000ecffcac8,0x00000000ed000000)
  to   space 2560K, 0% used [0x00000000ecb00000,0x00000000ecb00000,0x00000000ecd80000)
 ParOldGen       total 44032K, used 4228K [0x00000000c0000000, 0x00000000c2b00000, 0x00000000eab00000)
  object space 44032K, 9% used [0x00000000c0000000,0x00000000c04211b8,0x00000000c2b00000)
 Metaspace       used 6007K, capacity 6960K, committed 7040K, reserved 1056768K
  class space    used 576K, capacity 616K, committed 640K, reserved 1048576K

Card table byte_map: [0x0000000011ab0000,0x0000000011cc0000] byte_map_base: 0x00000000114b0000

Marking Bits: (ParMarkBitMap*) 0x0000000069e99d00
 Begin Bits: [0x0000000012220000, 0x0000000013220000)
 End Bits:   [0x0000000013220000, 0x0000000014220000)

Polling page: 0x0000000000960000

CodeCache: size=245760Kb used=4925Kb max_used=4925Kb free=240834Kb
 bounds [0x00000000026f0000, 0x0000000002bd0000, 0x00000000116f0000]
 total_blobs=1481 nmethods=1211 adapters=183
 compilation: enabled

Compilation events (10 events):
Event: 2.430 Thread 0x000000001656f000 nmethod 1221 0x0000000002bb9f10 code [0x0000000002bba0a0, 0x0000000002bba650]
Event: 2.430 Thread 0x000000001656f000 1222       3       com.android.dx.cf.code.Simulator$SimVisitor::visitBranch (341 bytes)
Event: 2.431 Thread 0x000000001656f000 nmethod 1222 0x0000000002bba850 code [0x0000000002bbaae0, 0x0000000002bbbbc8]
Event: 2.433 Thread 0x000000001656f000 1223   !   3       com.android.dx.cf.code.Ropper::doit (126 bytes)
Event: 2.435 Thread 0x000000001656f000 nmethod 1223 0x0000000002bbc4d0 code [0x0000000002bbc7c0, 0x0000000002bbdc18]
Event: 2.438 Thread 0x000000001656f000 1224       3       com.android.dx.ssa.DomFront::buildDomTree (72 bytes)
Event: 2.439 Thread 0x000000001656f000 nmethod 1224 0x0000000002bbe850 code [0x0000000002bbeaa0, 0x0000000002bbf908]
Event: 2.449 Thread 0x000000001656f000 1225       3       com.android.dx.ssa.SCCP::replaceConstants (209 bytes)
Event: 2.451 Thread 0x000000001656f000 nmethod 1225 0x0000000002bc03d0 code [0x0000000002bc06e0, 0x0000000002bc2238]
Event: 2.459 Thread 0x000000001656f000 1227       3       com.android.dx.ssa.ConstCollector$2::map (28 bytes)

GC Heap History (4 events):
Event: 1.293 GC heap before
{Heap before GC invocations=1 (full 0):
 PSYoungGen      total 18944K, used 16384K [0x00000000eab00000, 0x00000000ec000000, 0x0000000100000000)
  eden space 16384K, 100% used [0x00000000eab00000,0x00000000ebb00000,0x00000000ebb00000)
  from space 2560K, 0% used [0x00000000ebd80000,0x00000000ebd80000,0x00000000ec000000)
  to   space 2560K, 0% used [0x00000000ebb00000,0x00000000ebb00000,0x00000000ebd80000)
 ParOldGen       total 44032K, used 0K [0x00000000c0000000, 0x00000000c2b00000, 0x00000000eab00000)
  object space 44032K, 0% used [0x00000000c0000000,0x00000000c0000000,0x00000000c2b00000)
 Metaspace       used 5747K, capacity 6704K, committed 6784K, reserved 1056768K
  class space    used 571K, capacity 616K, committed 640K, reserved 1048576K
Event: 1.519 GC heap after
Heap after GC invocations=1 (full 0):
 PSYoungGen      total 18944K, used 2559K [0x00000000eab00000, 0x00000000ed000000, 0x0000000100000000)
  eden space 16384K, 0% used [0x00000000eab00000,0x00000000eab00000,0x00000000ebb00000)
  from space 2560K, 99% used [0x00000000ebb00000,0x00000000ebd7fc78,0x00000000ebd80000)
  to   space 2560K, 0% used [0x00000000ecd80000,0x00000000ecd80000,0x00000000ed000000)
 ParOldGen       total 44032K, used 1606K [0x00000000c0000000, 0x00000000c2b00000, 0x00000000eab00000)
  object space 44032K, 3% used [0x00000000c0000000,0x00000000c0191b38,0x00000000c2b00000)
 Metaspace       used 5747K, capacity 6704K, committed 6784K, reserved 1056768K
  class space    used 571K, capacity 616K, committed 640K, reserved 1048576K
}
Event: 2.123 GC heap before
{Heap before GC invocations=2 (full 0):
 PSYoungGen      total 18944K, used 18943K [0x00000000eab00000, 0x00000000ed000000, 0x0000000100000000)
  eden space 16384K, 100% used [0x00000000eab00000,0x00000000ebb00000,0x00000000ebb00000)
  from space 2560K, 99% used [0x00000000ebb00000,0x00000000ebd7fc78,0x00000000ebd80000)
  to   space 2560K, 0% used [0x00000000ecd80000,0x00000000ecd80000,0x00000000ed000000)
 ParOldGen       total 44032K, used 1606K [0x00000000c0000000, 0x00000000c2b00000, 0x00000000eab00000)
  object space 44032K, 3% used [0x00000000c0000000,0x00000000c0191b38,0x00000000c2b00000)
 Metaspace       used 5966K, capacity 6896K, committed 7040K, reserved 1056768K
  class space    used 574K, capacity 616K, committed 640K, reserved 1048576K
Event: 2.232 GC heap after
Heap after GC invocations=2 (full 0):
 PSYoungGen      total 35328K, used 2546K [0x00000000eab00000, 0x00000000ed000000, 0x0000000100000000)
  eden space 32768K, 0% used [0x00000000eab00000,0x00000000eab00000,0x00000000ecb00000)
  from space 2560K, 99% used [0x00000000ecd80000,0x00000000ecffcac8,0x00000000ed000000)
  to   space 2560K, 0% used [0x00000000ecb00000,0x00000000ecb00000,0x00000000ecd80000)
 ParOldGen       total 44032K, used 4228K [0x00000000c0000000, 0x00000000c2b00000, 0x00000000eab00000)
  object space 44032K, 9% used [0x00000000c0000000,0x00000000c04211b8,0x00000000c2b00000)
 Metaspace       used 5966K, capacity 6896K, committed 7040K, reserved 1056768K
  class space    used 574K, capacity 616K, committed 640K, reserved 1048576K
}

Deoptimization events (8 events):
Event: 0.437 Thread 0x0000000002560800 Uncommon trap: reason=unstable_if action=reinterpret pc=0x0000000002829150 method=java.lang.String.indexOf(II)I @ 49
Event: 0.999 Thread 0x00000000166a1000 Uncommon trap: reason=unstable_if action=reinterpret pc=0x00000000028e4490 method=java.util.HashMap.getNode(ILjava/lang/Object;)Ljava/util/HashMap$Node; @ 129
Event: 1.161 Thread 0x00000000166a1000 Uncommon trap: reason=unstable_if action=reinterpret pc=0x00000000028daff0 method=java.util.BitSet.nextSetBit(I)I @ 87
Event: 2.233 Thread 0x0000000002560800 Uncommon trap: reason=class_check action=maybe_recompile pc=0x00000000029ad774 method=com.android.dx.ssa.NormalSsaInsn.accept(Lcom/android/dx/ssa/SsaInsn$Visitor;)V @ 9
Event: 2.233 Thread 0x0000000002560800 Uncommon trap: reason=class_check action=maybe_recompile pc=0x0000000002911770 method=com.android.dx.ssa.NormalSsaInsn.accept(Lcom/android/dx/ssa/SsaInsn$Visitor;)V @ 9
Event: 2.233 Thread 0x0000000002560800 Uncommon trap: reason=class_check action=maybe_recompile pc=0x0000000002911770 method=com.android.dx.ssa.NormalSsaInsn.accept(Lcom/android/dx/ssa/SsaInsn$Visitor;)V @ 9
Event: 2.233 Thread 0x0000000002560800 Uncommon trap: reason=class_check action=maybe_recompile pc=0x0000000002911770 method=com.android.dx.ssa.NormalSsaInsn.accept(Lcom/android/dx/ssa/SsaInsn$Visitor;)V @ 9
Event: 2.233 Thread 0x0000000002560800 Uncommon trap: reason=class_check action=maybe_recompile pc=0x00000000029ad774 method=com.android.dx.ssa.NormalSsaInsn.accept(Lcom/android/dx/ssa/SsaInsn$Visitor;)V @ 9

Internal exceptions (2 events):
Event: 0.061 Thread 0x0000000002560800 Exception <a 'java/lang/NoSuchMethodError': Method sun.misc.Unsafe.defineClass(Ljava/lang/String;[BII)Ljava/lang/Class; name or signature does not match> (0x00000000eab07cc0) thrown at [C:\src\android\AOSP-openjdk\external\jetbrains\jdk\hotspot\src\share\vùÕ⁄8Ø?
Event: 0.061 Thread 0x0000000002560800 Exception <a 'java/lang/NoSuchMethodError': Method sun.misc.Unsafe.prefetchRead(Ljava/lang/Object;J)V name or signature does not match> (0x00000000eab07fa8) thrown at [C:\src\android\AOSP-openjdk\external\jetbrains\jdk\hotspot\src\share\vm\prims\jni.cpp, l

Events (10 events):
Event: 2.233 Thread 0x0000000002560800 Uncommon trap: trap_request=0xffffffde fr.pc=0x0000000002911770
Event: 2.233 Thread 0x0000000002560800 DEOPT PACKING pc=0x0000000002911770 sp=0x000000000224e070
Event: 2.233 Thread 0x0000000002560800 DEOPT UNPACKING pc=0x000000000273556a sp=0x000000000224e010 mode 2
Event: 2.233 Thread 0x0000000002560800 Uncommon trap: trap_request=0xffffffde fr.pc=0x00000000029ad774
Event: 2.233 Thread 0x0000000002560800 DEOPT PACKING pc=0x00000000029ad774 sp=0x000000000224e040
Event: 2.234 Thread 0x0000000002560800 DEOPT UNPACKING pc=0x000000000273556a sp=0x000000000224df90 mode 2
Event: 2.242 loading class java/util/HashMap$KeySet
Event: 2.242 loading class java/util/HashMap$KeySet done
Event: 2.242 loading class java/util/HashMap$KeyIterator
Event: 2.242 loading class java/util/HashMap$KeyIterator done


Dynamic libraries:
0x00007ff7211f0000 - 0x00007ff721221000 	C:\Program Files\Android\Android Studio\jre\bin\java.exe
0x00007ff81a820000 - 0x00007ff81a9c9000 	C:\Windows\SYSTEM32\ntdll.dll
0x00007ff81a630000 - 0x00007ff81a769000 	C:\Windows\system32\KERNEL32.DLL
0x00007ff817d70000 - 0x00007ff817e7e000 	C:\Windows\system32\KERNELBASE.dll
0x00007ff81a770000 - 0x00007ff81a815000 	C:\Windows\system32\ADVAPI32.dll
0x00007ff818440000 - 0x00007ff8185b1000 	C:\Windows\system32\USER32.dll
0x00007ff815db0000 - 0x00007ff81600a000 	C:\Windows\WinSxS\amd64_microsoft.windows.common-controls_6595b64144ccf1df_6.0.9600.16384_none_62475f7becb72503\COMCTL32.dll
0x00007ff818390000 - 0x00007ff818437000 	C:\Windows\system32\msvcrt.dll
0x00007ff818eb0000 - 0x00007ff818f07000 	C:\Windows\SYSTEM32\sechost.dll
0x00007ff8180b0000 - 0x00007ff8181e6000 	C:\Windows\system32\RPCRT4.dll
0x00007ff818920000 - 0x00007ff818a65000 	C:\Windows\system32\GDI32.dll
0x00007ff818880000 - 0x00007ff8188b4000 	C:\Windows\system32\IMM32.DLL
0x00007ff818f20000 - 0x00007ff819059000 	C:\Windows\system32\MSCTF.dll
0x0000000069600000 - 0x00000000696d2000 	C:\Program Files\Android\Android Studio\jre\jre\bin\msvcr100.dll
0x00000000696e0000 - 0x0000000069f14000 	C:\Program Files\Android\Android Studio\jre\jre\bin\server\jvm.dll
0x00007ff811c00000 - 0x00007ff811c09000 	C:\Windows\SYSTEM32\WSOCK32.dll
0x00007ff814990000 - 0x00007ff8149af000 	C:\Windows\SYSTEM32\WINMM.dll
0x00007ff8149b0000 - 0x00007ff8149ba000 	C:\Windows\SYSTEM32\VERSION.dll
0x00007ff818d20000 - 0x00007ff818d27000 	C:\Windows\system32\PSAPI.DLL
0x00007ff819160000 - 0x00007ff8191b8000 	C:\Windows\system32\WS2_32.dll
0x00007ff814950000 - 0x00007ff81497a000 	C:\Windows\SYSTEM32\WINMMBASE.dll
0x00007ff818d10000 - 0x00007ff818d19000 	C:\Windows\system32\NSI.dll
0x00007ff817e80000 - 0x00007ff817eca000 	C:\Windows\SYSTEM32\cfgmgr32.dll
0x00007ff816a20000 - 0x00007ff816a46000 	C:\Windows\SYSTEM32\DEVOBJ.dll
0x00007ff815870000 - 0x00007ff81587f000 	C:\Program Files\Android\Android Studio\jre\jre\bin\verify.dll
0x00007ff80da40000 - 0x00007ff80da69000 	C:\Program Files\Android\Android Studio\jre\jre\bin\java.dll
0x00007ff80d920000 - 0x00007ff80d936000 	C:\Program Files\Android\Android Studio\jre\jre\bin\zip.dll
0x00007ff8191c0000 - 0x00007ff81a5cd000 	C:\Windows\system32\SHELL32.dll
0x00007ff8186a0000 - 0x00007ff818877000 	C:\Windows\SYSTEM32\combase.dll
0x00007ff81a5d0000 - 0x00007ff81a621000 	C:\Windows\system32\SHLWAPI.dll
0x00007ff8161f0000 - 0x00007ff816291000 	C:\Windows\SYSTEM32\SHCORE.dll
0x00007ff817ba0000 - 0x00007ff817bb4000 	C:\Windows\SYSTEM32\profapi.dll

VM Arguments:
jvm_args: -Djava.awt.headless=true -Xmx1024M -Dfile.encoding=GBK -Duser.country=CN -Duser.language=zh -Duser.variant 
java_command: com.android.dx.command.Main --dex --verbose --force-jumbo --num-threads=4 --output D:\Use_maps\app\build\intermediates\pre-dexed\debug\baidumapapi_util_v3_7_3_b0474a17d9a33fe9a2081a21b52c460fdc786e8d.jar D:\Use_maps\app\libs\baidumapapi_util_v3_7_3.jar
java_class_path (initial): C:\Users\Administrator\AppData\Local\Android\sdk1\build-tools\24.0.3\lib\dx.jar
Launcher Type: SUN_STANDARD

Environment Variables:
JAVA_HOME=D:\java jdk
PATH=C:\ProgramData\Oracle\Java\javapath;C:\Windows\system32;C:\Windows;C:\Windows\System32\Wbem;C:\Windows\System32\WindowsPowerShell\v1.0\;D:\java jdk\bin
USERNAME=Administrator
OS=Windows_NT
PROCESSOR_IDENTIFIER=Intel64 Family 6 Model 69 Stepping 1, GenuineIntel



---------------  S Y S T E M  ---------------

OS: Windows 8.1 , 64 bit Build 9600 (6.3.9600.16656)

CPU:total 4 (2 cores per cpu, 2 threads per core) family 6 model 69 stepping 1, cmov, cx8, fxsr, mmx, sse, sse2, sse3, ssse3, sse4.1, sse4.2, popcnt, avx, avx2, aes, clmul, erms, lzcnt, ht, tsc, tscinvbit, bmi1, bmi2

Memory: 4k page, physical 4095976k(742304k free), swap 4095976k(4992k free)

vm_info: OpenJDK 64-Bit Server VM (25.76-b03) for windows-amd64 JRE (1.8.0_76-release-b03), built on Jun 29 2016 19:09:20 by "ralucas" with MS VC++ 10.0 (VS2010)

time: Sat Oct 15 14:03:26 2016
elapsed time: 2 seconds (0d 0h 0m 2s)

