#
# There is insufficient memory for the Java Runtime Environment to continue.
# Native memory allocation (malloc) failed to allocate 32744 bytes for ChunkPool::allocate
# Possible reasons:
#   The system is out of physical RAM or swap space
#   In 32 bit mode, the process size limit was hit
# Possible solutions:
#   Reduce memory load on the system
#   Increase physical memory or swap space
#   Check if swap backing store is full
#   Use 64 bit Java on a 64 bit OS
#   Decrease Java heap size (-Xmx/-Xms)
#   Decrease number of Java threads
#   Decrease Java thread stack sizes (-Xss)
#   Set larger code cache with -XX:ReservedCodeCacheSize=
# This output file may be truncated or incomplete.
#
#  Out of Memory Error (allocation.cpp:273), pid=8100, tid=0x00000000000017cc
#
# JRE version: OpenJDK Runtime Environment (8.0_76-b03) (build 1.8.0_76-release-b03)
# Java VM: OpenJDK 64-Bit Server VM (25.76-b03 mixed mode windows-amd64 compressed oops)
# Failed to write core dump. Minidumps are not enabled by default on client versions of Windows
#

---------------  T H R E A D  ---------------

Current thread (0x0000000016cc8000):  JavaThread "C1 CompilerThread2" daemon [_thread_in_native, id=6092, stack(0x0000000017170000,0x0000000017270000)]

Stack: [0x0000000017170000,0x0000000017270000]
[error occurred during error reporting (printing stack bounds), id 0xc0000005]

Native frames: (J=compiled Java code, j=interpreted, Vv=VM code, C=native code)


Current CompileTask:
C1:   3099  487   !   3       com.android.dx.cf.code.BytecodeArray::parseInstruction (2764 bytes)


---------------  P R O C E S S  ---------------

Java Threads: ( => current thread )
  0x0000000016ccc800 JavaThread "Service Thread" daemon [_thread_blocked, id=6684, stack(0x0000000017270000,0x0000000017370000)]
=>0x0000000016cc8000 JavaThread "C1 CompilerThread2" daemon [_thread_in_native, id=6092, stack(0x0000000017170000,0x0000000017270000)]
  0x0000000016cbd000 JavaThread "C2 CompilerThread1" daemon [_thread_blocked, id=1252, stack(0x0000000017070000,0x0000000017170000)]
  0x00000000155fb800 JavaThread "C2 CompilerThread0" daemon [_thread_blocked, id=7968, stack(0x0000000016b70000,0x0000000016c70000)]
  0x00000000155fa800 JavaThread "Attach Listener" daemon [_thread_blocked, id=7956, stack(0x0000000016a70000,0x0000000016b70000)]
  0x0000000015647000 JavaThread "Signal Dispatcher" daemon [_thread_blocked, id=7900, stack(0x0000000016970000,0x0000000016a70000)]
  0x00000000155d8000 JavaThread "Finalizer" daemon [_thread_blocked, id=3132, stack(0x0000000016870000,0x0000000016970000)]
  0x0000000002f0f000 JavaThread "Reference Handler" daemon [_thread_blocked, id=4780, stack(0x0000000016770000,0x0000000016870000)]
  0x0000000002e20800 JavaThread "main" [_thread_in_vm, id=7268, stack(0x0000000002d20000,0x0000000002e20000)]

Other Threads:
  0x00000000155b4800 VMThread [stack: 0x0000000016670000,0x0000000016770000] [id=7444]
  0x0000000016ccd800 WatcherThread [stack: 0x0000000017370000,0x0000000017470000] [id=8016]

VM state:not at safepoint (normal execution)

VM Mutex/Monitor currently owned by a thread: None

Heap:
 PSYoungGen      total 18944K, used 7867K [0x00000000eab00000, 0x00000000ec000000, 0x0000000100000000)
  eden space 16384K, 48% used [0x00000000eab00000,0x00000000eb2aef60,0x00000000ebb00000)
  from space 2560K, 0% used [0x00000000ebd80000,0x00000000ebd80000,0x00000000ec000000)
  to   space 2560K, 0% used [0x00000000ebb00000,0x00000000ebb00000,0x00000000ebd80000)
 ParOldGen       total 44032K, used 0K [0x00000000c0000000, 0x00000000c2b00000, 0x00000000eab00000)
  object space 44032K, 0% used [0x00000000c0000000,0x00000000c0000000,0x00000000c2b00000)
 Metaspace       used 4827K, capacity 6096K, committed 6272K, reserved 1056768K
  class space    used 521K, capacity 584K, committed 640K, reserved 1048576K

Card table byte_map: [0x00000000122e0000,0x00000000124f0000] byte_map_base: 0x0000000011ce0000

Marking Bits: (ParMarkBitMap*) 0x0000000077a99d00
 Begin Bits: [0x0000000012a50000, 0x0000000013a50000)
 End Bits:   [0x0000000013a50000, 0x0000000014a50000)

Polling page: 0x00000000028f0000

CodeCache: size=245760Kb used=1977Kb max_used=1988Kb free=243782Kb
 bounds [0x0000000002f20000, 0x0000000003190000, 0x0000000011f20000]
 total_blobs=750 nmethods=488 adapters=176
 compilation: enabled

Compilation events (10 events):
Event: 3.067 Thread 0x0000000016cc8000  478       1       com.android.dx.rop.code.ThrowingCstInsn::getCatches (5 bytes)
Event: 3.067 Thread 0x0000000016cc8000 nmethod 478 0x000000000310da90 code [0x000000000310dbe0, 0x000000000310dcf0]
Event: 3.068 Thread 0x0000000016cbd000 nmethod 480 0x0000000003110c90 code [0x0000000003110de0, 0x0000000003111118]
Event: 3.078 Thread 0x0000000016cc8000  486       3       com.android.dx.rop.code.RegisterSpec::make (7 bytes)
Event: 3.078 Thread 0x0000000016cc8000 nmethod 486 0x0000000003110910 code [0x0000000003110a80, 0x0000000003110be8]
Event: 3.078 Thread 0x0000000016cc8000  487   !   3       com.android.dx.cf.code.BytecodeArray::parseInstruction (2764 bytes)
Event: 3.078 Thread 0x0000000016cbd000  489       4       java.lang.String::equals (81 bytes)
Event: 3.083 Thread 0x0000000016cbd000 nmethod 489 0x000000000310ef10 code [0x000000000310f060, 0x000000000310f2b8]
Event: 3.084 Thread 0x00000000155fb800  490   !   4       com.android.dx.util.IntList::get (36 bytes)
Event: 3.085 Thread 0x00000000155fb800 nmethod 490 0x000000000310ec50 code [0x000000000310ed80, 0x000000000310ee38]

GC Heap History (0 events):
No events

Deoptimization events (1 events):
Event: 3.057 Thread 0x0000000002e20800 Uncommon trap: reason=unstable_if action=reinterpret pc=0x0000000003103e10 method=java.util.HashMap.getNode(ILjava/lang/Object;)Ljava/util/HashMap$Node; @ 129

Internal exceptions (2 events):
Event: 0.347 Thread 0x0000000002e20800 Exception <a 'java/lang/NoSuchMethodError': Method sun.misc.Unsafe.defineClass(Ljava/lang/String;[BII)Ljava/lang/Class; name or signature does not match> (0x00000000eab07cc0) thrown at [C:\src\android\AOSP-openjdk\external\jetbrains\jdk\hotspot\src\share\v8»¿ª’8÷?
Event: 0.347 Thread 0x0000000002e20800 Exception <a 'java/lang/NoSuchMethodError': Method sun.misc.Unsafe.prefetchRead(Ljava/lang/Object;J)V name or signature does not match> (0x00000000eab07fa8) thrown at [C:\src\android\AOSP-openjdk\external\jetbrains\jdk\hotspot\src\share\vm\prims\jni.cpp, l

Events (10 events):
Event: 3.073 loading class com/android/dx/rop/cst/CstArray$List
Event: 3.073 loading class com/android/dx/rop/cst/CstArray$List done
Event: 3.074 loading class com/android/dx/rop/annotation/NameValuePair
Event: 3.074 loading class com/android/dx/rop/annotation/NameValuePair done
Event: 3.075 loading class com/android/dx/dex/file/MethodAnnotationStruct
Event: 3.075 loading class com/android/dx/dex/file/MethodAnnotationStruct done
Event: 3.075 loading class com/android/dx/dex/file/AnnotationItem
Event: 3.075 loading class com/android/dx/dex/file/AnnotationItem done
Event: 3.077 loading class com/android/dx/dex/file/AnnotationItem$TypeIdSorter
Event: 3.077 loading class com/android/dx/dex/file/AnnotationItem$TypeIdSorter done


Dynamic libraries:
0x00007ff709180000 - 0x00007ff7091b1000 	D:\android studio\jre\bin\java.exe
0x00007ffcd61d0000 - 0x00007ffcd6379000 	C:\Windows\SYSTEM32\ntdll.dll
0x00007ffcd56e0000 - 0x00007ffcd5819000 	C:\Windows\system32\KERNEL32.DLL
0x00007ffcd3670000 - 0x00007ffcd377e000 	C:\Windows\system32\KERNELBASE.dll
0x00007ffcd6120000 - 0x00007ffcd61c5000 	C:\Windows\system32\ADVAPI32.dll
0x00007ffcd5d50000 - 0x00007ffcd5ec1000 	C:\Windows\system32\USER32.dll
0x00007ffcd1740000 - 0x00007ffcd199a000 	C:\Windows\WinSxS\amd64_microsoft.windows.common-controls_6595b64144ccf1df_6.0.9600.16384_none_62475f7becb72503\COMCTL32.dll
0x00007ffcd3a60000 - 0x00007ffcd3b07000 	C:\Windows\system32\msvcrt.dll
0x00007ffcd6090000 - 0x00007ffcd60e7000 	C:\Windows\SYSTEM32\sechost.dll
0x00007ffcd5c10000 - 0x00007ffcd5d46000 	C:\Windows\system32\RPCRT4.dll
0x00007ffcd5480000 - 0x00007ffcd55c5000 	C:\Windows\system32\GDI32.dll
0x00007ffcd55d0000 - 0x00007ffcd5604000 	C:\Windows\system32\IMM32.DLL
0x00007ffcd5ab0000 - 0x00007ffcd5be9000 	C:\Windows\system32\MSCTF.dll
0x0000000077200000 - 0x00000000772d2000 	D:\android studio\jre\jre\bin\msvcr100.dll
0x00000000772e0000 - 0x0000000077b14000 	D:\android studio\jre\jre\bin\server\jvm.dll
0x00007ffccbaf0000 - 0x00007ffccbaf9000 	C:\Windows\SYSTEM32\WSOCK32.dll
0x00007ffcd10f0000 - 0x00007ffcd110f000 	C:\Windows\SYSTEM32\WINMM.dll
0x00007ffcd1640000 - 0x00007ffcd164a000 	C:\Windows\SYSTEM32\VERSION.dll
0x00007ffcd56d0000 - 0x00007ffcd56d7000 	C:\Windows\system32\PSAPI.DLL
0x00007ffcd5610000 - 0x00007ffcd5668000 	C:\Windows\system32\WS2_32.dll
0x00007ffcd0f20000 - 0x00007ffcd0f4a000 	C:\Windows\SYSTEM32\WINMMBASE.dll
0x00007ffcd60f0000 - 0x00007ffcd60f9000 	C:\Windows\system32\NSI.dll
0x00007ffcd3780000 - 0x00007ffcd37ca000 	C:\Windows\SYSTEM32\cfgmgr32.dll
0x00007ffcd23d0000 - 0x00007ffcd23f6000 	C:\Windows\SYSTEM32\DEVOBJ.dll
0x00007ffccb370000 - 0x00007ffccb37f000 	D:\android studio\jre\jre\bin\verify.dll
0x00007ffccb340000 - 0x00007ffccb369000 	D:\android studio\jre\jre\bin\java.dll
0x00007ffccb320000 - 0x00007ffccb336000 	D:\android studio\jre\jre\bin\zip.dll
0x00007ffcd3b10000 - 0x00007ffcd4f1d000 	C:\Windows\system32\SHELL32.dll
0x00007ffcd50c0000 - 0x00007ffcd5297000 	C:\Windows\SYSTEM32\combase.dll
0x00007ffcd5ed0000 - 0x00007ffcd5f21000 	C:\Windows\system32\SHLWAPI.dll
0x00007ffcd2140000 - 0x00007ffcd21e1000 	C:\Windows\SYSTEM32\SHCORE.dll
0x00007ffcd3550000 - 0x00007ffcd3564000 	C:\Windows\SYSTEM32\profapi.dll

VM Arguments:
jvm_args: -Djava.awt.headless=true -Xmx1024M -Dfile.encoding=GBK -Duser.country=CN -Duser.language=zh -Duser.variant 
java_command: com.android.dx.command.Main --dex --force-jumbo --output D:\Use_maps\app\build\intermediates\pre-dexed\debug\baidumapapi_util_v3_7_3_b0474a17d9a33fe9a2081a21b52c460fdc786e8d.jar D:\Use_maps\app\libs\baidumapapi_util_v3_7_3.jar
java_class_path (initial): C:\Users\Administrator\AppData\Local\Android\Sdk\build-tools\20.0.0\lib\dx.jar
Launcher Type: SUN_STANDARD

Environment Variables:
JAVA_HOME=D:\java jdk
PATH=C:\ProgramData\Oracle\Java\javapath;D:\oracle_client\main\bin;E:\oracle_steup\product\11.2.0\dbhome_1\bin;C:\Windows\system32;C:\Windows;C:\Windows\System32\Wbem;C:\Windows\System32\WindowsPowerShell\v1.0\;D:\java jdk\bin
USERNAME=Administrator
OS=Windows_NT
PROCESSOR_IDENTIFIER=Intel64 Family 6 Model 69 Stepping 1, GenuineIntel



---------------  S Y S T E M  ---------------

OS: Windows 8.1 , 64 bit Build 9600 (6.3.9600.16656)

CPU:total 4 (2 cores per cpu, 2 threads per core) family 6 model 69 stepping 1, cmov, cx8, fxsr, mmx, sse, sse2, sse3, ssse3, sse4.1, sse4.2, popcnt, avx, avx2, aes, clmul, erms, lzcnt, ht, tsc, tscinvbit, bmi1, bmi2

Memory: 4k page, physical 4095976k(641404k free), swap 4095976k(5076k free)

vm_info: OpenJDK 64-Bit Server VM (25.76-b03) for windows-amd64 JRE (1.8.0_76-release-b03), built on Jun 29 2016 19:09:20 by "ralucas" with MS VC++ 10.0 (VS2010)

time: Thu Oct 13 18:11:07 2016
elapsed time: 3 seconds (0d 0h 0m 3s)

