#
# There is insufficient memory for the Java Runtime Environment to continue.
# Native memory allocation (malloc) failed to allocate 32744 bytes for ChunkPool::allocate
# Possible reasons:
#   The system is out of physical RAM or swap space
#   In 32 bit mode, the process size limit was hit
# Possible solutions:
#   Reduce memory load on the system
#   Increase physical memory or swap space
#   Check if swap backing store is full
#   Use 64 bit Java on a 64 bit OS
#   Decrease Java heap size (-Xmx/-Xms)
#   Decrease number of Java threads
#   Decrease Java thread stack sizes (-Xss)
#   Set larger code cache with -XX:ReservedCodeCacheSize=
# This output file may be truncated or incomplete.
#
#  Out of Memory Error (allocation.cpp:273), pid=6492, tid=0x0000000000001ecc
#
# JRE version: OpenJDK Runtime Environment (8.0_76-b03) (build 1.8.0_76-release-b03)
# Java VM: OpenJDK 64-Bit Server VM (25.76-b03 mixed mode windows-amd64 compressed oops)
# Failed to write core dump. Minidumps are not enabled by default on client versions of Windows
#

---------------  T H R E A D  ---------------

Current thread (0x0000000014b99800):  JavaThread "C2 CompilerThread0" daemon [_thread_in_native, id=7884, stack(0x00000000160e0000,0x00000000161e0000)]

Stack: [0x00000000160e0000,0x00000000161e0000]
[error occurred during error reporting (printing stack bounds), id 0xc0000005]

Native frames: (J=compiled Java code, j=interpreted, Vv=VM code, C=native code)


Current CompileTask:
C2:   9344 1625   !   4       com.android.dx.cf.code.Ropper::processBlock (1101 bytes)


---------------  P R O C E S S  ---------------

Java Threads: ( => current thread )
  0x0000000016469800 JavaThread "pool-1-thread-4" [_thread_in_Java, id=5124, stack(0x0000000016de0000,0x0000000016ee0000)]
  0x000000001645e000 JavaThread "pool-1-thread-2" [_thread_in_Java, id=8948, stack(0x0000000016be0000,0x0000000016ce0000)]
  0x000000001645d800 JavaThread "pool-2-thread-1" [_thread_blocked, id=7400, stack(0x0000000016ae0000,0x0000000016be0000)]
  0x000000001645a800 JavaThread "pool-1-thread-1" [_thread_in_Java, id=7636, stack(0x00000000169e0000,0x0000000016ae0000)]
  0x000000001623d800 JavaThread "Service Thread" daemon [_thread_blocked, id=1408, stack(0x00000000167e0000,0x00000000168e0000)]
  0x0000000016233800 JavaThread "C1 CompilerThread2" daemon [_thread_blocked, id=8440, stack(0x00000000166e0000,0x00000000167e0000)]
  0x0000000016231000 JavaThread "C2 CompilerThread1" daemon [_thread_in_native, id=5092, stack(0x00000000165e0000,0x00000000166e0000)]
=>0x0000000014b99800 JavaThread "C2 CompilerThread0" daemon [_thread_in_native, id=7884, stack(0x00000000160e0000,0x00000000161e0000)]
  0x0000000014b98000 JavaThread "Attach Listener" daemon [_thread_blocked, id=7496, stack(0x0000000015fe0000,0x00000000160e0000)]
  0x0000000014be7800 JavaThread "Signal Dispatcher" daemon [_thread_blocked, id=6228, stack(0x0000000015ee0000,0x0000000015fe0000)]
  0x0000000014b78800 JavaThread "Finalizer" daemon [_thread_blocked, id=9068, stack(0x0000000015de0000,0x0000000015ee0000)]
  0x00000000024b0800 JavaThread "Reference Handler" daemon [_thread_blocked, id=9192, stack(0x0000000015ce0000,0x0000000015de0000)]
  0x00000000023c0800 JavaThread "main" [_thread_blocked, id=9088, stack(0x0000000002270000,0x0000000002370000)]

Other Threads:
  0x0000000014b55000 VMThread [stack: 0x0000000015be0000,0x0000000015ce0000] [id=7016]
  0x000000001623f800 WatcherThread [stack: 0x00000000168e0000,0x00000000169e0000] [id=9020]

VM state:not at safepoint (normal execution)

VM Mutex/Monitor currently owned by a thread: None

Heap:
 PSYoungGen      total 68096K, used 38813K [0x00000000eab00000, 0x00000000ef000000, 0x0000000100000000)
  eden space 65536K, 55% used [0x00000000eab00000,0x00000000ece67598,0x00000000eeb00000)
  from space 2560K, 100% used [0x00000000eed80000,0x00000000ef000000,0x00000000ef000000)
  to   space 2560K, 0% used [0x00000000eeb00000,0x00000000eeb00000,0x00000000eed80000)
 ParOldGen       total 44032K, used 16020K [0x00000000c0000000, 0x00000000c2b00000, 0x00000000eab00000)
  object space 44032K, 36% used [0x00000000c0000000,0x00000000c0fa5218,0x00000000c2b00000)
 Metaspace       used 6316K, capacity 7096K, committed 7296K, reserved 1056768K
  class space    used 596K, capacity 624K, committed 640K, reserved 1048576K

Card table byte_map: [0x0000000011880000,0x0000000011a90000] byte_map_base: 0x0000000011280000

Marking Bits: (ParMarkBitMap*) 0x0000000069e99d00
 Begin Bits: [0x0000000011ff0000, 0x0000000012ff0000)
 End Bits:   [0x0000000012ff0000, 0x0000000013ff0000)

Polling page: 0x0000000000780000

CodeCache: size=245760Kb used=7256Kb max_used=7275Kb free=238503Kb
 bounds [0x00000000024c0000, 0x0000000002bf0000, 0x00000000114c0000]
 total_blobs=1934 nmethods=1665 adapters=183
 compilation: enabled

Compilation events (10 events):
Event: 8.922 Thread 0x0000000016233800 1701       2       sun.util.calendar.CalendarDate::setHours (20 bytes)
Event: 8.922 Thread 0x0000000016233800 nmethod 1701 0x0000000002bd1190 code [0x0000000002bd12e0, 0x0000000002bd1450]
Event: 8.928 Thread 0x0000000016233800 1702       2       com.android.dx.ssa.InterferenceRegisterMapper::areAnyPinned (81 bytes)
Event: 8.929 Thread 0x0000000016233800 nmethod 1702 0x0000000002bd0950 code [0x0000000002bd0ae0, 0x0000000002bd0e38]
Event: 8.935 Thread 0x0000000016233800 1703       2       com.android.dx.ssa.back.FirstFitLocalCombiningAllocator::isEven (12 bytes)
Event: 8.935 Thread 0x0000000016233800 nmethod 1703 0x0000000002bd0610 code [0x0000000002bd0760, 0x0000000002bd08b0]
Event: 8.942 Thread 0x0000000016233800 1705       2       com.android.dx.rop.code.CstInsn::contentEquals (31 bytes)
Event: 8.942 Thread 0x0000000016233800 nmethod 1705 0x0000000002bd0190 code [0x0000000002bd0300, 0x0000000002bd0518]
Event: 9.040 Thread 0x0000000016231000 nmethod 1627 0x0000000002bdbad0 code [0x0000000002bdbd20, 0x0000000002bddaa8]
Event: 9.041 Thread 0x0000000016231000 1618   !   4       com.android.dx.cf.code.RopperMachine::run (1550 bytes)

GC Heap History (8 events):
Event: 2.016 GC heap before
{Heap before GC invocations=1 (full 0):
 PSYoungGen      total 18944K, used 16384K [0x00000000eab00000, 0x00000000ec000000, 0x0000000100000000)
  eden space 16384K, 100% used [0x00000000eab00000,0x00000000ebb00000,0x00000000ebb00000)
  from space 2560K, 0% used [0x00000000ebd80000,0x00000000ebd80000,0x00000000ec000000)
  to   space 2560K, 0% used [0x00000000ebb00000,0x00000000ebb00000,0x00000000ebd80000)
 ParOldGen       total 44032K, used 0K [0x00000000c0000000, 0x00000000c2b00000, 0x00000000eab00000)
  object space 44032K, 0% used [0x00000000c0000000,0x00000000c0000000,0x00000000c2b00000)
 Metaspace       used 5619K, capacity 6544K, committed 6784K, reserved 1056768K
  class space    used 567K, capacity 584K, committed 640K, reserved 1048576K
Event: 2.211 GC heap after
Heap after GC invocations=1 (full 0):
 PSYoungGen      total 18944K, used 2533K [0x00000000eab00000, 0x00000000ed000000, 0x0000000100000000)
  eden space 16384K, 0% used [0x00000000eab00000,0x00000000eab00000,0x00000000ebb00000)
  from space 2560K, 98% used [0x00000000ebb00000,0x00000000ebd794c0,0x00000000ebd80000)
  to   space 2560K, 0% used [0x00000000ecd80000,0x00000000ecd80000,0x00000000ed000000)
 ParOldGen       total 44032K, used 3430K [0x00000000c0000000, 0x00000000c2b00000, 0x00000000eab00000)
  object space 44032K, 7% used [0x00000000c0000000,0x00000000c0359928,0x00000000c2b00000)
 Metaspace       used 5619K, capacity 6544K, committed 6784K, reserved 1056768K
  class space    used 567K, capacity 584K, committed 640K, reserved 1048576K
}
Event: 3.456 GC heap before
{Heap before GC invocations=2 (full 0):
 PSYoungGen      total 18944K, used 18917K [0x00000000eab00000, 0x00000000ed000000, 0x0000000100000000)
  eden space 16384K, 100% used [0x00000000eab00000,0x00000000ebb00000,0x00000000ebb00000)
  from space 2560K, 98% used [0x00000000ebb00000,0x00000000ebd794c0,0x00000000ebd80000)
  to   space 2560K, 0% used [0x00000000ecd80000,0x00000000ecd80000,0x00000000ed000000)
 ParOldGen       total 44032K, used 3430K [0x00000000c0000000, 0x00000000c2b00000, 0x00000000eab00000)
  object space 44032K, 7% used [0x00000000c0000000,0x00000000c0359928,0x00000000c2b00000)
 Metaspace       used 5885K, capacity 6832K, committed 7040K, reserved 1056768K
  class space    used 570K, capacity 616K, committed 640K, reserved 1048576K
Event: 3.966 GC heap after
Heap after GC invocations=2 (full 0):
 PSYoungGen      total 35328K, used 2536K [0x00000000eab00000, 0x00000000ed000000, 0x0000000100000000)
  eden space 32768K, 0% used [0x00000000eab00000,0x00000000eab00000,0x00000000ecb00000)
  from space 2560K, 99% used [0x00000000ecd80000,0x00000000ecffa020,0x00000000ed000000)
  to   space 2560K, 0% used [0x00000000ecb00000,0x00000000ecb00000,0x00000000ecd80000)
 ParOldGen       total 44032K, used 5879K [0x00000000c0000000, 0x00000000c2b00000, 0x00000000eab00000)
  object space 44032K, 13% used [0x00000000c0000000,0x00000000c05bdd20,0x00000000c2b00000)
 Metaspace       used 5885K, capacity 6832K, committed 7040K, reserved 1056768K
  class space    used 570K, capacity 616K, committed 640K, reserved 1048576K
}
Event: 6.640 GC heap before
{Heap before GC invocations=3 (full 0):
 PSYoungGen      total 35328K, used 35304K [0x00000000eab00000, 0x00000000ed000000, 0x0000000100000000)
  eden space 32768K, 100% used [0x00000000eab00000,0x00000000ecb00000,0x00000000ecb00000)
  from space 2560K, 99% used [0x00000000ecd80000,0x00000000ecffa020,0x00000000ed000000)
  to   space 2560K, 0% used [0x00000000ecb00000,0x00000000ecb00000,0x00000000ecd80000)
 ParOldGen       total 44032K, used 5879K [0x00000000c0000000, 0x00000000c2b00000, 0x00000000eab00000)
  object space 44032K, 13% used [0x00000000c0000000,0x00000000c05bdd20,0x00000000c2b00000)
 Metaspace       used 6121K, capacity 7024K, committed 7296K, reserved 1056768K
  class space    used 573K, capacity 616K, committed 640K, reserved 1048576K
Event: 7.023 GC heap after
Heap after GC invocations=3 (full 0):
 PSYoungGen      total 35328K, used 2528K [0x00000000eab00000, 0x00000000ef000000, 0x0000000100000000)
  eden space 32768K, 0% used [0x00000000eab00000,0x00000000eab00000,0x00000000ecb00000)
  from space 2560K, 98% used [0x00000000ecb00000,0x00000000ecd78010,0x00000000ecd80000)
  to   space 2560K, 0% used [0x00000000eed80000,0x00000000eed80000,0x00000000ef000000)
 ParOldGen       total 44032K, used 10984K [0x00000000c0000000, 0x00000000c2b00000, 0x00000000eab00000)
  object space 44032K, 24% used [0x00000000c0000000,0x00000000c0aba318,0x00000000c2b00000)
 Metaspace       used 6121K, capacity 7024K, committed 7296K, reserved 1056768K
  class space    used 573K, capacity 616K, committed 640K, reserved 1048576K
}
Event: 8.400 GC heap before
{Heap before GC invocations=4 (full 0):
 PSYoungGen      total 35328K, used 35296K [0x00000000eab00000, 0x00000000ef000000, 0x0000000100000000)
  eden space 32768K, 100% used [0x00000000eab00000,0x00000000ecb00000,0x00000000ecb00000)
  from space 2560K, 98% used [0x00000000ecb00000,0x00000000ecd78010,0x00000000ecd80000)
  to   space 2560K, 0% used [0x00000000eed80000,0x00000000eed80000,0x00000000ef000000)
 ParOldGen       total 44032K, used 10984K [0x00000000c0000000, 0x00000000c2b00000, 0x00000000eab00000)
  object space 44032K, 24% used [0x00000000c0000000,0x00000000c0aba318,0x00000000c2b00000)
 Metaspace       used 6261K, capacity 7030K, committed 7296K, reserved 1056768K
  class space    used 594K, capacity 622K, committed 640K, reserved 1048576K
Event: 8.619 GC heap after
Heap after GC invocations=4 (full 0):
 PSYoungGen      total 68096K, used 2560K [0x00000000eab00000, 0x00000000ef000000, 0x0000000100000000)
  eden space 65536K, 0% used [0x00000000eab00000,0x00000000eab00000,0x00000000eeb00000)
  from space 2560K, 100% used [0x00000000eed80000,0x00000000ef000000,0x00000000ef000000)
  to   space 2560K, 0% used [0x00000000eeb00000,0x00000000eeb00000,0x00000000eed80000)
 ParOldGen       total 44032K, used 16020K [0x00000000c0000000, 0x00000000c2b00000, 0x00000000eab00000)
  object space 44032K, 36% used [0x00000000c0000000,0x00000000c0fa5218,0x00000000c2b00000)
 Metaspace       used 6261K, capacity 7030K, committed 7296K, reserved 1056768K
  class space    used 594K, capacity 622K, committed 640K, reserved 1048576K
}

Deoptimization events (10 events):
Event: 5.151 Thread 0x000000001645e000 Uncommon trap: reason=unstable_if action=reinterpret pc=0x0000000002791bbc method=java.util.HashMap.getNode(ILjava/lang/Object;)Ljava/util/HashMap$Node; @ 84
Event: 7.118 Thread 0x00000000023c0800 Uncommon trap: reason=unstable_if action=reinterpret pc=0x0000000002613514 method=java.util.regex.Pattern$BnM.optimize(Ljava/util/regex/Pattern$Node;)Ljava/util/regex/Pattern$Node; @ 22
Event: 7.118 Thread 0x00000000023c0800 Uncommon trap: reason=class_check action=maybe_recompile pc=0x0000000002610b50 method=java.util.regex.Matcher.search(I)Z @ 86
Event: 7.118 Thread 0x00000000023c0800 Uncommon trap: reason=unstable_if action=reinterpret pc=0x0000000002610b94 method=java.util.regex.Matcher.search(I)Z @ 30
Event: 7.965 Thread 0x00000000023c0800 Uncommon trap: reason=unloaded action=reinterpret pc=0x0000000002a2e504 method=com.android.dx.cf.cst.ConstantPoolParser.parse0(ILjava/util/BitSet;)Lcom/android/dx/rop/cst/Constant; @ 198
Event: 7.985 Thread 0x000000001645e000 Uncommon trap: reason=uninitialized action=reinterpret pc=0x0000000002a9b0c0 method=com.android.dx.cf.code.BytecodeArray.parseInstruction(ILcom/android/dx/cf/code/BytecodeArray$Visitor;)I @ 999
Event: 7.985 Thread 0x000000001645e000 Uncommon trap: reason=unstable_if action=reinterpret pc=0x0000000002822030 method=java.util.HashMap.putVal(ILjava/lang/Object;Ljava/lang/Object;ZZ)Ljava/lang/Object; @ 162
Event: 8.770 Thread 0x000000001645e000 Uncommon trap: reason=unstable_if action=reinterpret pc=0x0000000002a072f4 method=com.android.dx.ssa.SCCP.simulateStmt(Lcom/android/dx/ssa/SsaInsn;)V @ 59
Event: 8.893 Thread 0x000000001645a800 Uncommon trap: reason=unstable_if action=reinterpret pc=0x000000000292557c method=com.android.dx.util.IntList.binarysearch(I)I @ 105
Event: 8.893 Thread 0x000000001645a800 Uncommon trap: reason=unstable_if action=reinterpret pc=0x0000000002b2fa2c method=com.android.dx.ssa.SsaBasicBlock.newFromRop(Lcom/android/dx/rop/code/RopMethod;ILcom/android/dx/ssa/SsaMethod;)Lcom/android/dx/ssa/SsaBasicBlock; @ 164

Internal exceptions (5 events):
Event: 0.115 Thread 0x00000000023c0800 Exception <a 'java/lang/NoSuchMethodError': Method sun.misc.Unsafe.defineClass(Ljava/lang/String;[BII)Ljava/lang/Class; name or signature does not match> (0x00000000eab07cc0) thrown at [C:\src\android\AOSP-openjdk\external\jetbrains\jdk\hotspot\src\share\v¨ÔﬁlΩ?
Event: 0.115 Thread 0x00000000023c0800 Exception <a 'java/lang/NoSuchMethodError': Method sun.misc.Unsafe.prefetchRead(Ljava/lang/Object;J)V name or signature does not match> (0x00000000eab07fa8) thrown at [C:\src\android\AOSP-openjdk\external\jetbrains\jdk\hotspot\src\share\vm\prims\jni.cpp, l(Åq÷ë @
Event: 8.285 Thread 0x000000001645e000 Exception <a 'java/lang/ArrayIndexOutOfBoundsException': 18> (0x00000000ec5b7380) thrown at [C:\src\android\AOSP-openjdk\external\jetbrains\jdk\hotspot\src\share\vm\interpreter\interpreterRuntime.cpp, line 366]
Event: 8.286 Thread 0x000000001645e000 Exception <a 'java/lang/ArrayIndexOutOfBoundsException'> (0x00000000ec5b8f00) thrown at [C:\src\android\AOSP-openjdk\external\jetbrains\jdk\hotspot\src\share\vm\runtime\sharedRuntime.cpp, line 605]
Event: 8.287 Thread 0x000000001645e000 Exception <a 'java/lang/ArrayIndexOutOfBoundsException'> (0x00000000ec5ba1e8) thrown at [C:\src\android\AOSP-openjdk\external\jetbrains\jdk\hotspot\src\share\vm\runtime\sharedRuntime.cpp, line 605]

Events (10 events):
Event: 8.893 Thread 0x000000001645a800 DEOPT PACKING pc=0x000000000292557c sp=0x0000000016ade9a0
Event: 8.893 Thread 0x000000001645a800 DEOPT UNPACKING pc=0x000000000250556a sp=0x0000000016ade918 mode 2
Event: 8.893 Thread 0x000000001645a800 Uncommon trap: trap_request=0xffffff65 fr.pc=0x0000000002b2fa2c
Event: 8.893 Thread 0x000000001645a800 DEOPT PACKING pc=0x0000000002b2fa2c sp=0x0000000016adea30
Event: 8.893 Thread 0x000000001645a800 DEOPT UNPACKING pc=0x000000000250556a sp=0x0000000016adea48 mode 2
Event: 8.924 loading class java/util/HashMap$KeySet
Event: 8.924 loading class java/util/HashMap$KeySet done
Event: 8.924 loading class java/util/HashMap$KeyIterator
Event: 8.924 loading class java/util/HashMap$KeyIterator done
Event: 8.924 Thread 0x0000000016468800 Thread exited: 0x0000000016468800


Dynamic libraries:
0x00007ff7211f0000 - 0x00007ff721221000 	C:\Program Files\Android\Android Studio\jre\bin\java.exe
0x00007ff81a820000 - 0x00007ff81a9c9000 	C:\Windows\SYSTEM32\ntdll.dll
0x00007ff81a630000 - 0x00007ff81a769000 	C:\Windows\system32\KERNEL32.DLL
0x00007ff817d70000 - 0x00007ff817e7e000 	C:\Windows\system32\KERNELBASE.dll
0x00007ff81a770000 - 0x00007ff81a815000 	C:\Windows\system32\ADVAPI32.dll
0x00007ff818440000 - 0x00007ff8185b1000 	C:\Windows\system32\USER32.dll
0x00007ff815db0000 - 0x00007ff81600a000 	C:\Windows\WinSxS\amd64_microsoft.windows.common-controls_6595b64144ccf1df_6.0.9600.16384_none_62475f7becb72503\COMCTL32.dll
0x00007ff818390000 - 0x00007ff818437000 	C:\Windows\system32\msvcrt.dll
0x00007ff818eb0000 - 0x00007ff818f07000 	C:\Windows\SYSTEM32\sechost.dll
0x00007ff8180b0000 - 0x00007ff8181e6000 	C:\Windows\system32\RPCRT4.dll
0x00007ff818920000 - 0x00007ff818a65000 	C:\Windows\system32\GDI32.dll
0x00007ff818880000 - 0x00007ff8188b4000 	C:\Windows\system32\IMM32.DLL
0x00007ff818f20000 - 0x00007ff819059000 	C:\Windows\system32\MSCTF.dll
0x0000000069600000 - 0x00000000696d2000 	C:\Program Files\Android\Android Studio\jre\jre\bin\msvcr100.dll
0x00000000696e0000 - 0x0000000069f14000 	C:\Program Files\Android\Android Studio\jre\jre\bin\server\jvm.dll
0x00007ff811c00000 - 0x00007ff811c09000 	C:\Windows\SYSTEM32\WSOCK32.dll
0x00007ff814990000 - 0x00007ff8149af000 	C:\Windows\SYSTEM32\WINMM.dll
0x00007ff8149b0000 - 0x00007ff8149ba000 	C:\Windows\SYSTEM32\VERSION.dll
0x00007ff818d20000 - 0x00007ff818d27000 	C:\Windows\system32\PSAPI.DLL
0x00007ff819160000 - 0x00007ff8191b8000 	C:\Windows\system32\WS2_32.dll
0x00007ff814950000 - 0x00007ff81497a000 	C:\Windows\SYSTEM32\WINMMBASE.dll
0x00007ff818d10000 - 0x00007ff818d19000 	C:\Windows\system32\NSI.dll
0x00007ff817e80000 - 0x00007ff817eca000 	C:\Windows\SYSTEM32\cfgmgr32.dll
0x00007ff816a20000 - 0x00007ff816a46000 	C:\Windows\SYSTEM32\DEVOBJ.dll
0x00007ff80d3a0000 - 0x00007ff80d3af000 	C:\Program Files\Android\Android Studio\jre\jre\bin\verify.dll
0x00007ff80d0c0000 - 0x00007ff80d0e9000 	C:\Program Files\Android\Android Studio\jre\jre\bin\java.dll
0x00007ff80d0a0000 - 0x00007ff80d0b6000 	C:\Program Files\Android\Android Studio\jre\jre\bin\zip.dll
0x00007ff8191c0000 - 0x00007ff81a5cd000 	C:\Windows\system32\SHELL32.dll
0x00007ff8186a0000 - 0x00007ff818877000 	C:\Windows\SYSTEM32\combase.dll
0x00007ff81a5d0000 - 0x00007ff81a621000 	C:\Windows\system32\SHLWAPI.dll
0x00007ff8161f0000 - 0x00007ff816291000 	C:\Windows\SYSTEM32\SHCORE.dll
0x00007ff817ba0000 - 0x00007ff817bb4000 	C:\Windows\SYSTEM32\profapi.dll

VM Arguments:
jvm_args: -Djava.awt.headless=true -Xmx1024M -Dfile.encoding=GBK -Duser.country=CN -Duser.language=zh -Duser.variant 
java_command: com.android.dx.command.Main --dex --verbose --force-jumbo --num-threads=4 --output D:\Use_maps\app\build\intermediates\pre-dexed\debug\baidumapapi_map_v3_7_3_ab71599e39f7a205a8148c71872ba0997e9596a7.jar D:\Use_maps\app\libs\baidumapapi_map_v3_7_3.jar
java_class_path (initial): C:\Users\Administrator\AppData\Local\Android\sdk1\build-tools\24.0.3\lib\dx.jar
Launcher Type: SUN_STANDARD

Environment Variables:
JAVA_HOME=D:\java jdk
PATH=C:\ProgramData\Oracle\Java\javapath;C:\Windows\system32;C:\Windows;C:\Windows\System32\Wbem;C:\Windows\System32\WindowsPowerShell\v1.0\;D:\java jdk\bin
USERNAME=Administrator
OS=Windows_NT
PROCESSOR_IDENTIFIER=Intel64 Family 6 Model 69 Stepping 1, GenuineIntel



---------------  S Y S T E M  ---------------

OS: Windows 8.1 , 64 bit Build 9600 (6.3.9600.16656)

CPU:total 4 (2 cores per cpu, 2 threads per core) family 6 model 69 stepping 1, cmov, cx8, fxsr, mmx, sse, sse2, sse3, ssse3, sse4.1, sse4.2, popcnt, avx, avx2, aes, clmul, erms, lzcnt, ht, tsc, tscinvbit, bmi1, bmi2

Memory: 4k page, physical 4095976k(816560k free), swap 4095976k(6132k free)

vm_info: OpenJDK 64-Bit Server VM (25.76-b03) for windows-amd64 JRE (1.8.0_76-release-b03), built on Jun 29 2016 19:09:20 by "ralucas" with MS VC++ 10.0 (VS2010)

time: Sat Oct 15 14:12:27 2016
elapsed time: 9 seconds (0d 0h 0m 9s)

