#
# There is insufficient memory for the Java Runtime Environment to continue.
# Native memory allocation (malloc) failed to allocate 398256 bytes for Chunk::new
# Possible reasons:
#   The system is out of physical RAM or swap space
#   In 32 bit mode, the process size limit was hit
# Possible solutions:
#   Reduce memory load on the system
#   Increase physical memory or swap space
#   Check if swap backing store is full
#   Use 64 bit Java on a 64 bit OS
#   Decrease Java heap size (-Xmx/-Xms)
#   Decrease number of Java threads
#   Decrease Java thread stack sizes (-Xss)
#   Set larger code cache with -XX:ReservedCodeCacheSize=
# This output file may be truncated or incomplete.
#
#  Out of Memory Error (allocation.cpp:390), pid=848, tid=0x00000000000023b8
#
# JRE version: OpenJDK Runtime Environment (8.0_76-b03) (build 1.8.0_76-release-b03)
# Java VM: OpenJDK 64-Bit Server VM (25.76-b03 mixed mode windows-amd64 compressed oops)
# Failed to write core dump. Minidumps are not enabled by default on client versions of Windows
#

---------------  T H R E A D  ---------------

Current thread (0x00000000149cb800):  JavaThread "C2 CompilerThread0" daemon [_thread_in_native, id=9144, stack(0x0000000015f10000,0x0000000016010000)]

Stack: [0x0000000015f10000,0x0000000016010000]
[error occurred during error reporting (printing stack bounds), id 0xc0000005]

Native frames: (J=compiled Java code, j=interpreted, Vv=VM code, C=native code)


Current CompileTask:
C2:   3399 1122       4       com.android.dx.ssa.SCCP::simulateStmt (481 bytes)


---------------  P R O C E S S  ---------------

Java Threads: ( => current thread )
  0x00000000163a7000 JavaThread "pool-1-thread-4" [_thread_in_Java, id=7488, stack(0x0000000016c10000,0x0000000016d10000)]
  0x00000000163a6800 JavaThread "pool-1-thread-3" [_thread_in_Java, id=5716, stack(0x0000000016b10000,0x0000000016c10000)]
  0x000000001638c000 JavaThread "pool-1-thread-2" [_thread_blocked, id=3512, stack(0x0000000016a10000,0x0000000016b10000)]
  0x0000000016381800 JavaThread "pool-2-thread-1" [_thread_blocked, id=8136, stack(0x0000000016910000,0x0000000016a10000)]
  0x0000000016381000 JavaThread "pool-1-thread-1" [_thread_blocked, id=6640, stack(0x0000000016810000,0x0000000016910000)]
  0x000000001616f000 JavaThread "Service Thread" daemon [_thread_blocked, id=6676, stack(0x0000000016610000,0x0000000016710000)]
  0x0000000016165000 JavaThread "C1 CompilerThread2" daemon [_thread_in_native, id=9184, stack(0x0000000016510000,0x0000000016610000)]
  0x0000000014a1b000 JavaThread "C2 CompilerThread1" daemon [_thread_in_native, id=6088, stack(0x0000000016010000,0x0000000016110000)]
=>0x00000000149cb800 JavaThread "C2 CompilerThread0" daemon [_thread_in_native, id=9144, stack(0x0000000015f10000,0x0000000016010000)]
  0x00000000149ca000 JavaThread "Attach Listener" daemon [_thread_blocked, id=5032, stack(0x0000000015e10000,0x0000000015f10000)]
  0x0000000014a17800 JavaThread "Signal Dispatcher" daemon [_thread_blocked, id=7412, stack(0x0000000015d10000,0x0000000015e10000)]
  0x00000000022e6800 JavaThread "Finalizer" daemon [_thread_blocked, id=6864, stack(0x0000000015c10000,0x0000000015d10000)]
  0x00000000022e1000 JavaThread "Reference Handler" daemon [_thread_blocked, id=7296, stack(0x0000000015b10000,0x0000000015c10000)]
  0x00000000021f0800 JavaThread "main" [_thread_blocked, id=8372, stack(0x0000000001df0000,0x0000000001ef0000)]

Other Threads:
  0x0000000014984800 VMThread [stack: 0x0000000015a10000,0x0000000015b10000] [id=2932]
  0x0000000016171000 WatcherThread [stack: 0x0000000016710000,0x0000000016810000] [id=7992]

VM state:not at safepoint (normal execution)

VM Mutex/Monitor currently owned by a thread: None

Heap:
 PSYoungGen      total 18944K, used 7546K [0x00000000eab00000, 0x00000000ec000000, 0x0000000100000000)
  eden space 16384K, 30% used [0x00000000eab00000,0x00000000eafe1128,0x00000000ebb00000)
  from space 2560K, 99% used [0x00000000ebd80000,0x00000000ebffd708,0x00000000ec000000)
  to   space 2560K, 0% used [0x00000000ebb00000,0x00000000ebb00000,0x00000000ebd80000)
 ParOldGen       total 44032K, used 6001K [0x00000000c0000000, 0x00000000c2b00000, 0x00000000eab00000)
  object space 44032K, 13% used [0x00000000c0000000,0x00000000c05dc6a0,0x00000000c2b00000)
 Metaspace       used 5909K, capacity 6832K, committed 7040K, reserved 1056768K
  class space    used 570K, capacity 616K, committed 640K, reserved 1048576K

Card table byte_map: [0x00000000116b0000,0x00000000118c0000] byte_map_base: 0x00000000110b0000

Marking Bits: (ParMarkBitMap*) 0x0000000069e99d00
 Begin Bits: [0x0000000011e20000, 0x0000000012e20000)
 End Bits:   [0x0000000012e20000, 0x0000000013e20000)

Polling page: 0x0000000001d10000

CodeCache: size=245760Kb used=4542Kb max_used=4542Kb free=241217Kb
 bounds [0x00000000022f0000, 0x0000000002770000, 0x00000000112f0000]
 total_blobs=1400 nmethods=1131 adapters=183
 compilation: enabled

Compilation events (10 events):
Event: 3.355 Thread 0x0000000014a1b000 1124       4       java.util.ArrayList$SubList::<init> (46 bytes)
Event: 3.356 Thread 0x0000000014a1b000 nmethod 1124 0x0000000002733950 code [0x0000000002733a80, 0x0000000002733b18]
Event: 3.356 Thread 0x0000000014a1b000 1121       4       com.android.dx.rop.code.RopMethod::labelToPredecessors (54 bytes)
Event: 3.393 Thread 0x0000000016165000 1134       3       com.android.dx.ssa.DeadCodeRemover::run (194 bytes)
Event: 3.396 Thread 0x0000000016165000 nmethod 1134 0x0000000002759110 code [0x0000000002759480, 0x000000000275b208]
Event: 3.396 Thread 0x0000000016165000 1154       1       com.android.dx.rop.code.Insn$BaseVisitor::visitThrowingCstInsn (1 bytes)
Event: 3.396 Thread 0x0000000016165000 nmethod 1154 0x0000000002758e50 code [0x0000000002758fa0, 0x00000000027590b0]
Event: 3.396 Thread 0x0000000016165000 1139       3       com.android.dx.rop.type.Prototype::makeParameterArray (131 bytes)
Event: 3.397 Thread 0x0000000016165000 nmethod 1139 0x000000000275e3d0 code [0x000000000275e600, 0x000000000275f1d8]
Event: 3.397 Thread 0x0000000016165000 1153       3       com.android.dx.rop.code.LocalVariableExtractor::doit (49 bytes)

GC Heap History (4 events):
Event: 2.200 GC heap before
{Heap before GC invocations=1 (full 0):
 PSYoungGen      total 18944K, used 16384K [0x00000000eab00000, 0x00000000ec000000, 0x0000000100000000)
  eden space 16384K, 100% used [0x00000000eab00000,0x00000000ebb00000,0x00000000ebb00000)
  from space 2560K, 0% used [0x00000000ebd80000,0x00000000ebd80000,0x00000000ec000000)
  to   space 2560K, 0% used [0x00000000ebb00000,0x00000000ebb00000,0x00000000ebd80000)
 ParOldGen       total 44032K, used 0K [0x00000000c0000000, 0x00000000c2b00000, 0x00000000eab00000)
  object space 44032K, 0% used [0x00000000c0000000,0x00000000c0000000,0x00000000c2b00000)
 Metaspace       used 5615K, capacity 6544K, committed 6784K, reserved 1056768K
  class space    used 567K, capacity 584K, committed 640K, reserved 1048576K
Event: 2.355 GC heap after
Heap after GC invocations=1 (full 0):
 PSYoungGen      total 18944K, used 2553K [0x00000000eab00000, 0x00000000ec000000, 0x0000000100000000)
  eden space 16384K, 0% used [0x00000000eab00000,0x00000000eab00000,0x00000000ebb00000)
  from space 2560K, 99% used [0x00000000ebb00000,0x00000000ebd7e448,0x00000000ebd80000)
  to   space 2560K, 0% used [0x00000000ebd80000,0x00000000ebd80000,0x00000000ec000000)
 ParOldGen       total 44032K, used 3645K [0x00000000c0000000, 0x00000000c2b00000, 0x00000000eab00000)
  object space 44032K, 8% used [0x00000000c0000000,0x00000000c038f6f0,0x00000000c2b00000)
 Metaspace       used 5615K, capacity 6544K, committed 6784K, reserved 1056768K
  class space    used 567K, capacity 584K, committed 640K, reserved 1048576K
}
Event: 3.327 GC heap before
{Heap before GC invocations=2 (full 0):
 PSYoungGen      total 18944K, used 18937K [0x00000000eab00000, 0x00000000ec000000, 0x0000000100000000)
  eden space 16384K, 100% used [0x00000000eab00000,0x00000000ebb00000,0x00000000ebb00000)
  from space 2560K, 99% used [0x00000000ebb00000,0x00000000ebd7e448,0x00000000ebd80000)
  to   space 2560K, 0% used [0x00000000ebd80000,0x00000000ebd80000,0x00000000ec000000)
 ParOldGen       total 44032K, used 3645K [0x00000000c0000000, 0x00000000c2b00000, 0x00000000eab00000)
  object space 44032K, 8% used [0x00000000c0000000,0x00000000c038f6f0,0x00000000c2b00000)
 Metaspace       used 5890K, capacity 6832K, committed 7040K, reserved 1056768K
  class space    used 570K, capacity 616K, committed 640K, reserved 1048576K
Event: 3.353 GC heap after
Heap after GC invocations=2 (full 0):
 PSYoungGen      total 18944K, used 2549K [0x00000000eab00000, 0x00000000ec000000, 0x0000000100000000)
  eden space 16384K, 0% used [0x00000000eab00000,0x00000000eab00000,0x00000000ebb00000)
  from space 2560K, 99% used [0x00000000ebd80000,0x00000000ebffd708,0x00000000ec000000)
  to   space 2560K, 0% used [0x00000000ebb00000,0x00000000ebb00000,0x00000000ebd80000)
 ParOldGen       total 44032K, used 6001K [0x00000000c0000000, 0x00000000c2b00000, 0x00000000eab00000)
  object space 44032K, 13% used [0x00000000c0000000,0x00000000c05dc6a0,0x00000000c2b00000)
 Metaspace       used 5890K, capacity 6832K, committed 7040K, reserved 1056768K
  class space    used 570K, capacity 616K, committed 640K, reserved 1048576K
}

Deoptimization events (3 events):
Event: 0.492 Thread 0x00000000021f0800 Uncommon trap: reason=unstable_if action=reinterpret pc=0x0000000002434210 method=java.lang.String.indexOf(II)I @ 49
Event: 1.682 Thread 0x00000000021f0800 Uncommon trap: reason=unstable_if action=reinterpret pc=0x0000000002523ec8 method=java.util.HashMap.getNode(ILjava/lang/Object;)Ljava/util/HashMap$Node; @ 129
Event: 2.546 Thread 0x0000000016381000 Uncommon trap: reason=unstable_if action=reinterpret pc=0x0000000002549034 method=java.util.BitSet.ensureCapacity(I)V @ 6

Internal exceptions (2 events):
Event: 0.066 Thread 0x00000000021f0800 Exception <a 'java/lang/NoSuchMethodError': Method sun.misc.Unsafe.defineClass(Ljava/lang/String;[BII)Ljava/lang/Class; name or signature does not match> (0x00000000eab07cc0) thrown at [C:\src\android\AOSP-openjdk\external\jetbrains\jdk\hotspot\src\share\vªqf∏‰‹∞?
Event: 0.066 Thread 0x00000000021f0800 Exception <a 'java/lang/NoSuchMethodError': Method sun.misc.Unsafe.prefetchRead(Ljava/lang/Object;J)V name or signature does not match> (0x00000000eab07fa8) thrown at [C:\src\android\AOSP-openjdk\external\jetbrains\jdk\hotspot\src\share\vm\prims\jni.cpp, l

Events (10 events):
Event: 2.451 loading class java/util/DualPivotQuicksort done
Event: 2.546 Thread 0x0000000016381000 Uncommon trap: trap_request=0xffffff65 fr.pc=0x0000000002549034
Event: 2.546 Thread 0x0000000016381000 DEOPT PACKING pc=0x0000000002549034 sp=0x000000001690e550
Event: 2.546 Thread 0x0000000016381000 DEOPT UNPACKING pc=0x000000000233556a sp=0x000000001690e438 mode 2
Event: 2.710 loading class com/android/dx/cf/code/SwitchList
Event: 2.710 loading class com/android/dx/cf/code/SwitchList done
Event: 2.875 Executing VM operation: ForceSafepoint
Event: 3.106 Executing VM operation: ForceSafepoint done
Event: 3.218 Executing VM operation: ParallelGCFailedAllocation
Event: 3.353 Executing VM operation: ParallelGCFailedAllocation done


Dynamic libraries:
0x00007ff7211f0000 - 0x00007ff721221000 	C:\Program Files\Android\Android Studio\jre\bin\java.exe
0x00007ff81a820000 - 0x00007ff81a9c9000 	C:\Windows\SYSTEM32\ntdll.dll
0x00007ff81a630000 - 0x00007ff81a769000 	C:\Windows\system32\KERNEL32.DLL
0x00007ff817d70000 - 0x00007ff817e7e000 	C:\Windows\system32\KERNELBASE.dll
0x00007ff81a770000 - 0x00007ff81a815000 	C:\Windows\system32\ADVAPI32.dll
0x00007ff818440000 - 0x00007ff8185b1000 	C:\Windows\system32\USER32.dll
0x00007ff815db0000 - 0x00007ff81600a000 	C:\Windows\WinSxS\amd64_microsoft.windows.common-controls_6595b64144ccf1df_6.0.9600.16384_none_62475f7becb72503\COMCTL32.dll
0x00007ff818390000 - 0x00007ff818437000 	C:\Windows\system32\msvcrt.dll
0x00007ff818eb0000 - 0x00007ff818f07000 	C:\Windows\SYSTEM32\sechost.dll
0x00007ff8180b0000 - 0x00007ff8181e6000 	C:\Windows\system32\RPCRT4.dll
0x00007ff818920000 - 0x00007ff818a65000 	C:\Windows\system32\GDI32.dll
0x00007ff818880000 - 0x00007ff8188b4000 	C:\Windows\system32\IMM32.DLL
0x00007ff818f20000 - 0x00007ff819059000 	C:\Windows\system32\MSCTF.dll
0x0000000069600000 - 0x00000000696d2000 	C:\Program Files\Android\Android Studio\jre\jre\bin\msvcr100.dll
0x00000000696e0000 - 0x0000000069f14000 	C:\Program Files\Android\Android Studio\jre\jre\bin\server\jvm.dll
0x00007ff811c00000 - 0x00007ff811c09000 	C:\Windows\SYSTEM32\WSOCK32.dll
0x00007ff814990000 - 0x00007ff8149af000 	C:\Windows\SYSTEM32\WINMM.dll
0x00007ff8149b0000 - 0x00007ff8149ba000 	C:\Windows\SYSTEM32\VERSION.dll
0x00007ff818d20000 - 0x00007ff818d27000 	C:\Windows\system32\PSAPI.DLL
0x00007ff819160000 - 0x00007ff8191b8000 	C:\Windows\system32\WS2_32.dll
0x00007ff814950000 - 0x00007ff81497a000 	C:\Windows\SYSTEM32\WINMMBASE.dll
0x00007ff818d10000 - 0x00007ff818d19000 	C:\Windows\system32\NSI.dll
0x00007ff817e80000 - 0x00007ff817eca000 	C:\Windows\SYSTEM32\cfgmgr32.dll
0x00007ff816a20000 - 0x00007ff816a46000 	C:\Windows\SYSTEM32\DEVOBJ.dll
0x00007ff80d3a0000 - 0x00007ff80d3af000 	C:\Program Files\Android\Android Studio\jre\jre\bin\verify.dll
0x00007ff80d0c0000 - 0x00007ff80d0e9000 	C:\Program Files\Android\Android Studio\jre\jre\bin\java.dll
0x00007ff80d0a0000 - 0x00007ff80d0b6000 	C:\Program Files\Android\Android Studio\jre\jre\bin\zip.dll
0x00007ff8191c0000 - 0x00007ff81a5cd000 	C:\Windows\system32\SHELL32.dll
0x00007ff8186a0000 - 0x00007ff818877000 	C:\Windows\SYSTEM32\combase.dll
0x00007ff81a5d0000 - 0x00007ff81a621000 	C:\Windows\system32\SHLWAPI.dll
0x00007ff8161f0000 - 0x00007ff816291000 	C:\Windows\SYSTEM32\SHCORE.dll
0x00007ff817ba0000 - 0x00007ff817bb4000 	C:\Windows\SYSTEM32\profapi.dll

VM Arguments:
jvm_args: -Djava.awt.headless=true -Xmx1024M -Dfile.encoding=GBK -Duser.country=CN -Duser.language=zh -Duser.variant 
java_command: com.android.dx.command.Main --dex --num-threads=4 --output D:\Use_maps\app\build\intermediates\pre-dexed\debug\baidumapapi_map_v3_7_3_ab71599e39f7a205a8148c71872ba0997e9596a7.jar D:\Use_maps\app\libs\baidumapapi_map_v3_7_3.jar
java_class_path (initial): C:\Users\Administrator\AppData\Local\Android\sdk1\build-tools\24.0.3\lib\dx.jar
Launcher Type: SUN_STANDARD

Environment Variables:
JAVA_HOME=D:\java jdk
PATH=C:\ProgramData\Oracle\Java\javapath;C:\Windows\system32;C:\Windows;C:\Windows\System32\Wbem;C:\Windows\System32\WindowsPowerShell\v1.0\;D:\java jdk\bin
USERNAME=Administrator
OS=Windows_NT
PROCESSOR_IDENTIFIER=Intel64 Family 6 Model 69 Stepping 1, GenuineIntel



---------------  S Y S T E M  ---------------

OS: Windows 8.1 , 64 bit Build 9600 (6.3.9600.16656)

CPU:total 4 (2 cores per cpu, 2 threads per core) family 6 model 69 stepping 1, cmov, cx8, fxsr, mmx, sse, sse2, sse3, ssse3, sse4.1, sse4.2, popcnt, avx, avx2, aes, clmul, erms, lzcnt, ht, tsc, tscinvbit, bmi1, bmi2

Memory: 4k page, physical 4095976k(821288k free), swap 4095976k(5152k free)

vm_info: OpenJDK 64-Bit Server VM (25.76-b03) for windows-amd64 JRE (1.8.0_76-release-b03), built on Jun 29 2016 19:09:20 by "ralucas" with MS VC++ 10.0 (VS2010)

time: Sat Oct 15 14:07:57 2016
elapsed time: 3 seconds (0d 0h 0m 3s)

